<?xml version="1.0" encoding="UTF-8"?>
<!-- Generated by org.testng.reporters.JUnitXMLReporter -->
<testsuite ignored="10" hostname="DESKTOP-BG83L86" failures="0" tests="1" name="Default test" time="4.177" errors="0" timestamp="2023-12-16T14:02:29 IST">
  <testcase classname="testcases.StatusFolder" name="verifyAddStatusWithAuthorization" time="3.574"/>
  <testcase classname="testcases.StatusFolder" name="updateStatusWithoutGivingStatusId" time="0.0">
    <ignored/>
  </testcase> <!-- updateStatusWithoutGivingStatusId -->
  <testcase classname="testcases.StatusFolder" name="updateStatusByGivingNonExistingStatusId" time="0.0">
    <ignored/>
  </testcase> <!-- updateStatusByGivingNonExistingStatusId -->
  <testcase classname="testcases.StatusFolder" name="verifyAddStatusWithoutAuthorization" time="0.0">
    <ignored/>
  </testcase> <!-- verifyAddStatusWithoutAuthorization -->
  <testcase classname="testcases.StatusFolder" name="verifyGetAllStatusWithAuthorization" time="0.0">
    <ignored/>
  </testcase> <!-- verifyGetAllStatusWithAuthorization -->
  <testcase classname="testcases.StatusFolder" name="addStatusWithInvalidPayload" time="0.0">
    <ignored/>
  </testcase> <!-- addStatusWithInvalidPayload -->
  <testcase classname="testcases.StatusFolder" name="deleteSingleStatusWithoutAuthorization" time="0.0">
    <ignored/>
  </testcase> <!-- deleteSingleStatusWithoutAuthorization -->
  <testcase classname="testcases.StatusFolder" name="verifyGetAllStatusWithoutAuthorization" time="0.0">
    <ignored/>
  </testcase> <!-- verifyGetAllStatusWithoutAuthorization -->
  <testcase classname="testcases.StatusFolder" name="verifyUpdateStatusWithoutAuthorization" time="0.0">
    <ignored/>
  </testcase> <!-- verifyUpdateStatusWithoutAuthorization -->
  <testcase classname="testcases.StatusFolder" name="addStatusWithSameStatusLevelInPayloadAsPrevious" time="0.0">
    <ignored/>
  </testcase> <!-- addStatusWithSameStatusLevelInPayloadAsPrevious -->
  <testcase classname="testcases.StatusFolder" name="deleteSingleStatusWithInvalidStatusName" time="0.0">
    <ignored/>
  </testcase> <!-- deleteSingleStatusWithInvalidStatusName -->
</testsuite> <!-- Default test -->
