<?xml version="1.0" encoding="UTF-8"?>
<!-- Generated by org.testng.reporters.JUnitXMLReporter -->
<testsuite ignored="10" hostname="DESKTOP-BG83L86" failures="0" tests="1" name="Default test" time="5.084" errors="0" timestamp="2023-12-16T14:29:54 IST">
  <testcase classname="testcases.RegularTaskFolder" name="verifyGetAllRegularTaskWithAuthorization" time="4.283"/>
  <testcase classname="testcases.RegularTaskFolder" name="verifyAddRegularTaskWithoutAuthorization" time="0.0">
    <ignored/>
  </testcase> <!-- verifyAddRegularTaskWithoutAuthorization -->
  <testcase classname="testcases.RegularTaskFolder" name="verifyGetAllRegularTaskForEmployeeWithoutAuthorization" time="0.0">
    <ignored/>
  </testcase> <!-- verifyGetAllRegularTaskForEmployeeWithoutAuthorization -->
  <testcase classname="testcases.RegularTaskFolder" name="verifyAddRegularTaskWithAuthorization" time="0.0">
    <ignored/>
  </testcase> <!-- verifyAddRegularTaskWithAuthorization -->
  <testcase classname="testcases.RegularTaskFolder" name="deleteSingleRegularTaskWithInvalidRegularTaskId" time="0.0">
    <ignored/>
  </testcase> <!-- deleteSingleRegularTaskWithInvalidRegularTaskId -->
  <testcase classname="testcases.RegularTaskFolder" name="addRegularTaskWithInvalidPayload" time="0.0">
    <ignored/>
  </testcase> <!-- addRegularTaskWithInvalidPayload -->
  <testcase classname="testcases.RegularTaskFolder" name="verifyGetAllRegularTaskWithInvalidEmployeeId" time="0.0">
    <ignored/>
  </testcase> <!-- verifyGetAllRegularTaskWithInvalidEmployeeId -->
  <testcase classname="testcases.RegularTaskFolder" name="updateStatusByGivingNonExistingRegularTaskId" time="0.0">
    <ignored/>
  </testcase> <!-- updateStatusByGivingNonExistingRegularTaskId -->
  <testcase classname="testcases.RegularTaskFolder" name="updateStatusWithoutGivingRegularTaskId" time="0.0">
    <ignored/>
  </testcase> <!-- updateStatusWithoutGivingRegularTaskId -->
  <testcase classname="testcases.RegularTaskFolder" name="verifyUpdateRegularTaskWithoutAuthorization" time="0.0">
    <ignored/>
  </testcase> <!-- verifyUpdateRegularTaskWithoutAuthorization -->
  <testcase classname="testcases.RegularTaskFolder" name="deleteSingleStatusWithoutAuthorization" time="0.0">
    <ignored/>
  </testcase> <!-- deleteSingleStatusWithoutAuthorization -->
</testsuite> <!-- Default test -->
