<?xml version="1.0" encoding="UTF-8"?>
<!-- Generated by org.testng.reporters.JUnitXMLReporter -->
<testsuite ignored="6" hostname="DESKTOP-BG83L86" failures="0" tests="0" name="Default test" time="0.016" errors="0" timestamp="2023-12-16T09:45:38 IST">
  <testcase classname="testcases.ProjectFolder" name="verifyAddProjectWithoutAuthorization" time="0.0">
    <ignored/>
  </testcase> <!-- verifyAddProjectWithoutAuthorization -->
  <testcase classname="testcases.ProjectFolder" name="addProjectWithInvalidPayload" time="0.0">
    <ignored/>
  </testcase> <!-- addProjectWithInvalidPayload -->
  <testcase classname="testcases.ProjectFolder" name="addProjectWithoutGivingProjectStartDateInPayload" time="0.0">
    <ignored/>
  </testcase> <!-- addProjectWithoutGivingProjectStartDateInPayload -->
  <testcase classname="testcases.ProjectFolder" name="verifyGetAllProjectWithoutAuthorization" time="0.0">
    <ignored/>
  </testcase> <!-- verifyGetAllProjectWithoutAuthorization -->
  <testcase classname="testcases.ProjectFolder" name="addProjectWithSamePayloadAsPrevious" time="0.0">
    <ignored/>
  </testcase> <!-- addProjectWithSamePayloadAsPrevious -->
  <testcase classname="testcases.ProjectFolder" name="verifyGetAllProjectWithAuthorization" time="0.0">
    <ignored/>
  </testcase> <!-- verifyGetAllProjectWithAuthorization -->
</testsuite> <!-- Default test -->
