<?xml version="1.0" encoding="UTF-8"?>
<!-- Generated by org.testng.reporters.JUnitXMLReporter -->
<testsuite ignored="10" hostname="DESKTOP-BG83L86" failures="0" tests="1" name="Default test" time="4.009" errors="0" timestamp="2023-12-16T12:23:47 IST">
  <testcase classname="testcases.PriorityFolder" name="verifyAddPriorityWithAuthorization" time="3.412"/>
  <testcase classname="testcases.PriorityFolder" name="updatePriorityWithoutGivingPriorityId" time="0.0">
    <ignored/>
  </testcase> <!-- updatePriorityWithoutGivingPriorityId -->
  <testcase classname="testcases.PriorityFolder" name="updatePriorityWithoutAuthorization" time="0.0">
    <ignored/>
  </testcase> <!-- updatePriorityWithoutAuthorization -->
  <testcase classname="testcases.PriorityFolder" name="addStatusWithSamePriorityLevelInPayloadAsPrevious" time="0.0">
    <ignored/>
  </testcase> <!-- addStatusWithSamePriorityLevelInPayloadAsPrevious -->
  <testcase classname="testcases.PriorityFolder" name="updatePriorityWithAuthorization" time="0.0">
    <ignored/>
  </testcase> <!-- updatePriorityWithAuthorization -->
  <testcase classname="testcases.PriorityFolder" name="verifyGetAllPriorityWithoutAuthorization" time="0.0">
    <ignored/>
  </testcase> <!-- verifyGetAllPriorityWithoutAuthorization -->
  <testcase classname="testcases.PriorityFolder" name="addPriorityWithInvalidPayload" time="0.0">
    <ignored/>
  </testcase> <!-- addPriorityWithInvalidPayload -->
  <testcase classname="testcases.PriorityFolder" name="verifyAddPriorityWithoutAuthorization" time="0.0">
    <ignored/>
  </testcase> <!-- verifyAddPriorityWithoutAuthorization -->
  <testcase classname="testcases.PriorityFolder" name="updatePriorityByGivingNonExistingPriorityId" time="0.0">
    <ignored/>
  </testcase> <!-- updatePriorityByGivingNonExistingPriorityId -->
  <testcase classname="testcases.PriorityFolder" name="deleteSinglePriorityWithInvalidPriorityName" time="0.0">
    <ignored/>
  </testcase> <!-- deleteSinglePriorityWithInvalidPriorityName -->
  <testcase classname="testcases.PriorityFolder" name="verifyGetAllPriorityWithAuthorization" time="0.0">
    <ignored/>
  </testcase> <!-- verifyGetAllPriorityWithAuthorization -->
</testsuite> <!-- Default test -->
