<?xml version="1.0" encoding="UTF-8"?>
<!-- Generated by org.testng.reporters.JUnitXMLReporter -->
<testsuite ignored="15" hostname="DESKTOP-BG83L86" failures="0" tests="1" name="Default test" time="2.272" errors="0" timestamp="2023-12-15T17:48:24 IST">
  <testcase classname="testcases.RoleFolder" name="getRoleByLevelWithInvalidRoleLevel" time="1.756"/>
  <testcase classname="testcases.RoleFolder" name="addRoleWithSamePayloadAsPrevious" time="0.0">
    <ignored/>
  </testcase> <!-- addRoleWithSamePayloadAsPrevious -->
  <testcase classname="testcases.RoleFolder" name="verifyGetAllRoleWithAuthorization" time="0.0">
    <ignored/>
  </testcase> <!-- verifyGetAllRoleWithAuthorization -->
  <testcase classname="testcases.RoleFolder" name="getRoleByLevelWithAuthorization" time="0.0">
    <ignored/>
  </testcase> <!-- getRoleByLevelWithAuthorization -->
  <testcase classname="testcases.RoleFolder" name="getRoleByLevelWithoutAuthorization" time="0.0">
    <ignored/>
  </testcase> <!-- getRoleByLevelWithoutAuthorization -->
  <testcase classname="testcases.RoleFolder" name="addRoleWithSameRoleLevelInPayloadAsPrevious" time="0.0">
    <ignored/>
  </testcase> <!-- addRoleWithSameRoleLevelInPayloadAsPrevious -->
  <testcase classname="testcases.RoleFolder" name="verifyAddRoleWithAuthorization" time="0.0">
    <ignored/>
  </testcase> <!-- verifyAddRoleWithAuthorization -->
  <testcase classname="testcases.RoleFolder" name="verifyAddRoleWithoutAuthorization" time="0.0">
    <ignored/>
  </testcase> <!-- verifyAddRoleWithoutAuthorization -->
  <testcase classname="testcases.RoleFolder" name="updateRoleWithoutGivingRoleId" time="0.0">
    <ignored/>
  </testcase> <!-- updateRoleWithoutGivingRoleId -->
  <testcase classname="testcases.RoleFolder" name="updateRoleWithoutAuthorization" time="0.0">
    <ignored/>
  </testcase> <!-- updateRoleWithoutAuthorization -->
  <testcase classname="testcases.RoleFolder" name="addRoleWithInvalidPayload" time="0.0">
    <ignored/>
  </testcase> <!-- addRoleWithInvalidPayload -->
  <testcase classname="testcases.RoleFolder" name="verifyGetAllRoleWithoutAuthorization" time="0.0">
    <ignored/>
  </testcase> <!-- verifyGetAllRoleWithoutAuthorization -->
  <testcase classname="testcases.RoleFolder" name="updateRoleByGivingNonExistingRoleId" time="0.0">
    <ignored/>
  </testcase> <!-- updateRoleByGivingNonExistingRoleId -->
  <testcase classname="testcases.RoleFolder" name="deleteSingleRoleWithoutAuthorization" time="0.0">
    <ignored/>
  </testcase> <!-- deleteSingleRoleWithoutAuthorization -->
  <testcase classname="testcases.RoleFolder" name="deleteSingleRoleWithInvalidRoleId" time="0.0">
    <ignored/>
  </testcase> <!-- deleteSingleRoleWithInvalidRoleId -->
  <testcase classname="testcases.RoleFolder" name="updateRoleWithAuthorization" time="0.0">
    <ignored/>
  </testcase> <!-- updateRoleWithAuthorization -->
</testsuite> <!-- Default test -->
