<?xml version="1.0" encoding="UTF-8"?>
<!-- Generated by org.testng.reporters.JUnitXMLReporter -->
<testsuite ignored="0" hostname="DESKTOP-BG83L86" failures="4" tests="69" name="Test" time="24.684" errors="0" timestamp="2023-12-15T11:05:20 IST">
  <testcase classname="testcases.ProjectFolder" name="verifyAddProjectWithoutAuthorization" time="1.1"/>
  <testcase classname="testcases.ProjectFolder" name="verifyGetAllProjectWithoutAuthorization" time="0.04"/>
  <testcase classname="testcases.ProjectFolder" name="verifyAddProjectWithAuthorization" time="0.577"/>
  <testcase classname="testcases.ProjectFolder" name="addProjectWithSamePayloadAsPrevious" time="0.418"/>
  <testcase classname="testcases.ProjectFolder" name="addProjectWithInvalidPayload" time="0.909"/>
  <testcase classname="testcases.ProjectFolder" name="addProjectWithoutGivingProjectStartDateInPayload" time="0.47"/>
  <testcase classname="testcases.ProjectFolder" name="verifyGetAllProjectWithAuthorization" time="0.55"/>
  <testcase classname="testcases.StatusFolder" name="verifyAddStatusWithoutAuthorization" time="0.035"/>
  <testcase classname="testcases.StatusFolder" name="verifyGetAllStatusWithoutAuthorization" time="0.028"/>
  <testcase classname="testcases.StatusFolder" name="verifyUpdateStatusWithoutAuthorization" time="0.021"/>
  <testcase classname="testcases.StatusFolder" name="deleteSingleStatusWithoutAuthorization" time="0.035"/>
  <testcase classname="testcases.StatusFolder" name="verifyAddStatusWithAuthorization" time="0.603">
    <failure type="java.lang.AssertionError" message="expected [Status Already Exits] but found [Status Already Exists]">
      <![CDATA[java.lang.AssertionError: expected [Status Already Exits] but found [Status Already Exists]
at testcases.StatusFolder.verifyAddStatusWithAuthorization(StatusFolder.java:122)
at java.base/java.util.ArrayList.forEach(ArrayList.java:1511)
... Removed 37 stack frames]]>
    </failure>
  </testcase> <!-- verifyAddStatusWithAuthorization -->
  <testcase classname="testcases.StatusFolder" name="addStatusWithSamePayloadAsPrevious" time="0.488"/>
  <testcase classname="testcases.StatusFolder" name="addStatusWithInvalidPayload" time="0.577"/>
  <testcase classname="testcases.StatusFolder" name="verifyGetAllStatusWithAuthorization" time="0.418"/>
  <testcase classname="testcases.StatusFolder" name="updateStatusWithAuthorization" time="0.437"/>
  <testcase classname="testcases.StatusFolder" name="updateStatusWithoutGivingStatusId" time="0.41"/>
  <testcase classname="testcases.StatusFolder" name="updateStatusByGivingNonExistingStatusId" time="0.389"/>
  <testcase classname="testcases.StatusFolder" name="deleteSingleStatusWithInvalidStatusName" time="0.415"/>
  <testcase classname="testcases.DesignationFolder" name="verifyAddDesignationWithoutAuthorization" time="0.049"/>
  <testcase classname="testcases.DesignationFolder" name="verifyGetAllDesignationWithoutAuthorization" time="0.03"/>
  <testcase classname="testcases.DesignationFolder" name="updateDesignationWithoutAuthorization" time="0.108"/>
  <testcase classname="testcases.DesignationFolder" name="deleteSingleDesignationWithoutAuthorization" time="0.031"/>
  <testcase classname="testcases.DesignationFolder" name="verifyAddDesignationWithAuthorization" time="0.818">
    <failure type="java.lang.AssertionError" message="Invalid status code expected [200] but found [404]">
      <![CDATA[java.lang.AssertionError: Invalid status code expected [200] but found [404]
at testcases.DesignationFolder.deleteSingleDesignationWithAuthorization(DesignationFolder.java:320)
at testcases.DesignationFolder.verifyAddDesignationWithAuthorization(DesignationFolder.java:147)
at java.base/java.util.ArrayList.forEach(ArrayList.java:1511)
... Removed 37 stack frames]]>
    </failure>
  </testcase> <!-- verifyAddDesignationWithAuthorization -->
  <testcase classname="testcases.DesignationFolder" name="addDesignationWithInvalidPayload" time="0.415"/>
  <testcase classname="testcases.DesignationFolder" name="addDesignationWithSamePayloadAsPrevious" time="0.425"/>
  <testcase classname="testcases.DesignationFolder" name="verifyGetAllDesignationWithAuthorization" time="0.386"/>
  <testcase classname="testcases.DesignationFolder" name="updateDesignationWithAuthorization" time="0.395"/>
  <testcase classname="testcases.DesignationFolder" name="updateDesignationWithoutGivingDesignationId" time="0.433"/>
  <testcase classname="testcases.DesignationFolder" name="updateDesignationByGivingNonExistingDesignationId" time="0.403"/>
  <testcase classname="testcases.DesignationFolder" name="deleteSingleDesignationWithInvalidDesignationName" time="0.434"/>
  <testcase classname="testcases.RoleFolder" name="verifyAddRoleWithoutAuthorization" time="0.026"/>
  <testcase classname="testcases.RoleFolder" name="verifyGetAllRoleWithoutAuthorization" time="0.021"/>
  <testcase classname="testcases.RoleFolder" name="updateRoleWithoutAuthorization" time="0.028"/>
  <testcase classname="testcases.RoleFolder" name="deleteSingleRoleWithoutAuthorization" time="0.021"/>
  <testcase classname="testcases.RoleFolder" name="getRoleByLevelWithoutAuthorization" time="0.024"/>
  <testcase classname="testcases.RoleFolder" name="verifyAddRoleWithAuthorization" time="0.383"/>
  <testcase classname="testcases.RoleFolder" name="addRoleWithSamePayloadAsPrevious" time="0.376"/>
  <testcase classname="testcases.RoleFolder" name="addRoleWithInvalidPayload" time="0.409"/>
  <testcase classname="testcases.RoleFolder" name="verifyGetAllRoleWithAuthorization" time="0.775"/>
  <testcase classname="testcases.RoleFolder" name="updateRoleWithAuthorization" time="0.372"/>
  <testcase classname="testcases.RoleFolder" name="updateRoleWithoutGivingRoleId" time="0.412"/>
  <testcase classname="testcases.RoleFolder" name="updateRoleByGivingNonExistingRoleId" time="0.414"/>
  <testcase classname="testcases.RoleFolder" name="deleteSingleRoleWithInvalidRoleId" time="0.412"/>
  <testcase classname="testcases.RoleFolder" name="getRoleByLevelWithAuthorization" time="0.37">
    <failure type="java.lang.AssertionError" message="Invalid status code expected [200] but found [404]">
      <![CDATA[java.lang.AssertionError: Invalid status code expected [200] but found [404]
at testcases.RoleFolder.getRoleByLevelWithAuthorization(RoleFolder.java:404)
at java.base/java.util.ArrayList.forEach(ArrayList.java:1511)
... Removed 37 stack frames]]>
    </failure>
  </testcase> <!-- getRoleByLevelWithAuthorization -->
  <testcase classname="testcases.RoleFolder" name="getRoleByLevelWithInvalidRoleLevel" time="0.369"/>
  <testcase classname="testcases.TagFolder" name="verifyAddTagWithoutAuthorization" time="0.031"/>
  <testcase classname="testcases.TagFolder" name="verifyGetAllTagWithoutAuthorization" time="0.031"/>
  <testcase classname="testcases.TagFolder" name="updateTagWithoutAuthorization" time="0.088"/>
  <testcase classname="testcases.TagFolder" name="deleteSingleTagWithoutAuthorization" time="0.026"/>
  <testcase classname="testcases.TagFolder" name="verifyAddTagWithAuthorization" time="0.781">
    <failure type="java.lang.AssertionError" message="Invalid status code expected [200] but found [404]">
      <![CDATA[java.lang.AssertionError: Invalid status code expected [200] but found [404]
at testcases.TagFolder.deleteSingleTagWithAuthorization(TagFolder.java:320)
at testcases.TagFolder.verifyAddTagWithAuthorization(TagFolder.java:147)
at java.base/java.util.ArrayList.forEach(ArrayList.java:1511)
... Removed 37 stack frames]]>
    </failure>
  </testcase> <!-- verifyAddTagWithAuthorization -->
  <testcase classname="testcases.TagFolder" name="addTagWithSamePayloadAsPrevious" time="0.415"/>
  <testcase classname="testcases.TagFolder" name="addTagWithInvalidPayload" time="0.441"/>
  <testcase classname="testcases.TagFolder" name="verifyGetAllTagWithAuthorization" time="0.394"/>
  <testcase classname="testcases.TagFolder" name="updateTagWithAuthorization" time="0.391"/>
  <testcase classname="testcases.TagFolder" name="updateTagWithoutGivingTagId" time="0.397"/>
  <testcase classname="testcases.TagFolder" name="updateTagByGivingNonExistingTagId" time="0.404"/>
  <testcase classname="testcases.TagFolder" name="deleteSingleTagWithInvalidTagName" time="0.426"/>
  <testcase classname="testcases.PriorityFolder" name="verifyAddPriorityWithoutAuthorization" time="0.022"/>
  <testcase classname="testcases.PriorityFolder" name="verifyGetAllPriorityWithoutAuthorization" time="0.023"/>
  <testcase classname="testcases.PriorityFolder" name="updatePriorityWithoutAuthorization" time="0.03"/>
  <testcase classname="testcases.PriorityFolder" name="verifyAddPriorityWithAuthorization" time="0.808"/>
  <testcase classname="testcases.PriorityFolder" name="addPriorityWithSamePayloadAsPrevious" time="0.444"/>
  <testcase classname="testcases.PriorityFolder" name="addPriorityWithInvalidPayload" time="0.404"/>
  <testcase classname="testcases.PriorityFolder" name="verifyGetAllPriorityWithAuthorization" time="0.38"/>
  <testcase classname="testcases.PriorityFolder" name="updatePriorityWithAuthorization" time="0.402"/>
  <testcase classname="testcases.PriorityFolder" name="updatePriorityWithoutGivingPriorityId" time="0.408"/>
  <testcase classname="testcases.PriorityFolder" name="updatePriorityByGivingNonExistingPriorityId" time="0.389"/>
  <testcase classname="testcases.PriorityFolder" name="deleteSinglePriorityWithInvalidPriorityName" time="0.401"/>
</testsuite> <!-- Test -->
