<?xml version="1.0" encoding="UTF-8"?>
<!-- Generated by org.testng.reporters.JUnitXMLReporter -->
<testsuite ignored="0" hostname="DESKTOP-BG83L86" failures="0" tests="3" name="Test" time="2.566" errors="0" timestamp="2023-11-30T15:31:28 IST">
  <testcase classname="testcases.TaskModule" name="addStatus" time="1.662"/>
  <testcase classname="testcases.TaskModule" name="addPriority" time="0.063"/>
  <testcase classname="testcases.TaskModule" name="getPriority" time="0.164"/>
</testsuite> <!-- Test -->
