<?xml version="1.0" encoding="UTF-8"?>
<testsuite xmlns:xsi="http://www.w3.org/2001/XMLSchema-instance" xsi:noNamespaceSchemaLocation="https://maven.apache.org/surefire/maven-surefire-plugin/xsd/surefire-test-report-3.0.xsd" version="3.0" name="TestSuite" time="33.815" tests="80" errors="0" skipped="0" failures="6">
  <properties>
[...]
</properties>
  <testcase name="verifyAddProjectWithoutAuthorization" classname="testcases.ProjectFolder" time="1.086">
    <system-out><![CDATA[WARN StatusConsoleListener No Root logger was configured, creating default ERROR-level Root logger with Console appender
ERROR StatusConsoleListener Unable to locate appender "Class2LogFile" for logger config "testcases.PriorityFolder"
12:06:52.747 [main] INFO  testcases.ProjectFolder - Response Body:

12:06:52.753 [main] INFO  testcases.ProjectFolder - Response Code: 401
12:06:52.758 [main] INFO  testcases.ProjectFolder - Response Time: 504
]]></system-out>
    <system-err><![CDATA[SLF4J: Failed to load class "org.slf4j.impl.StaticLoggerBinder".
SLF4J: Defaulting to no-operation (NOP) logger implementation
SLF4J: See http://www.slf4j.org/codes.html#StaticLoggerBinder for further details.
]]></system-err>
  </testcase>
  <testcase name="verifyGetAllProjectWithoutAuthorization" classname="testcases.ProjectFolder" time="0.058">
    <system-out><![CDATA[12:06:52.890 [main] INFO  testcases.ProjectFolder - Status Code: 401
]]></system-out>
  </testcase>
  <testcase name="verifyAddProjectWithAuthorization" classname="testcases.ProjectFolder" time="0.727">
    <system-out><![CDATA[12:06:53.613 [main] INFO  testcases.ProjectFolder - Response Body:
[
    {
        "projectId": 1,
        "projectName": "E-commerce App",
        "projectStartDate": "2023-12-05"
    },
    {
        "projectId": 2,
        "projectName": "E-commerce App",
        "projectStartDate": "2023-12-05"
    },
    {
        "projectId": 31,
        "projectName": "E-commerce App",
        "projectStartDate": "2023-12-05"
    },
    {
        "projectId": 4,
        "projectName": "E-commerce App",
        "projectStartDate": "2023-12-05"
    },
    {
        "projectId": 34,
        "projectName": "E-commerce App",
        "projectStartDate": "2023-12-05"
    },
    {
        "projectId": 19,
        "projectName": "E-commerce App",
        "projectStartDate": "2023-12-05"
    },
    {
        "projectId": 13,
        "projectName": "E-commerce App",
        "projectStartDate": "2023-12-05"
    },
    {
        "projectId": 37,
        "projectName": "E-commerce App",
        "projectStartDate": "2023-12-05"
    },
    {
        "projectId": 9,
        "projectName": "E-commerce App",
        "projectStartDate": "2023-12-05"
    },
    {
        "projectId": 40,
        "projectName": "E-commerce App",
        "projectStartDate": "2023-12-05"
    },
    {
        "projectId": 22,
        "projectName": "E-commerce App",
        "projectStartDate": "2023-12-05"
    },
    {
        "projectId": 43,
        "projectName": "E-commerce App",
        "projectStartDate": "2023-12-05"
    },
    {
        "projectId": 46,
        "projectName": "E-commerce App",
        "projectStartDate": "2023-12-05"
    },
    {
        "projectId": 25,
        "projectName": "E-commerce App",
        "projectStartDate": "2023-12-05"
    },
    {
        "projectId": 28,
        "projectName": "E-commerce App",
        "projectStartDate": "2023-12-05"
    },
    {
        "projectId": 16,
        "projectName": "E-commerce App",
        "projectStartDate": "2023-12-05"
    },
    {
        "projectId": 48,
        "projectName": "Lotlux",
        "projectStartDate": "2022-07-02"
    },
    {
        "projectId": 15,
        "projectName": "It",
        "projectStartDate": "2021-01-01"
    },
    {
        "projectId": 39,
        "projectName": "Pannier",
        "projectStartDate": "2020-08-15"
    },
    {
        "projectId": 30,
        "projectName": "Tres-Zap",
        "projectStartDate": "2020-08-04"
    },
    {
        "projectId": 45,
        "projectName": "Zaam-Dox",
        "projectStartDate": "2020-01-18"
    },
    {
        "projectId": 27,
        "projectName": "Treeflex",
        "projectStartDate": "2019-10-10"
    },
    {
        "projectId": 24,
        "projectName": "Bitwolf",
        "projectStartDate": "2019-06-05"
    },
    {
        "projectId": 33,
        "projectName": "Keylex",
        "projectStartDate": "2019-01-12"
    },
    {
        "projectId": 3,
        "projectName": "Home Ing",
        "projectStartDate": "2017-08-11"
    },
    {
        "projectId": 21,
        "projectName": "Prodder",
        "projectStartDate": "2015-03-16"
    },
    {
        "projectId": 18,
        "projectName": "Overhold",
        "projectStartDate": "2013-02-21"
    },
    {
        "projectId": 12,
        "projectName": "Y-find",
        "projectStartDate": "2003-03-11"
    },
    {
        "projectId": 42,
        "projectName": "It",
        "projectStartDate": "2002-08-09"
    },
    {
        "projectId": 36,
        "projectName": "Duobam",
        "projectStartDate": "2002-07-20"
    },
    {
        "projectId": 8,
        "projectName": "Fix San",
        "projectStartDate": "2001-05-16"
    },
    {
        "projectId": 5,
        "projectName": "Home Ing",
        "projectStartDate": null
    },
    {
        "projectId": 6,
        "projectName": "Sonsing",
        "projectStartDate": null
    },
    {
        "projectId": 10,
        "projectName": "Stronghold",
        "projectStartDate": null
    },
    {
        "projectId": 11,
        "projectName": "Quiz App",
        "projectStartDate": null
    },
    {
        "projectId": 7,
        "projectName": "Quiz App",
        "projectStartDate": null
    },
    {
        "projectId": 14,
        "projectName": "Greenlam",
        "projectStartDate": null
    },
    {
        "projectId": 17,
        "projectName": "Kanlam",
        "projectStartDate": null
    },
    {
        "projectId": 20,
        "projectName": "Wrapsafe",
        "projectStartDate": null
    },
    {
        "projectId": 23,
        "projectName": "Domainer",
        "projectStartDate": null
    },
    {
        "projectId": 26,
        "projectName": "Stringtough",
        "projectStartDate": null
    },
    {
        "projectId": 35,
        "projectName": "Sonsing",
        "projectStartDate": null
    },
    {
        "projectId": 29,
        "projectName": "Cardify",
        "projectStartDate": null
    },
    {
        "projectId": 38,
        "projectName": "Domainer",
        "projectStartDate": null
    },
    {
        "projectId": 41,
        "projectName": "Trippledex",
        "projectStartDate": null
    },
    {
        "projectId": 44,
        "projectName": "Stronghold",
        "projectStartDate": null
    },
    {
        "projectId": 32,
        "projectName": "Bytecard",
        "projectStartDate": null
    },
    {
        "projectId": 47,
        "projectName": "Zontrax",
        "projectStartDate": null
    }
]
12:06:53.614 [main] INFO  testcases.ProjectFolder - Response Code: 201
12:06:53.614 [main] INFO  testcases.ProjectFolder - Response Time: 614
12:06:53.614 [main] INFO  testcases.ProjectFolder - Content Type header value is: application/json
12:06:53.614 [main] INFO  testcases.ProjectFolder - Transfer Encoding header value is: chunked
12:06:53.614 [main] INFO  testcases.ProjectFolder - Connection header value is: keep-alive
12:06:53.615 [main] INFO  testcases.ProjectFolder - Key: X-Content-Type-Options Value: nosniff
12:06:53.615 [main] INFO  testcases.ProjectFolder - Key: X-XSS-Protection Value: 0
12:06:53.615 [main] INFO  testcases.ProjectFolder - Key: Cache-Control Value: no-cache, no-store, max-age=0, must-revalidate
12:06:53.615 [main] INFO  testcases.ProjectFolder - Key: Pragma Value: no-cache
12:06:53.615 [main] INFO  testcases.ProjectFolder - Key: Expires Value: 0
12:06:53.615 [main] INFO  testcases.ProjectFolder - Key: X-Frame-Options Value: DENY
12:06:53.615 [main] INFO  testcases.ProjectFolder - Key: Content-Type Value: application/json
12:06:53.616 [main] INFO  testcases.ProjectFolder - Key: Transfer-Encoding Value: chunked
12:06:53.616 [main] INFO  testcases.ProjectFolder - Key: Date Value: Sat, 16 Dec 2023 06:36:52 GMT
12:06:53.616 [main] INFO  testcases.ProjectFolder - Key: Keep-Alive Value: timeout=60
12:06:53.616 [main] INFO  testcases.ProjectFolder - Key: Connection Value: keep-alive
]]></system-out>
  </testcase>
  <testcase name="addProjectWithSamePayloadAsPrevious" classname="testcases.ProjectFolder" time="0.689">
    <system-out><![CDATA[12:06:54.303 [main] INFO  testcases.ProjectFolder - Response Body:
[
    {
        "projectId": 1,
        "projectName": "E-commerce App",
        "projectStartDate": "2023-12-05"
    },
    {
        "projectId": 2,
        "projectName": "E-commerce App",
        "projectStartDate": "2023-12-05"
    },
    {
        "projectId": 37,
        "projectName": "E-commerce App",
        "projectStartDate": "2023-12-05"
    },
    {
        "projectId": 4,
        "projectName": "E-commerce App",
        "projectStartDate": "2023-12-05"
    },
    {
        "projectId": 19,
        "projectName": "E-commerce App",
        "projectStartDate": "2023-12-05"
    },
    {
        "projectId": 40,
        "projectName": "E-commerce App",
        "projectStartDate": "2023-12-05"
    },
    {
        "projectId": 13,
        "projectName": "E-commerce App",
        "projectStartDate": "2023-12-05"
    },
    {
        "projectId": 43,
        "projectName": "E-commerce App",
        "projectStartDate": "2023-12-05"
    },
    {
        "projectId": 9,
        "projectName": "E-commerce App",
        "projectStartDate": "2023-12-05"
    },
    {
        "projectId": 22,
        "projectName": "E-commerce App",
        "projectStartDate": "2023-12-05"
    },
    {
        "projectId": 46,
        "projectName": "E-commerce App",
        "projectStartDate": "2023-12-05"
    },
    {
        "projectId": 49,
        "projectName": "E-commerce App",
        "projectStartDate": "2023/12/05"
    },
    {
        "projectId": 25,
        "projectName": "E-commerce App",
        "projectStartDate": "2023-12-05"
    },
    {
        "projectId": 28,
        "projectName": "E-commerce App",
        "projectStartDate": "2023-12-05"
    },
    {
        "projectId": 31,
        "projectName": "E-commerce App",
        "projectStartDate": "2023-12-05"
    },
    {
        "projectId": 16,
        "projectName": "E-commerce App",
        "projectStartDate": "2023-12-05"
    },
    {
        "projectId": 34,
        "projectName": "E-commerce App",
        "projectStartDate": "2023-12-05"
    },
    {
        "projectId": 48,
        "projectName": "Lotlux",
        "projectStartDate": "2022-07-02"
    },
    {
        "projectId": 15,
        "projectName": "It",
        "projectStartDate": "2021-01-01"
    },
    {
        "projectId": 39,
        "projectName": "Pannier",
        "projectStartDate": "2020-08-15"
    },
    {
        "projectId": 30,
        "projectName": "Tres-Zap",
        "projectStartDate": "2020-08-04"
    },
    {
        "projectId": 45,
        "projectName": "Zaam-Dox",
        "projectStartDate": "2020-01-18"
    },
    {
        "projectId": 27,
        "projectName": "Treeflex",
        "projectStartDate": "2019-10-10"
    },
    {
        "projectId": 24,
        "projectName": "Bitwolf",
        "projectStartDate": "2019-06-05"
    },
    {
        "projectId": 33,
        "projectName": "Keylex",
        "projectStartDate": "2019-01-12"
    },
    {
        "projectId": 3,
        "projectName": "Home Ing",
        "projectStartDate": "2017-08-11"
    },
    {
        "projectId": 21,
        "projectName": "Prodder",
        "projectStartDate": "2015-03-16"
    },
    {
        "projectId": 18,
        "projectName": "Overhold",
        "projectStartDate": "2013-02-21"
    },
    {
        "projectId": 12,
        "projectName": "Y-find",
        "projectStartDate": "2003-03-11"
    },
    {
        "projectId": 42,
        "projectName": "It",
        "projectStartDate": "2002-08-09"
    },
    {
        "projectId": 36,
        "projectName": "Duobam",
        "projectStartDate": "2002-07-20"
    },
    {
        "projectId": 8,
        "projectName": "Fix San",
        "projectStartDate": "2001-05-16"
    },
    {
        "projectId": 5,
        "projectName": "Home Ing",
        "projectStartDate": null
    },
    {
        "projectId": 6,
        "projectName": "Sonsing",
        "projectStartDate": null
    },
    {
        "projectId": 10,
        "projectName": "Stronghold",
        "projectStartDate": null
    },
    {
        "projectId": 11,
        "projectName": "Quiz App",
        "projectStartDate": null
    },
    {
        "projectId": 7,
        "projectName": "Quiz App",
        "projectStartDate": null
    },
    {
        "projectId": 14,
        "projectName": "Greenlam",
        "projectStartDate": null
    },
    {
        "projectId": 17,
        "projectName": "Kanlam",
        "projectStartDate": null
    },
    {
        "projectId": 20,
        "projectName": "Wrapsafe",
        "projectStartDate": null
    },
    {
        "projectId": 23,
        "projectName": "Domainer",
        "projectStartDate": null
    },
    {
        "projectId": 26,
        "projectName": "Stringtough",
        "projectStartDate": null
    },
    {
        "projectId": 35,
        "projectName": "Sonsing",
        "projectStartDate": null
    },
    {
        "projectId": 29,
        "projectName": "Cardify",
        "projectStartDate": null
    },
    {
        "projectId": 38,
        "projectName": "Domainer",
        "projectStartDate": null
    },
    {
        "projectId": 41,
        "projectName": "Trippledex",
        "projectStartDate": null
    },
    {
        "projectId": 44,
        "projectName": "Stronghold",
        "projectStartDate": null
    },
    {
        "projectId": 32,
        "projectName": "Bytecard",
        "projectStartDate": null
    },
    {
        "projectId": 47,
        "projectName": "Zontrax",
        "projectStartDate": null
    }
]
12:06:54.305 [main] INFO  testcases.ProjectFolder - Response Code: 201
12:06:54.305 [main] INFO  testcases.ProjectFolder - Response Time: 667
]]></system-out>
  </testcase>
  <testcase name="addProjectWithInvalidPayload" classname="testcases.ProjectFolder" time="1.3">
    <system-out><![CDATA[12:06:55.017 [main] INFO  testcases.ProjectFolder - Response Body:
{
    "timestamp": "2023-12-16T06:36:54.905+00:00",
    "status": 400,
    "error": "Bad Request",
    "message": "Fields Missing",
    "path": "/project/add"
}
12:06:55.606 [main] INFO  testcases.ProjectFolder - Message: Fields Missing
12:06:55.606 [main] INFO  testcases.ProjectFolder - Response Code: 400
12:06:55.607 [main] INFO  testcases.ProjectFolder - Response Time: 693
]]></system-out>
  </testcase>
  <testcase name="addProjectWithoutGivingProjectStartDateInPayload" classname="testcases.ProjectFolder" time="0.394">
    <system-out><![CDATA[12:06:55.997 [main] INFO  testcases.ProjectFolder - Response Body:
[
    {
        "projectId": 1,
        "projectName": "E-commerce App",
        "projectStartDate": "2023-12-05"
    },
    {
        "projectId": 2,
        "projectName": "E-commerce App",
        "projectStartDate": "2023-12-05"
    },
    {
        "projectId": 4,
        "projectName": "E-commerce App",
        "projectStartDate": "2023-12-05"
    },
    {
        "projectId": 25,
        "projectName": "E-commerce App",
        "projectStartDate": "2023-12-05"
    },
    {
        "projectId": 13,
        "projectName": "E-commerce App",
        "projectStartDate": "2023-12-05"
    },
    {
        "projectId": 9,
        "projectName": "E-commerce App",
        "projectStartDate": "2023-12-05"
    },
    {
        "projectId": 19,
        "projectName": "E-commerce App",
        "projectStartDate": "2023-12-05"
    },
    {
        "projectId": 22,
        "projectName": "E-commerce App",
        "projectStartDate": "2023-12-05"
    },
    {
        "projectId": 16,
        "projectName": "E-commerce App",
        "projectStartDate": "2023-12-05"
    },
    {
        "projectId": 28,
        "projectName": "E-commerce App",
        "projectStartDate": "2023-12-05"
    },
    {
        "projectId": 31,
        "projectName": "E-commerce App",
        "projectStartDate": "2023-12-05"
    },
    {
        "projectId": 34,
        "projectName": "E-commerce App",
        "projectStartDate": "2023-12-05"
    },
    {
        "projectId": 37,
        "projectName": "E-commerce App",
        "projectStartDate": "2023-12-05"
    },
    {
        "projectId": 40,
        "projectName": "E-commerce App",
        "projectStartDate": "2023-12-05"
    },
    {
        "projectId": 43,
        "projectName": "E-commerce App",
        "projectStartDate": "2023-12-05"
    },
    {
        "projectId": 46,
        "projectName": "E-commerce App",
        "projectStartDate": "2023-12-05"
    },
    {
        "projectId": 49,
        "projectName": "E-commerce App",
        "projectStartDate": "2023-12-05"
    },
    {
        "projectId": 48,
        "projectName": "Lotlux",
        "projectStartDate": "2022-07-02"
    },
    {
        "projectId": 15,
        "projectName": "It",
        "projectStartDate": "2021-01-01"
    },
    {
        "projectId": 39,
        "projectName": "Pannier",
        "projectStartDate": "2020-08-15"
    },
    {
        "projectId": 30,
        "projectName": "Tres-Zap",
        "projectStartDate": "2020-08-04"
    },
    {
        "projectId": 45,
        "projectName": "Zaam-Dox",
        "projectStartDate": "2020-01-18"
    },
    {
        "projectId": 27,
        "projectName": "Treeflex",
        "projectStartDate": "2019-10-10"
    },
    {
        "projectId": 24,
        "projectName": "Bitwolf",
        "projectStartDate": "2019-06-05"
    },
    {
        "projectId": 33,
        "projectName": "Keylex",
        "projectStartDate": "2019-01-12"
    },
    {
        "projectId": 3,
        "projectName": "Home Ing",
        "projectStartDate": "2017-08-11"
    },
    {
        "projectId": 21,
        "projectName": "Prodder",
        "projectStartDate": "2015-03-16"
    },
    {
        "projectId": 18,
        "projectName": "Overhold",
        "projectStartDate": "2013-02-21"
    },
    {
        "projectId": 12,
        "projectName": "Y-find",
        "projectStartDate": "2003-03-11"
    },
    {
        "projectId": 42,
        "projectName": "It",
        "projectStartDate": "2002-08-09"
    },
    {
        "projectId": 36,
        "projectName": "Duobam",
        "projectStartDate": "2002-07-20"
    },
    {
        "projectId": 8,
        "projectName": "Fix San",
        "projectStartDate": "2001-05-16"
    },
    {
        "projectId": 7,
        "projectName": "Quiz App",
        "projectStartDate": null
    },
    {
        "projectId": 14,
        "projectName": "Greenlam",
        "projectStartDate": null
    },
    {
        "projectId": 35,
        "projectName": "Sonsing",
        "projectStartDate": null
    },
    {
        "projectId": 17,
        "projectName": "Kanlam",
        "projectStartDate": null
    },
    {
        "projectId": 20,
        "projectName": "Wrapsafe",
        "projectStartDate": null
    },
    {
        "projectId": 38,
        "projectName": "Domainer",
        "projectStartDate": null
    },
    {
        "projectId": 23,
        "projectName": "Domainer",
        "projectStartDate": null
    },
    {
        "projectId": 26,
        "projectName": "Stringtough",
        "projectStartDate": null
    },
    {
        "projectId": 41,
        "projectName": "Trippledex",
        "projectStartDate": null
    },
    {
        "projectId": 5,
        "projectName": "Home Ing",
        "projectStartDate": null
    },
    {
        "projectId": 6,
        "projectName": "Sonsing",
        "projectStartDate": null
    },
    {
        "projectId": 44,
        "projectName": "Stronghold",
        "projectStartDate": null
    },
    {
        "projectId": 29,
        "projectName": "Cardify",
        "projectStartDate": null
    },
    {
        "projectId": 10,
        "projectName": "Stronghold",
        "projectStartDate": null
    },
    {
        "projectId": 47,
        "projectName": "Zontrax",
        "projectStartDate": null
    },
    {
        "projectId": 11,
        "projectName": "Quiz App",
        "projectStartDate": null
    },
    {
        "projectId": 32,
        "projectName": "Bytecard",
        "projectStartDate": null
    },
    {
        "projectId": 50,
        "projectName": "Keylex",
        "projectStartDate": null
    }
]
12:06:56.001 [main] INFO  testcases.ProjectFolder - Response Code: 201
12:06:56.001 [main] INFO  testcases.ProjectFolder - Response Time: 367
]]></system-out>
  </testcase>
  <testcase name="verifyGetAllProjectWithAuthorization" classname="testcases.ProjectFolder" time="0.459">
    <system-out><![CDATA[12:06:56.451 [main] INFO  testcases.ProjectFolder - Status Code: 200
12:06:56.456 [main] INFO  testcases.ProjectFolder - Response Body: [
    {
        "projectId": 1,
        "projectName": "E-commerce App",
        "projectStartDate": "2023-12-05"
    },
    {
        "projectId": 2,
        "projectName": "E-commerce App",
        "projectStartDate": "2023-12-05"
    },
    {
        "projectId": 4,
        "projectName": "E-commerce App",
        "projectStartDate": "2023-12-05"
    },
    {
        "projectId": 25,
        "projectName": "E-commerce App",
        "projectStartDate": "2023-12-05"
    },
    {
        "projectId": 13,
        "projectName": "E-commerce App",
        "projectStartDate": "2023-12-05"
    },
    {
        "projectId": 9,
        "projectName": "E-commerce App",
        "projectStartDate": "2023-12-05"
    },
    {
        "projectId": 19,
        "projectName": "E-commerce App",
        "projectStartDate": "2023-12-05"
    },
    {
        "projectId": 22,
        "projectName": "E-commerce App",
        "projectStartDate": "2023-12-05"
    },
    {
        "projectId": 16,
        "projectName": "E-commerce App",
        "projectStartDate": "2023-12-05"
    },
    {
        "projectId": 28,
        "projectName": "E-commerce App",
        "projectStartDate": "2023-12-05"
    },
    {
        "projectId": 31,
        "projectName": "E-commerce App",
        "projectStartDate": "2023-12-05"
    },
    {
        "projectId": 34,
        "projectName": "E-commerce App",
        "projectStartDate": "2023-12-05"
    },
    {
        "projectId": 37,
        "projectName": "E-commerce App",
        "projectStartDate": "2023-12-05"
    },
    {
        "projectId": 40,
        "projectName": "E-commerce App",
        "projectStartDate": "2023-12-05"
    },
    {
        "projectId": 43,
        "projectName": "E-commerce App",
        "projectStartDate": "2023-12-05"
    },
    {
        "projectId": 46,
        "projectName": "E-commerce App",
        "projectStartDate": "2023-12-05"
    },
    {
        "projectId": 49,
        "projectName": "E-commerce App",
        "projectStartDate": "2023-12-05"
    },
    {
        "projectId": 48,
        "projectName": "Lotlux",
        "projectStartDate": "2022-07-02"
    },
    {
        "projectId": 15,
        "projectName": "It",
        "projectStartDate": "2021-01-01"
    },
    {
        "projectId": 39,
        "projectName": "Pannier",
        "projectStartDate": "2020-08-15"
    },
    {
        "projectId": 30,
        "projectName": "Tres-Zap",
        "projectStartDate": "2020-08-04"
    },
    {
        "projectId": 45,
        "projectName": "Zaam-Dox",
        "projectStartDate": "2020-01-18"
    },
    {
        "projectId": 27,
        "projectName": "Treeflex",
        "projectStartDate": "2019-10-10"
    },
    {
        "projectId": 24,
        "projectName": "Bitwolf",
        "projectStartDate": "2019-06-05"
    },
    {
        "projectId": 33,
        "projectName": "Keylex",
        "projectStartDate": "2019-01-12"
    },
    {
        "projectId": 3,
        "projectName": "Home Ing",
        "projectStartDate": "2017-08-11"
    },
    {
        "projectId": 21,
        "projectName": "Prodder",
        "projectStartDate": "2015-03-16"
    },
    {
        "projectId": 18,
        "projectName": "Overhold",
        "projectStartDate": "2013-02-21"
    },
    {
        "projectId": 12,
        "projectName": "Y-find",
        "projectStartDate": "2003-03-11"
    },
    {
        "projectId": 42,
        "projectName": "It",
        "projectStartDate": "2002-08-09"
    },
    {
        "projectId": 36,
        "projectName": "Duobam",
        "projectStartDate": "2002-07-20"
    },
    {
        "projectId": 8,
        "projectName": "Fix San",
        "projectStartDate": "2001-05-16"
    },
    {
        "projectId": 7,
        "projectName": "Quiz App",
        "projectStartDate": null
    },
    {
        "projectId": 14,
        "projectName": "Greenlam",
        "projectStartDate": null
    },
    {
        "projectId": 35,
        "projectName": "Sonsing",
        "projectStartDate": null
    },
    {
        "projectId": 17,
        "projectName": "Kanlam",
        "projectStartDate": null
    },
    {
        "projectId": 20,
        "projectName": "Wrapsafe",
        "projectStartDate": null
    },
    {
        "projectId": 38,
        "projectName": "Domainer",
        "projectStartDate": null
    },
    {
        "projectId": 23,
        "projectName": "Domainer",
        "projectStartDate": null
    },
    {
        "projectId": 26,
        "projectName": "Stringtough",
        "projectStartDate": null
    },
    {
        "projectId": 41,
        "projectName": "Trippledex",
        "projectStartDate": null
    },
    {
        "projectId": 5,
        "projectName": "Home Ing",
        "projectStartDate": null
    },
    {
        "projectId": 6,
        "projectName": "Sonsing",
        "projectStartDate": null
    },
    {
        "projectId": 44,
        "projectName": "Stronghold",
        "projectStartDate": null
    },
    {
        "projectId": 29,
        "projectName": "Cardify",
        "projectStartDate": null
    },
    {
        "projectId": 10,
        "projectName": "Stronghold",
        "projectStartDate": null
    },
    {
        "projectId": 47,
        "projectName": "Zontrax",
        "projectStartDate": null
    },
    {
        "projectId": 11,
        "projectName": "Quiz App",
        "projectStartDate": null
    },
    {
        "projectId": 32,
        "projectName": "Bytecard",
        "projectStartDate": null
    },
    {
        "projectId": 50,
        "projectName": "Keylex",
        "projectStartDate": null
    }
]
12:06:56.459 [main] INFO  testcases.ProjectFolder - Content Type header value is: application/json
12:06:56.459 [main] INFO  testcases.ProjectFolder - Transfer Encoding header value is: chunked
12:06:56.459 [main] INFO  testcases.ProjectFolder - Connection header value is: keep-alive
12:06:56.459 [main] INFO  testcases.ProjectFolder - Key: X-Content-Type-Options Value: nosniff
12:06:56.459 [main] INFO  testcases.ProjectFolder - Key: X-XSS-Protection Value: 0
12:06:56.459 [main] INFO  testcases.ProjectFolder - Key: Cache-Control Value: no-cache, no-store, max-age=0, must-revalidate
12:06:56.459 [main] INFO  testcases.ProjectFolder - Key: Pragma Value: no-cache
12:06:56.459 [main] INFO  testcases.ProjectFolder - Key: Expires Value: 0
12:06:56.460 [main] INFO  testcases.ProjectFolder - Key: X-Frame-Options Value: DENY
12:06:56.460 [main] INFO  testcases.ProjectFolder - Key: Content-Type Value: application/json
12:06:56.460 [main] INFO  testcases.ProjectFolder - Key: Transfer-Encoding Value: chunked
12:06:56.460 [main] INFO  testcases.ProjectFolder - Key: Date Value: Sat, 16 Dec 2023 06:36:55 GMT
12:06:56.460 [main] INFO  testcases.ProjectFolder - Key: Keep-Alive Value: timeout=60
12:06:56.460 [main] INFO  testcases.ProjectFolder - Key: Connection Value: keep-alive
]]></system-out>
  </testcase>
  <testcase name="verifyAddStatusWithoutAuthorization" classname="testcases.StatusFolder" time="0.047">
    <system-out><![CDATA[12:06:56.510 [main] INFO  testcases.StatusFolder - Response Body:

12:06:56.511 [main] INFO  testcases.StatusFolder - Response Code: 401
12:06:56.511 [main] INFO  testcases.StatusFolder - Response Time: 30
]]></system-out>
  </testcase>
  <testcase name="verifyGetAllStatusWithoutAuthorization" classname="testcases.StatusFolder" time="0.027">
    <system-out><![CDATA[12:06:56.540 [main] INFO  testcases.StatusFolder - Status Code: 401
]]></system-out>
  </testcase>
  <testcase name="verifyUpdateStatusWithoutAuthorization" classname="testcases.StatusFolder" time="0.031">
    <system-out><![CDATA[12:06:56.569 [main] INFO  testcases.StatusFolder - Response Body:

12:06:56.570 [main] INFO  testcases.StatusFolder - Response Code: 401
]]></system-out>
  </testcase>
  <testcase name="deleteSingleStatusWithoutAuthorization" classname="testcases.StatusFolder" time="0.043">
    <system-out><![CDATA[12:06:56.613 [main] INFO  testcases.StatusFolder - Response Body: 
12:06:56.613 [main] INFO  testcases.StatusFolder - Status Code: 401
]]></system-out>
  </testcase>
  <testcase name="verifyAddStatusWithAuthorization" classname="testcases.StatusFolder" time="0.987">
    <system-out><![CDATA[12:06:57.067 [main] INFO  testcases.StatusFolder - Response Body:
{
    "17": "Started",
    "274": "Vandervort",
    "101": "Done"
}
All Keys: [17, 274, 101]
12:06:57.577 [main] INFO  testcases.StatusFolder - Response Body: {
    "timestamp": "2023-12-16T06:36:57.432+00:00",
    "status": 404,
    "error": "Not Found",
    "message": "No status to delete with Passed,Done.",
    "path": "/task/status/delete/single"
}
12:06:57.577 [main] INFO  testcases.StatusFolder - Status Code: 404
12:06:57.594 [main] INFO  testcases.StatusFolder - Message: No status to delete with Passed,Done.
12:06:57.594 [main] INFO  testcases.StatusFolder - Content Type header value is: application/json
12:06:57.595 [main] INFO  testcases.StatusFolder - Transfer Encoding header value is: chunked
12:06:57.595 [main] INFO  testcases.StatusFolder - Connection header value is: keep-alive
12:06:57.595 [main] INFO  testcases.StatusFolder - Key: X-Content-Type-Options Value: nosniff
12:06:57.595 [main] INFO  testcases.StatusFolder - Key: X-XSS-Protection Value: 0
12:06:57.596 [main] INFO  testcases.StatusFolder - Key: Cache-Control Value: no-cache, no-store, max-age=0, must-revalidate
12:06:57.596 [main] INFO  testcases.StatusFolder - Key: Pragma Value: no-cache
12:06:57.596 [main] INFO  testcases.StatusFolder - Key: Expires Value: 0
12:06:57.596 [main] INFO  testcases.StatusFolder - Key: X-Frame-Options Value: DENY
12:06:57.596 [main] INFO  testcases.StatusFolder - Key: Content-Type Value: application/json
12:06:57.596 [main] INFO  testcases.StatusFolder - Key: Transfer-Encoding Value: chunked
12:06:57.596 [main] INFO  testcases.StatusFolder - Key: Date Value: Sat, 16 Dec 2023 06:36:56 GMT
12:06:57.597 [main] INFO  testcases.StatusFolder - Key: Keep-Alive Value: timeout=60
12:06:57.597 [main] INFO  testcases.StatusFolder - Key: Connection Value: keep-alive
12:06:57.597 [main] INFO  testcases.StatusFolder - Response Code: 404
12:06:57.597 [main] INFO  testcases.StatusFolder - Unexpected status code: 404
12:06:57.597 [main] INFO  testcases.StatusFolder - Response Time: 468
12:06:57.597 [main] INFO  testcases.StatusFolder - Content Type header value is: application/json
12:06:57.597 [main] INFO  testcases.StatusFolder - Transfer Encoding header value is: chunked
12:06:57.598 [main] INFO  testcases.StatusFolder - Connection header value is: keep-alive
12:06:57.598 [main] INFO  testcases.StatusFolder - Key: X-Content-Type-Options Value: nosniff
12:06:57.598 [main] INFO  testcases.StatusFolder - Key: X-XSS-Protection Value: 0
12:06:57.598 [main] INFO  testcases.StatusFolder - Key: Cache-Control Value: no-cache, no-store, max-age=0, must-revalidate
12:06:57.598 [main] INFO  testcases.StatusFolder - Key: Pragma Value: no-cache
12:06:57.598 [main] INFO  testcases.StatusFolder - Key: Expires Value: 0
12:06:57.598 [main] INFO  testcases.StatusFolder - Key: X-Frame-Options Value: DENY
12:06:57.598 [main] INFO  testcases.StatusFolder - Key: Content-Type Value: application/json
12:06:57.599 [main] INFO  testcases.StatusFolder - Key: Transfer-Encoding Value: chunked
12:06:57.599 [main] INFO  testcases.StatusFolder - Key: Date Value: Sat, 16 Dec 2023 06:36:56 GMT
12:06:57.599 [main] INFO  testcases.StatusFolder - Key: Keep-Alive Value: timeout=60
12:06:57.599 [main] INFO  testcases.StatusFolder - Key: Connection Value: keep-alive
]]></system-out>
  </testcase>
  <testcase name="addStatusWithSamePayloadAsPrevious" classname="testcases.StatusFolder" time="0.404">
    <system-out><![CDATA[12:06:57.986 [main] INFO  testcases.StatusFolder - Response Body:
{
    "timestamp": "2023-12-16T06:36:57.934+00:00",
    "status": 422,
    "error": "Unprocessable Entity",
    "message": "Status Already Exists",
    "path": "/task/status/add"
}
12:06:58.004 [main] INFO  testcases.StatusFolder - Message: Status Already Exists
12:06:58.004 [main] INFO  testcases.StatusFolder - Response Code: 422
12:06:58.004 [main] INFO  testcases.StatusFolder - Response Time: 377
]]></system-out>
  </testcase>
  <testcase name="addStatusWithInvalidPayload" classname="testcases.StatusFolder" time="0.404">
    <system-out><![CDATA[12:06:58.395 [main] INFO  testcases.StatusFolder - Response Body:
{
    "timestamp": "2023-12-16T06:36:58.327+00:00",
    "status": 400,
    "error": "Bad Request",
    "message": "Fields are Missing",
    "path": "/task/status/add"
}
12:06:58.408 [main] INFO  testcases.StatusFolder - Message: Fields are Missing
12:06:58.409 [main] INFO  testcases.StatusFolder - Response Code: 400
12:06:58.409 [main] INFO  testcases.StatusFolder - Response Time: 381
]]></system-out>
  </testcase>
  <testcase name="addStatusWithSameStatusLevelInPayloadAsPrevious" classname="testcases.StatusFolder" time="0.411">
    <system-out><![CDATA[12:06:58.809 [main] INFO  testcases.StatusFolder - Response Body:
{
    "timestamp": "2023-12-16T06:36:58.747+00:00",
    "status": 422,
    "error": "Unprocessable Entity",
    "message": "Status Already Exists",
    "path": "/task/status/add"
}
12:06:58.821 [main] INFO  testcases.StatusFolder - Message: Status Already Exists
12:06:58.821 [main] INFO  testcases.StatusFolder - Response Code: 422
12:06:58.821 [main] INFO  testcases.StatusFolder - Response Time: 385
]]></system-out>
  </testcase>
  <testcase name="verifyGetAllStatusWithAuthorization" classname="testcases.StatusFolder" time="0.806">
    <system-out><![CDATA[12:06:59.214 [main] INFO  testcases.StatusFolder - Status Code: 200
12:06:59.216 [main] INFO  testcases.StatusFolder - Response Body: {
    "17": "Started",
    "274": "Vandervort",
    "101": "Done"
}
All Keys: [17, 274, 101]
274
12:06:59.591 [main] INFO  testcases.StatusFolder - Response Body:
{
    "17": "Started",
    "274": "Tomi",
    "101": "Done"
}
12:06:59.615 [main] INFO  testcases.StatusFolder - Response Code: 200
12:06:59.615 [main] INFO  testcases.StatusFolder - Connection header value is: keep-alive
12:06:59.615 [main] INFO  testcases.StatusFolder - Key: X-Content-Type-Options Value: nosniff
12:06:59.615 [main] INFO  testcases.StatusFolder - Key: X-XSS-Protection Value: 0
12:06:59.616 [main] INFO  testcases.StatusFolder - Key: Cache-Control Value: no-cache, no-store, max-age=0, must-revalidate
12:06:59.616 [main] INFO  testcases.StatusFolder - Key: Pragma Value: no-cache
12:06:59.616 [main] INFO  testcases.StatusFolder - Key: Expires Value: 0
12:06:59.616 [main] INFO  testcases.StatusFolder - Key: X-Frame-Options Value: DENY
12:06:59.616 [main] INFO  testcases.StatusFolder - Key: Content-Type Value: application/json
12:06:59.616 [main] INFO  testcases.StatusFolder - Key: Transfer-Encoding Value: chunked
12:06:59.616 [main] INFO  testcases.StatusFolder - Key: Date Value: Sat, 16 Dec 2023 06:36:59 GMT
12:06:59.617 [main] INFO  testcases.StatusFolder - Key: Keep-Alive Value: timeout=60
12:06:59.617 [main] INFO  testcases.StatusFolder - Key: Connection Value: keep-alive
12:06:59.617 [main] INFO  testcases.StatusFolder - Content Type header value is: application/json
12:06:59.617 [main] INFO  testcases.StatusFolder - Transfer Encoding header value is: chunked
12:06:59.617 [main] INFO  testcases.StatusFolder - Connection header value is: keep-alive
12:06:59.618 [main] INFO  testcases.StatusFolder - Key: X-Content-Type-Options Value: nosniff
12:06:59.618 [main] INFO  testcases.StatusFolder - Key: X-XSS-Protection Value: 0
12:06:59.618 [main] INFO  testcases.StatusFolder - Key: Cache-Control Value: no-cache, no-store, max-age=0, must-revalidate
12:06:59.618 [main] INFO  testcases.StatusFolder - Key: Pragma Value: no-cache
12:06:59.618 [main] INFO  testcases.StatusFolder - Key: Expires Value: 0
12:06:59.619 [main] INFO  testcases.StatusFolder - Key: X-Frame-Options Value: DENY
12:06:59.619 [main] INFO  testcases.StatusFolder - Key: Content-Type Value: application/json
12:06:59.619 [main] INFO  testcases.StatusFolder - Key: Transfer-Encoding Value: chunked
12:06:59.619 [main] INFO  testcases.StatusFolder - Key: Date Value: Sat, 16 Dec 2023 06:36:59 GMT
12:06:59.619 [main] INFO  testcases.StatusFolder - Key: Keep-Alive Value: timeout=60
12:06:59.619 [main] INFO  testcases.StatusFolder - Key: Connection Value: keep-alive
]]></system-out>
  </testcase>
  <testcase name="updateStatusWithoutGivingStatusId" classname="testcases.StatusFolder" time="0.376">
    <system-out><![CDATA[12:06:59.986 [main] INFO  testcases.StatusFolder - Response Body:
{
    "timestamp": "2023-12-16T06:36:59.947+00:00",
    "status": 400,
    "error": "Bad Request",
    "message": "Fields are missing",
    "path": "/task/status/update"
}
12:06:59.987 [main] INFO  testcases.StatusFolder - Response Code: 400
12:07:00.002 [main] INFO  testcases.StatusFolder - Message: Fields are missing
12:07:00.003 [main] INFO  testcases.StatusFolder - Response Time: 348
]]></system-out>
  </testcase>
  <testcase name="updateStatusByGivingNonExistingStatusId" classname="testcases.StatusFolder" time="0.477">
    <system-out><![CDATA[12:07:00.466 [main] INFO  testcases.StatusFolder - Response Body:
{
    "timestamp": "2023-12-16T06:37:00.341+00:00",
    "status": 404,
    "error": "Not Found",
    "message": "No Status Present For Given Id",
    "path": "/task/status/update"
}
12:07:00.466 [main] INFO  testcases.StatusFolder - Response Code: 404
12:07:00.482 [main] INFO  testcases.StatusFolder - Message: No Status Present For Given Id
12:07:00.482 [main] INFO  testcases.StatusFolder - Response Time: 452
]]></system-out>
  </testcase>
  <testcase name="deleteSingleStatusWithInvalidStatusName" classname="testcases.StatusFolder" time="0.386">
    <system-out><![CDATA[12:07:00.852 [main] INFO  testcases.StatusFolder - Response Body: {
    "timestamp": "2023-12-16T06:37:00.806+00:00",
    "status": 404,
    "error": "Not Found",
    "message": "No status to delete with Passed,Done,Stopped.",
    "path": "/task/status/delete/single"
}
12:07:00.852 [main] INFO  testcases.StatusFolder - Response Code: 404
12:07:00.869 [main] INFO  testcases.StatusFolder - Message: No status to delete with Passed,Done,Stopped.
12:07:00.869 [main] INFO  testcases.StatusFolder - Response Time: 361
]]></system-out>
  </testcase>
  <testcase name="verifyAddDesignationWithoutAuthorization" classname="testcases.DesignationFolder" time="0.025">
    <system-out><![CDATA[12:07:00.895 [main] INFO  testcases.DesignationFolder - Response Body:

12:07:00.895 [main] INFO  testcases.DesignationFolder - Response Code: 401
12:07:00.895 [main] INFO  testcases.DesignationFolder - Response Time: 18
]]></system-out>
  </testcase>
  <testcase name="verifyGetAllDesignationWithoutAuthorization" classname="testcases.DesignationFolder" time="0.023">
    <system-out><![CDATA[12:07:00.919 [main] INFO  testcases.DesignationFolder - Status Code: 401
]]></system-out>
  </testcase>
  <testcase name="updateDesignationWithoutAuthorization" classname="testcases.DesignationFolder" time="0.057">
    <system-out><![CDATA[12:07:00.976 [main] INFO  testcases.DesignationFolder - Response Body:

12:07:00.977 [main] INFO  testcases.DesignationFolder - Response Code: 401
]]></system-out>
  </testcase>
  <testcase name="deleteSingleDesignationWithoutAuthorization" classname="testcases.DesignationFolder" time="0.029">
    <system-out><![CDATA[12:07:01.005 [main] INFO  testcases.DesignationFolder - Response Body: 
12:07:01.005 [main] INFO  testcases.DesignationFolder - Status Code: 401
]]></system-out>
  </testcase>
  <testcase name="verifyAddDesignationWithAuthorization" classname="testcases.DesignationFolder" time="0.892">
    <system-out><![CDATA[12:07:01.470 [main] INFO  testcases.DesignationFolder - Response Body:
{
    "53": "Technician",
    "9": "Developer"
}
All Keys: [53, 9]
12:07:01.878 [main] INFO  testcases.DesignationFolder - Response Body: {
    "timestamp": "2023-12-16T06:37:01.820+00:00",
    "status": 404,
    "error": "Not Found",
    "message": "No status to delete with designation,Technician.",
    "path": "/employee/designation/delete"
}
12:07:01.879 [main] INFO  testcases.DesignationFolder - Status Code: 404
12:07:01.895 [main] INFO  testcases.DesignationFolder - Message: No status to delete with designation,Technician.
12:07:01.895 [main] INFO  testcases.DesignationFolder - Content Type header value is: application/json
12:07:01.895 [main] INFO  testcases.DesignationFolder - Transfer Encoding header value is: chunked
12:07:01.895 [main] INFO  testcases.DesignationFolder - Connection header value is: keep-alive
12:07:01.895 [main] INFO  testcases.DesignationFolder - Key: X-Content-Type-Options Value: nosniff
12:07:01.895 [main] INFO  testcases.DesignationFolder - Key: X-XSS-Protection Value: 0
12:07:01.896 [main] INFO  testcases.DesignationFolder - Key: Cache-Control Value: no-cache, no-store, max-age=0, must-revalidate
12:07:01.896 [main] INFO  testcases.DesignationFolder - Key: Pragma Value: no-cache
12:07:01.896 [main] INFO  testcases.DesignationFolder - Key: Expires Value: 0
12:07:01.896 [main] INFO  testcases.DesignationFolder - Key: X-Frame-Options Value: DENY
12:07:01.896 [main] INFO  testcases.DesignationFolder - Key: Content-Type Value: application/json
12:07:01.896 [main] INFO  testcases.DesignationFolder - Key: Transfer-Encoding Value: chunked
12:07:01.896 [main] INFO  testcases.DesignationFolder - Key: Date Value: Sat, 16 Dec 2023 06:37:01 GMT
12:07:01.896 [main] INFO  testcases.DesignationFolder - Key: Keep-Alive Value: timeout=60
12:07:01.896 [main] INFO  testcases.DesignationFolder - Key: Connection Value: keep-alive
12:07:01.897 [main] INFO  testcases.DesignationFolder - Response Code: 404
12:07:01.897 [main] INFO  testcases.DesignationFolder - Unexpected status code: 404
12:07:01.897 [main] INFO  testcases.DesignationFolder - Response Time: 380
12:07:01.897 [main] INFO  testcases.DesignationFolder - Content Type header value is: application/json
12:07:01.897 [main] INFO  testcases.DesignationFolder - Transfer Encoding header value is: chunked
12:07:01.897 [main] INFO  testcases.DesignationFolder - Connection header value is: keep-alive
12:07:01.897 [main] INFO  testcases.DesignationFolder - Key: X-Content-Type-Options Value: nosniff
12:07:01.897 [main] INFO  testcases.DesignationFolder - Key: X-XSS-Protection Value: 0
12:07:01.897 [main] INFO  testcases.DesignationFolder - Key: Cache-Control Value: no-cache, no-store, max-age=0, must-revalidate
12:07:01.898 [main] INFO  testcases.DesignationFolder - Key: Pragma Value: no-cache
12:07:01.898 [main] INFO  testcases.DesignationFolder - Key: Expires Value: 0
12:07:01.898 [main] INFO  testcases.DesignationFolder - Key: X-Frame-Options Value: DENY
12:07:01.898 [main] INFO  testcases.DesignationFolder - Key: Content-Type Value: application/json
12:07:01.898 [main] INFO  testcases.DesignationFolder - Key: Transfer-Encoding Value: chunked
12:07:01.898 [main] INFO  testcases.DesignationFolder - Key: Date Value: Sat, 16 Dec 2023 06:37:01 GMT
12:07:01.898 [main] INFO  testcases.DesignationFolder - Key: Keep-Alive Value: timeout=60
12:07:01.898 [main] INFO  testcases.DesignationFolder - Key: Connection Value: keep-alive
]]></system-out>
  </testcase>
  <testcase name="addDesignationWithInvalidPayload" classname="testcases.DesignationFolder" time="0.401">
    <system-out><![CDATA[12:07:02.286 [main] INFO  testcases.DesignationFolder - Response Body:
{
    "timestamp": "2023-12-16T06:37:02.216+00:00",
    "status": 400,
    "error": "Bad Request",
    "message": "Fields are Missing",
    "path": "/employee/designation/add"
}
12:07:02.300 [main] INFO  testcases.DesignationFolder - Message: Fields are Missing
12:07:02.301 [main] INFO  testcases.DesignationFolder - Response Code: 400
12:07:02.301 [main] INFO  testcases.DesignationFolder - Response Time: 379
]]></system-out>
  </testcase>
  <testcase name="addDesignationWithSamePayloadAsPrevious" classname="testcases.DesignationFolder" time="0.419">
    <failure message="expected [Designation Already Exits] but found [null]" type="java.lang.AssertionError"><![CDATA[java.lang.AssertionError: expected [Designation Already Exits] but found [null]
	at org.testng.Assert.fail(Assert.java:111)
	at org.testng.Assert.failNotEquals(Assert.java:1578)
	at org.testng.Assert.assertEqualsImpl(Assert.java:150)
	at org.testng.Assert.assertEquals(Assert.java:132)
	at org.testng.Assert.assertEquals(Assert.java:656)
	at org.testng.Assert.assertEquals(Assert.java:666)
	at testcases.DesignationFolder.addDesignationWithSamePayloadAsPrevious(DesignationFolder.java:212)
	at java.base/jdk.internal.reflect.NativeMethodAccessorImpl.invoke0(Native Method)
	at java.base/jdk.internal.reflect.NativeMethodAccessorImpl.invoke(NativeMethodAccessorImpl.java:77)
	at java.base/jdk.internal.reflect.DelegatingMethodAccessorImpl.invoke(DelegatingMethodAccessorImpl.java:43)
	at java.base/java.lang.reflect.Method.invoke(Method.java:568)
	at org.testng.internal.invokers.MethodInvocationHelper.invokeMethod(MethodInvocationHelper.java:139)
	at org.testng.internal.invokers.TestInvoker.invokeMethod(TestInvoker.java:664)
	at org.testng.internal.invokers.TestInvoker.invokeTestMethod(TestInvoker.java:227)
	at org.testng.internal.invokers.MethodRunner.runInSequence(MethodRunner.java:50)
	at org.testng.internal.invokers.TestInvoker$MethodInvocationAgent.invoke(TestInvoker.java:957)
	at org.testng.internal.invokers.TestInvoker.invokeTestMethods(TestInvoker.java:200)
	at org.testng.internal.invokers.TestMethodWorker.invokeTestMethods(TestMethodWorker.java:148)
	at org.testng.internal.invokers.TestMethodWorker.run(TestMethodWorker.java:128)
	at java.base/java.util.ArrayList.forEach(ArrayList.java:1511)
	at org.testng.TestRunner.privateRun(TestRunner.java:848)
	at org.testng.TestRunner.run(TestRunner.java:621)
	at org.testng.SuiteRunner.runTest(SuiteRunner.java:443)
	at org.testng.SuiteRunner.runSequentially(SuiteRunner.java:437)
	at org.testng.SuiteRunner.privateRun(SuiteRunner.java:397)
	at org.testng.SuiteRunner.run(SuiteRunner.java:336)
	at org.testng.SuiteRunnerWorker.runSuite(SuiteRunnerWorker.java:52)
	at org.testng.SuiteRunnerWorker.run(SuiteRunnerWorker.java:95)
	at org.testng.TestNG.runSuitesSequentially(TestNG.java:1280)
	at org.testng.TestNG.runSuitesLocally(TestNG.java:1200)
	at org.testng.TestNG.runSuites(TestNG.java:1114)
	at org.testng.TestNG.run(TestNG.java:1082)
	at org.apache.maven.surefire.testng.TestNGExecutor.run(TestNGExecutor.java:308)
	at org.apache.maven.surefire.testng.TestNGXmlTestSuite.execute(TestNGXmlTestSuite.java:71)
	at org.apache.maven.surefire.testng.TestNGProvider.invoke(TestNGProvider.java:113)
	at org.apache.maven.surefire.booter.ForkedBooter.runSuitesInProcess(ForkedBooter.java:385)
	at org.apache.maven.surefire.booter.ForkedBooter.execute(ForkedBooter.java:162)
	at org.apache.maven.surefire.booter.ForkedBooter.run(ForkedBooter.java:507)
	at org.apache.maven.surefire.booter.ForkedBooter.main(ForkedBooter.java:495)
]]></failure>
    <system-out><![CDATA[12:07:02.698 [main] INFO  testcases.DesignationFolder - Response Body:
{
    "53": "Technician",
    "54": "Project Lead",
    "9": "Developer"
}
12:07:02.710 [main] INFO  testcases.DesignationFolder - Message: null
]]></system-out>
  </testcase>
  <testcase name="verifyGetAllDesignationWithAuthorization" classname="testcases.DesignationFolder" time="1.017">
    <system-out><![CDATA[12:07:03.311 [main] INFO  testcases.DesignationFolder - Status Code: 200
12:07:03.311 [main] INFO  testcases.DesignationFolder - Response Body: {
    "53": "Technician",
    "54": "Project Lead",
    "9": "Developer"
}
All Keys: [53, 54, 9]
53
12:07:03.717 [main] INFO  testcases.DesignationFolder - Response Body:
{
    "53": "Producer",
    "54": "Project Lead",
    "9": "Developer"
}
12:07:03.736 [main] INFO  testcases.DesignationFolder - Response Code: 200
12:07:03.737 [main] INFO  testcases.DesignationFolder - Content Type header value is: application/json
12:07:03.737 [main] INFO  testcases.DesignationFolder - Transfer Encoding header value is: chunked
12:07:03.737 [main] INFO  testcases.DesignationFolder - Connection header value is: keep-alive
12:07:03.737 [main] INFO  testcases.DesignationFolder - Key: X-Content-Type-Options Value: nosniff
12:07:03.737 [main] INFO  testcases.DesignationFolder - Key: X-XSS-Protection Value: 0
12:07:03.737 [main] INFO  testcases.DesignationFolder - Key: Cache-Control Value: no-cache, no-store, max-age=0, must-revalidate
12:07:03.737 [main] INFO  testcases.DesignationFolder - Key: Pragma Value: no-cache
12:07:03.737 [main] INFO  testcases.DesignationFolder - Key: Expires Value: 0
12:07:03.737 [main] INFO  testcases.DesignationFolder - Key: X-Frame-Options Value: DENY
12:07:03.738 [main] INFO  testcases.DesignationFolder - Key: Content-Type Value: application/json
12:07:03.738 [main] INFO  testcases.DesignationFolder - Key: Transfer-Encoding Value: chunked
12:07:03.738 [main] INFO  testcases.DesignationFolder - Key: Date Value: Sat, 16 Dec 2023 06:37:03 GMT
12:07:03.738 [main] INFO  testcases.DesignationFolder - Key: Keep-Alive Value: timeout=60
12:07:03.738 [main] INFO  testcases.DesignationFolder - Key: Connection Value: keep-alive
12:07:03.738 [main] INFO  testcases.DesignationFolder - Content Type header value is: application/json
12:07:03.738 [main] INFO  testcases.DesignationFolder - Transfer Encoding header value is: chunked
12:07:03.738 [main] INFO  testcases.DesignationFolder - Connection header value is: keep-alive
12:07:03.738 [main] INFO  testcases.DesignationFolder - Key: X-Content-Type-Options Value: nosniff
12:07:03.739 [main] INFO  testcases.DesignationFolder - Key: X-XSS-Protection Value: 0
12:07:03.739 [main] INFO  testcases.DesignationFolder - Key: Cache-Control Value: no-cache, no-store, max-age=0, must-revalidate
12:07:03.739 [main] INFO  testcases.DesignationFolder - Key: Pragma Value: no-cache
12:07:03.739 [main] INFO  testcases.DesignationFolder - Key: Expires Value: 0
12:07:03.739 [main] INFO  testcases.DesignationFolder - Key: X-Frame-Options Value: DENY
12:07:03.739 [main] INFO  testcases.DesignationFolder - Key: Content-Type Value: application/json
12:07:03.739 [main] INFO  testcases.DesignationFolder - Key: Transfer-Encoding Value: chunked
12:07:03.739 [main] INFO  testcases.DesignationFolder - Key: Date Value: Sat, 16 Dec 2023 06:37:03 GMT
12:07:03.739 [main] INFO  testcases.DesignationFolder - Key: Keep-Alive Value: timeout=60
12:07:03.739 [main] INFO  testcases.DesignationFolder - Key: Connection Value: keep-alive
]]></system-out>
  </testcase>
  <testcase name="updateDesignationWithoutGivingDesignationId" classname="testcases.DesignationFolder" time="0.412">
    <system-out><![CDATA[12:07:04.131 [main] INFO  testcases.DesignationFolder - Response Body:
{
    "timestamp": "2023-12-16T06:37:04.058+00:00",
    "status": 400,
    "error": "Bad Request",
    "message": "Fields are missing",
    "path": "/employee/designation/update"
}
12:07:04.150 [main] INFO  testcases.DesignationFolder - Message: Fields are missing
12:07:04.150 [main] INFO  testcases.DesignationFolder - Response Code: 400
12:07:04.150 [main] INFO  testcases.DesignationFolder - Response Time: 384
]]></system-out>
  </testcase>
  <testcase name="updateDesignationByGivingNonExistingDesignationId" classname="testcases.DesignationFolder" time="0.403">
    <system-out><![CDATA[12:07:04.539 [main] INFO  testcases.DesignationFolder - Response Body:
{
    "timestamp": "2023-12-16T06:37:04.477+00:00",
    "status": 404,
    "error": "Not Found",
    "message": "No Designation Present For Given Id",
    "path": "/employee/designation/update"
}
12:07:04.552 [main] INFO  testcases.DesignationFolder - Message: No Designation Present For Given Id
12:07:04.553 [main] INFO  testcases.DesignationFolder - Response Code: 404
12:07:04.554 [main] INFO  testcases.DesignationFolder - Response Time: 381
]]></system-out>
  </testcase>
  <testcase name="deleteSingleDesignationWithInvalidDesignationName" classname="testcases.DesignationFolder" time="0.413">
    <system-out><![CDATA[12:07:04.950 [main] INFO  testcases.DesignationFolder - Response Body: {
    "timestamp": "2023-12-16T06:37:04.868+00:00",
    "status": 404,
    "error": "Not Found",
    "message": "No status to delete with designation,Technician,Lawyer2.",
    "path": "/employee/designation/delete"
}
12:07:04.968 [main] INFO  testcases.DesignationFolder - Message: No status to delete with designation,Technician,Lawyer2.
12:07:04.968 [main] INFO  testcases.DesignationFolder - Response Code: 404
12:07:04.968 [main] INFO  testcases.DesignationFolder - Response Time: 388
]]></system-out>
  </testcase>
  <testcase name="verifyAddRegularTaskWithoutAuthorization" classname="testcases.RegularTaskFolder" time="0.028">
    <system-out><![CDATA[12:07:04.997 [main] INFO  testcases.StatusFolder - Response Body:

12:07:04.997 [main] INFO  testcases.StatusFolder - Response Code: 401
12:07:04.997 [main] INFO  testcases.StatusFolder - Response Time: 19
]]></system-out>
  </testcase>
  <testcase name="verifyGetAllRegularTaskForEmployeeWithoutAuthorization" classname="testcases.RegularTaskFolder" time="0.019">
    <system-out><![CDATA[12:07:05.016 [main] INFO  testcases.StatusFolder - Status Code: 401
]]></system-out>
  </testcase>
  <testcase name="verifyUpdateRegularTaskWithoutAuthorization" classname="testcases.RegularTaskFolder" time="0.028">
    <system-out><![CDATA[12:07:05.043 [main] INFO  testcases.StatusFolder - Response Body:

12:07:05.043 [main] INFO  testcases.StatusFolder - Response Code: 401
]]></system-out>
  </testcase>
  <testcase name="deleteSingleStatusWithoutAuthorization" classname="testcases.RegularTaskFolder" time="0.021">
    <system-out><![CDATA[12:07:05.063 [main] INFO  testcases.StatusFolder - Response Body: 
12:07:05.064 [main] INFO  testcases.StatusFolder - Status Code: 401
]]></system-out>
  </testcase>
  <testcase name="verifyAddRegularTaskWithAuthorization" classname="testcases.RegularTaskFolder" time="0.879">
    <system-out><![CDATA[12:07:05.563 [main] INFO  testcases.StatusFolder - Response Body:
{
    "41": "Gmail",
    "44": "Tuna Sashimi"
}
All Keys: [41, 44]
12:07:05.938 [main] INFO  testcases.StatusFolder - Response Body: {
    "41": "Gmail"
}
12:07:05.939 [main] INFO  testcases.StatusFolder - Status Code: 200
12:07:05.939 [main] INFO  testcases.StatusFolder - Content Type header value is: application/json
12:07:05.939 [main] INFO  testcases.StatusFolder - Transfer Encoding header value is: chunked
12:07:05.939 [main] INFO  testcases.StatusFolder - Connection header value is: keep-alive
12:07:05.940 [main] INFO  testcases.StatusFolder - Key: X-Content-Type-Options Value: nosniff
12:07:05.940 [main] INFO  testcases.StatusFolder - Key: X-XSS-Protection Value: 0
12:07:05.940 [main] INFO  testcases.StatusFolder - Key: Cache-Control Value: no-cache, no-store, max-age=0, must-revalidate
12:07:05.940 [main] INFO  testcases.StatusFolder - Key: Pragma Value: no-cache
12:07:05.941 [main] INFO  testcases.StatusFolder - Key: Expires Value: 0
12:07:05.941 [main] INFO  testcases.StatusFolder - Key: X-Frame-Options Value: DENY
12:07:05.941 [main] INFO  testcases.StatusFolder - Key: Content-Type Value: application/json
12:07:05.942 [main] INFO  testcases.StatusFolder - Key: Transfer-Encoding Value: chunked
12:07:05.942 [main] INFO  testcases.StatusFolder - Key: Date Value: Sat, 16 Dec 2023 06:37:05 GMT
12:07:05.942 [main] INFO  testcases.StatusFolder - Key: Keep-Alive Value: timeout=60
12:07:05.942 [main] INFO  testcases.StatusFolder - Key: Connection Value: keep-alive
12:07:05.942 [main] INFO  testcases.StatusFolder - Unexpected status code: 200
12:07:05.942 [main] INFO  testcases.StatusFolder - Response Time: 370
12:07:05.942 [main] INFO  testcases.StatusFolder - Content Type header value is: application/json
12:07:05.942 [main] INFO  testcases.StatusFolder - Transfer Encoding header value is: chunked
12:07:05.942 [main] INFO  testcases.StatusFolder - Connection header value is: keep-alive
12:07:05.942 [main] INFO  testcases.StatusFolder - Key: X-Content-Type-Options Value: nosniff
12:07:05.942 [main] INFO  testcases.StatusFolder - Key: X-XSS-Protection Value: 0
12:07:05.942 [main] INFO  testcases.StatusFolder - Key: Cache-Control Value: no-cache, no-store, max-age=0, must-revalidate
12:07:05.943 [main] INFO  testcases.StatusFolder - Key: Pragma Value: no-cache
12:07:05.943 [main] INFO  testcases.StatusFolder - Key: Expires Value: 0
12:07:05.943 [main] INFO  testcases.StatusFolder - Key: X-Frame-Options Value: DENY
12:07:05.943 [main] INFO  testcases.StatusFolder - Key: Content-Type Value: application/json
12:07:05.943 [main] INFO  testcases.StatusFolder - Key: Transfer-Encoding Value: chunked
12:07:05.943 [main] INFO  testcases.StatusFolder - Key: Date Value: Sat, 16 Dec 2023 06:37:05 GMT
12:07:05.943 [main] INFO  testcases.StatusFolder - Key: Keep-Alive Value: timeout=60
12:07:05.943 [main] INFO  testcases.StatusFolder - Key: Connection Value: keep-alive
]]></system-out>
  </testcase>
  <testcase name="addRegularTaskWithSamePayloadAsPrevious" classname="testcases.RegularTaskFolder" time="0.462">
    <system-out><![CDATA[12:07:06.382 [main] INFO  testcases.StatusFolder - Response Body:
{
    "timestamp": "2023-12-16T06:37:06.280+00:00",
    "status": 409,
    "error": "Conflict",
    "message": "409 CONFLICT",
    "path": "/task/regular/add"
}
12:07:06.405 [main] INFO  testcases.StatusFolder - Message: 409 CONFLICT
12:07:06.405 [main] INFO  testcases.StatusFolder - Response Code: 409
12:07:06.405 [main] INFO  testcases.StatusFolder - Response Time: 430
]]></system-out>
  </testcase>
  <testcase name="addRegularTaskWithInvalidPayload" classname="testcases.RegularTaskFolder" time="0.608">
    <system-out><![CDATA[12:07:06.997 [main] INFO  testcases.StatusFolder - Response Body:
{
    "timestamp": "2023-12-16T06:37:06.712+00:00",
    "status": 400,
    "error": "Bad Request",
    "message": "Fields are Missing",
    "path": "/task/status/add"
}
12:07:07.014 [main] INFO  testcases.StatusFolder - Message: Fields are Missing
12:07:07.014 [main] INFO  testcases.StatusFolder - Response Code: 400
12:07:07.014 [main] INFO  testcases.StatusFolder - Response Time: 584
]]></system-out>
  </testcase>
  <testcase name="verifyGetAllRegularTaskWithAuthorization" classname="testcases.RegularTaskFolder" time="0.794">
    <system-out><![CDATA[12:07:07.406 [main] INFO  testcases.StatusFolder - Status Code: 200
12:07:07.408 [main] INFO  testcases.StatusFolder - Response Body: {
    "41": "Gmail"
}
All Keys: [41]
12:07:07.789 [main] INFO  testcases.StatusFolder - Response Body:
{
    "41": "French Fries with Sausages"
}
12:07:07.806 [main] INFO  testcases.StatusFolder - Response Code: 200
12:07:07.806 [main] INFO  testcases.StatusFolder - Connection header value is: keep-alive
12:07:07.807 [main] INFO  testcases.StatusFolder - Key: X-Content-Type-Options Value: nosniff
12:07:07.807 [main] INFO  testcases.StatusFolder - Key: X-XSS-Protection Value: 0
12:07:07.807 [main] INFO  testcases.StatusFolder - Key: Cache-Control Value: no-cache, no-store, max-age=0, must-revalidate
12:07:07.807 [main] INFO  testcases.StatusFolder - Key: Pragma Value: no-cache
12:07:07.807 [main] INFO  testcases.StatusFolder - Key: Expires Value: 0
12:07:07.807 [main] INFO  testcases.StatusFolder - Key: X-Frame-Options Value: DENY
12:07:07.807 [main] INFO  testcases.StatusFolder - Key: Content-Type Value: application/json
12:07:07.807 [main] INFO  testcases.StatusFolder - Key: Transfer-Encoding Value: chunked
12:07:07.807 [main] INFO  testcases.StatusFolder - Key: Date Value: Sat, 16 Dec 2023 06:37:06 GMT
12:07:07.807 [main] INFO  testcases.StatusFolder - Key: Keep-Alive Value: timeout=60
12:07:07.808 [main] INFO  testcases.StatusFolder - Key: Connection Value: keep-alive
12:07:07.808 [main] INFO  testcases.StatusFolder - Content Type header value is: application/json
12:07:07.808 [main] INFO  testcases.StatusFolder - Transfer Encoding header value is: chunked
12:07:07.808 [main] INFO  testcases.StatusFolder - Connection header value is: keep-alive
12:07:07.808 [main] INFO  testcases.StatusFolder - Key: X-Content-Type-Options Value: nosniff
12:07:07.808 [main] INFO  testcases.StatusFolder - Key: X-XSS-Protection Value: 0
12:07:07.808 [main] INFO  testcases.StatusFolder - Key: Cache-Control Value: no-cache, no-store, max-age=0, must-revalidate
12:07:07.808 [main] INFO  testcases.StatusFolder - Key: Pragma Value: no-cache
12:07:07.808 [main] INFO  testcases.StatusFolder - Key: Expires Value: 0
12:07:07.808 [main] INFO  testcases.StatusFolder - Key: X-Frame-Options Value: DENY
12:07:07.808 [main] INFO  testcases.StatusFolder - Key: Content-Type Value: application/json
12:07:07.808 [main] INFO  testcases.StatusFolder - Key: Transfer-Encoding Value: chunked
12:07:07.808 [main] INFO  testcases.StatusFolder - Key: Date Value: Sat, 16 Dec 2023 06:37:06 GMT
12:07:07.808 [main] INFO  testcases.StatusFolder - Key: Keep-Alive Value: timeout=60
12:07:07.809 [main] INFO  testcases.StatusFolder - Key: Connection Value: keep-alive
]]></system-out>
  </testcase>
  <testcase name="verifyGetAllRegularTaskWithInvalidEmployeeId" classname="testcases.RegularTaskFolder" time="0.44">
    <system-out><![CDATA[12:07:08.229 [main] INFO  testcases.StatusFolder - Status Code: 404
12:07:08.247 [main] INFO  testcases.StatusFolder - Message: Employee Not Found
12:07:08.248 [main] INFO  testcases.StatusFolder - Response Body: {
    "timestamp": "2023-12-16T06:37:08.120+00:00",
    "status": 404,
    "error": "Not Found",
    "message": "Employee Not Found",
    "path": "/task/regular/get"
}
12:07:08.248 [main] INFO  testcases.StatusFolder - Content Type header value is: application/json
12:07:08.248 [main] INFO  testcases.StatusFolder - Transfer Encoding header value is: chunked
12:07:08.248 [main] INFO  testcases.StatusFolder - Connection header value is: keep-alive
12:07:08.248 [main] INFO  testcases.StatusFolder - Key: X-Content-Type-Options Value: nosniff
12:07:08.248 [main] INFO  testcases.StatusFolder - Key: X-XSS-Protection Value: 0
12:07:08.248 [main] INFO  testcases.StatusFolder - Key: Cache-Control Value: no-cache, no-store, max-age=0, must-revalidate
12:07:08.248 [main] INFO  testcases.StatusFolder - Key: Pragma Value: no-cache
12:07:08.248 [main] INFO  testcases.StatusFolder - Key: Expires Value: 0
12:07:08.248 [main] INFO  testcases.StatusFolder - Key: X-Frame-Options Value: DENY
12:07:08.249 [main] INFO  testcases.StatusFolder - Key: Content-Type Value: application/json
12:07:08.249 [main] INFO  testcases.StatusFolder - Key: Transfer-Encoding Value: chunked
12:07:08.249 [main] INFO  testcases.StatusFolder - Key: Date Value: Sat, 16 Dec 2023 06:37:08 GMT
12:07:08.249 [main] INFO  testcases.StatusFolder - Key: Keep-Alive Value: timeout=60
12:07:08.249 [main] INFO  testcases.StatusFolder - Key: Connection Value: keep-alive
]]></system-out>
  </testcase>
  <testcase name="updateStatusWithoutGivingRegularTaskId" classname="testcases.RegularTaskFolder" time="0.407">
    <system-out><![CDATA[12:07:08.635 [main] INFO  testcases.StatusFolder - Response Body:
{
    "timestamp": "2023-12-16T06:37:08.570+00:00",
    "status": 400,
    "error": "Bad Request",
    "message": "Missing Fields",
    "path": "/task/regular/update"
}
12:07:08.636 [main] INFO  testcases.StatusFolder - Response Code: 400
12:07:08.656 [main] INFO  testcases.StatusFolder - Message: Missing Fields
12:07:08.656 [main] INFO  testcases.StatusFolder - Response Time: 378
]]></system-out>
  </testcase>
  <testcase name="updateStatusByGivingNonExistingRegularTaskId" classname="testcases.RegularTaskFolder" time="0.403">
    <system-out><![CDATA[12:07:09.045 [main] INFO  testcases.StatusFolder - Response Body:
{
    "timestamp": "2023-12-16T06:37:08.977+00:00",
    "status": 404,
    "error": "Not Found",
    "message": "No Regular Tasks Present",
    "path": "/task/regular/update"
}
12:07:09.045 [main] INFO  testcases.StatusFolder - Response Code: 404
12:07:09.058 [main] INFO  testcases.StatusFolder - Message: No Regular Tasks Present
12:07:09.059 [main] INFO  testcases.StatusFolder - Response Time: 380
]]></system-out>
  </testcase>
  <testcase name="deleteSingleRegularTaskWithInvalidRegularTaskId" classname="testcases.RegularTaskFolder" time="0.41">
    <system-out><![CDATA[12:07:09.455 [main] INFO  testcases.StatusFolder - Response Body: {
    "timestamp": "2023-12-16T06:37:09.374+00:00",
    "status": 404,
    "error": "Not Found",
    "message": "Regular Task Not Found",
    "path": "/task/regular/delete"
}
12:07:09.455 [main] INFO  testcases.StatusFolder - Response Code: 404
12:07:09.470 [main] INFO  testcases.StatusFolder - Message: Regular Task Not Found
12:07:09.470 [main] INFO  testcases.StatusFolder - Response Time: 389
]]></system-out>
  </testcase>
  <testcase name="verifyAddRoleWithoutAuthorization" classname="testcases.RoleFolder" time="0.023">
    <system-out><![CDATA[12:07:09.494 [main] INFO  testcases.RoleFolder - Response Body:

12:07:09.494 [main] INFO  testcases.RoleFolder - Response Code: 401
12:07:09.495 [main] INFO  testcases.RoleFolder - Response Time: 16
]]></system-out>
  </testcase>
  <testcase name="verifyGetAllRoleWithoutAuthorization" classname="testcases.RoleFolder" time="0.025">
    <system-out><![CDATA[12:07:09.520 [main] INFO  testcases.RoleFolder - Status Code: 401
]]></system-out>
  </testcase>
  <testcase name="updateRoleWithoutAuthorization" classname="testcases.RoleFolder" time="0.024">
    <system-out><![CDATA[12:07:09.545 [main] INFO  testcases.RoleFolder - Response Body:

12:07:09.545 [main] INFO  testcases.RoleFolder - Response Code: 401
]]></system-out>
  </testcase>
  <testcase name="deleteSingleRoleWithoutAuthorization" classname="testcases.RoleFolder" time="0.022">
    <system-out><![CDATA[12:07:09.567 [main] INFO  testcases.RoleFolder - Response Body: 
12:07:09.568 [main] INFO  testcases.RoleFolder - Status Code: 401
]]></system-out>
  </testcase>
  <testcase name="getRoleByLevelWithoutAuthorization" classname="testcases.RoleFolder" time="0.022">
    <system-out><![CDATA[12:07:09.590 [main] INFO  testcases.RoleFolder - Status Code: 401
12:07:09.591 [main] INFO  testcases.RoleFolder - Response Body: 
]]></system-out>
  </testcase>
  <testcase name="verifyAddRoleWithAuthorization" classname="testcases.RoleFolder" time="0.897">
    <system-out><![CDATA[12:07:10.097 [main] INFO  testcases.RoleFolder - Response Body:
{
    "6": "ROLE_DESIGNER",
    "79": "ROLE_PRODUCER"
}
All Keys: [6, 79]
12:07:10.479 [main] INFO  testcases.RoleFolder - Response Body: {
    "6": "ROLE_DESIGNER"
}
12:07:10.479 [main] INFO  testcases.RoleFolder - Status Code: 200
12:07:10.480 [main] INFO  testcases.RoleFolder - Content Type header value is: application/json
12:07:10.480 [main] INFO  testcases.RoleFolder - Transfer Encoding header value is: chunked
12:07:10.480 [main] INFO  testcases.RoleFolder - Connection header value is: keep-alive
12:07:10.480 [main] INFO  testcases.RoleFolder - Key: X-Content-Type-Options Value: nosniff
12:07:10.480 [main] INFO  testcases.RoleFolder - Key: X-XSS-Protection Value: 0
12:07:10.481 [main] INFO  testcases.RoleFolder - Key: Cache-Control Value: no-cache, no-store, max-age=0, must-revalidate
12:07:10.481 [main] INFO  testcases.RoleFolder - Key: Pragma Value: no-cache
12:07:10.481 [main] INFO  testcases.RoleFolder - Key: Expires Value: 0
12:07:10.481 [main] INFO  testcases.RoleFolder - Key: X-Frame-Options Value: DENY
12:07:10.481 [main] INFO  testcases.RoleFolder - Key: Content-Type Value: application/json
12:07:10.481 [main] INFO  testcases.RoleFolder - Key: Transfer-Encoding Value: chunked
12:07:10.481 [main] INFO  testcases.RoleFolder - Key: Date Value: Sat, 16 Dec 2023 06:37:10 GMT
12:07:10.482 [main] INFO  testcases.RoleFolder - Key: Keep-Alive Value: timeout=60
12:07:10.482 [main] INFO  testcases.RoleFolder - Key: Connection Value: keep-alive
12:07:10.482 [main] INFO  testcases.RoleFolder - Response Code: 200
12:07:10.482 [main] INFO  testcases.RoleFolder - Unexpected status code: 200
12:07:10.482 [main] INFO  testcases.RoleFolder - Response Time: 375
12:07:10.483 [main] INFO  testcases.RoleFolder - Content Type header value is: application/json
12:07:10.483 [main] INFO  testcases.RoleFolder - Transfer Encoding header value is: chunked
12:07:10.483 [main] INFO  testcases.RoleFolder - Connection header value is: keep-alive
12:07:10.483 [main] INFO  testcases.RoleFolder - Key: X-Content-Type-Options Value: nosniff
12:07:10.484 [main] INFO  testcases.RoleFolder - Key: X-XSS-Protection Value: 0
12:07:10.484 [main] INFO  testcases.RoleFolder - Key: Cache-Control Value: no-cache, no-store, max-age=0, must-revalidate
12:07:10.484 [main] INFO  testcases.RoleFolder - Key: Pragma Value: no-cache
12:07:10.484 [main] INFO  testcases.RoleFolder - Key: Expires Value: 0
12:07:10.484 [main] INFO  testcases.RoleFolder - Key: X-Frame-Options Value: DENY
12:07:10.485 [main] INFO  testcases.RoleFolder - Key: Content-Type Value: application/json
12:07:10.485 [main] INFO  testcases.RoleFolder - Key: Transfer-Encoding Value: chunked
12:07:10.485 [main] INFO  testcases.RoleFolder - Key: Date Value: Sat, 16 Dec 2023 06:37:10 GMT
12:07:10.485 [main] INFO  testcases.RoleFolder - Key: Keep-Alive Value: timeout=60
12:07:10.486 [main] INFO  testcases.RoleFolder - Key: Connection Value: keep-alive
]]></system-out>
  </testcase>
  <testcase name="addRoleWithSamePayloadAsPrevious" classname="testcases.RoleFolder" time="0.379">
    <failure message="expected [Role Already Exists] but found [null]" type="java.lang.AssertionError"><![CDATA[java.lang.AssertionError: expected [Role Already Exists] but found [null]
	at org.testng.Assert.fail(Assert.java:111)
	at org.testng.Assert.failNotEquals(Assert.java:1578)
	at org.testng.Assert.assertEqualsImpl(Assert.java:150)
	at org.testng.Assert.assertEquals(Assert.java:132)
	at org.testng.Assert.assertEquals(Assert.java:656)
	at org.testng.Assert.assertEquals(Assert.java:666)
	at testcases.RoleFolder.addRoleWithSamePayloadAsPrevious(RoleFolder.java:205)
	at java.base/jdk.internal.reflect.NativeMethodAccessorImpl.invoke0(Native Method)
	at java.base/jdk.internal.reflect.NativeMethodAccessorImpl.invoke(NativeMethodAccessorImpl.java:77)
	at java.base/jdk.internal.reflect.DelegatingMethodAccessorImpl.invoke(DelegatingMethodAccessorImpl.java:43)
	at java.base/java.lang.reflect.Method.invoke(Method.java:568)
	at org.testng.internal.invokers.MethodInvocationHelper.invokeMethod(MethodInvocationHelper.java:139)
	at org.testng.internal.invokers.TestInvoker.invokeMethod(TestInvoker.java:664)
	at org.testng.internal.invokers.TestInvoker.invokeTestMethod(TestInvoker.java:227)
	at org.testng.internal.invokers.MethodRunner.runInSequence(MethodRunner.java:50)
	at org.testng.internal.invokers.TestInvoker$MethodInvocationAgent.invoke(TestInvoker.java:957)
	at org.testng.internal.invokers.TestInvoker.invokeTestMethods(TestInvoker.java:200)
	at org.testng.internal.invokers.TestMethodWorker.invokeTestMethods(TestMethodWorker.java:148)
	at org.testng.internal.invokers.TestMethodWorker.run(TestMethodWorker.java:128)
	at java.base/java.util.ArrayList.forEach(ArrayList.java:1511)
	at org.testng.TestRunner.privateRun(TestRunner.java:848)
	at org.testng.TestRunner.run(TestRunner.java:621)
	at org.testng.SuiteRunner.runTest(SuiteRunner.java:443)
	at org.testng.SuiteRunner.runSequentially(SuiteRunner.java:437)
	at org.testng.SuiteRunner.privateRun(SuiteRunner.java:397)
	at org.testng.SuiteRunner.run(SuiteRunner.java:336)
	at org.testng.SuiteRunnerWorker.runSuite(SuiteRunnerWorker.java:52)
	at org.testng.SuiteRunnerWorker.run(SuiteRunnerWorker.java:95)
	at org.testng.TestNG.runSuitesSequentially(TestNG.java:1280)
	at org.testng.TestNG.runSuitesLocally(TestNG.java:1200)
	at org.testng.TestNG.runSuites(TestNG.java:1114)
	at org.testng.TestNG.run(TestNG.java:1082)
	at org.apache.maven.surefire.testng.TestNGExecutor.run(TestNGExecutor.java:308)
	at org.apache.maven.surefire.testng.TestNGXmlTestSuite.execute(TestNGXmlTestSuite.java:71)
	at org.apache.maven.surefire.testng.TestNGProvider.invoke(TestNGProvider.java:113)
	at org.apache.maven.surefire.booter.ForkedBooter.runSuitesInProcess(ForkedBooter.java:385)
	at org.apache.maven.surefire.booter.ForkedBooter.execute(ForkedBooter.java:162)
	at org.apache.maven.surefire.booter.ForkedBooter.run(ForkedBooter.java:507)
	at org.apache.maven.surefire.booter.ForkedBooter.main(ForkedBooter.java:495)
]]></failure>
    <system-out><![CDATA[12:07:10.853 [main] INFO  testcases.RoleFolder - Response Body:
{
    "80": "ROLE_FRONT_END_DEVELOPER",
    "6": "ROLE_DESIGNER"
}
12:07:10.867 [main] INFO  testcases.RoleFolder - Message: null
]]></system-out>
  </testcase>
  <testcase name="addRoleWithInvalidPayload" classname="testcases.RoleFolder" time="0.438">
    <system-out><![CDATA[12:07:11.297 [main] INFO  testcases.RoleFolder - Response Body:
{
    "timestamp": "2023-12-16T06:37:11.185+00:00",
    "status": 400,
    "error": "Bad Request",
    "message": "Fields are Missing",
    "path": "/employee/role/add"
}
12:07:11.307 [main] INFO  testcases.RoleFolder - Message: Fields are Missing
12:07:11.307 [main] INFO  testcases.RoleFolder - Response Code: 400
12:07:11.308 [main] INFO  testcases.RoleFolder - Response Time: 422
]]></system-out>
  </testcase>
  <testcase name="addRoleWithSameRoleLevelInPayloadAsPrevious" classname="testcases.RoleFolder" time="0.384">
    <failure message="expected [Role Already Exists] but found [null]" type="java.lang.AssertionError"><![CDATA[java.lang.AssertionError: expected [Role Already Exists] but found [null]
	at org.testng.Assert.fail(Assert.java:111)
	at org.testng.Assert.failNotEquals(Assert.java:1578)
	at org.testng.Assert.assertEqualsImpl(Assert.java:150)
	at org.testng.Assert.assertEquals(Assert.java:132)
	at org.testng.Assert.assertEquals(Assert.java:656)
	at org.testng.Assert.assertEquals(Assert.java:666)
	at testcases.RoleFolder.addRoleWithSameRoleLevelInPayloadAsPrevious(RoleFolder.java:257)
	at java.base/jdk.internal.reflect.NativeMethodAccessorImpl.invoke0(Native Method)
	at java.base/jdk.internal.reflect.NativeMethodAccessorImpl.invoke(NativeMethodAccessorImpl.java:77)
	at java.base/jdk.internal.reflect.DelegatingMethodAccessorImpl.invoke(DelegatingMethodAccessorImpl.java:43)
	at java.base/java.lang.reflect.Method.invoke(Method.java:568)
	at org.testng.internal.invokers.MethodInvocationHelper.invokeMethod(MethodInvocationHelper.java:139)
	at org.testng.internal.invokers.TestInvoker.invokeMethod(TestInvoker.java:664)
	at org.testng.internal.invokers.TestInvoker.invokeTestMethod(TestInvoker.java:227)
	at org.testng.internal.invokers.MethodRunner.runInSequence(MethodRunner.java:50)
	at org.testng.internal.invokers.TestInvoker$MethodInvocationAgent.invoke(TestInvoker.java:957)
	at org.testng.internal.invokers.TestInvoker.invokeTestMethods(TestInvoker.java:200)
	at org.testng.internal.invokers.TestMethodWorker.invokeTestMethods(TestMethodWorker.java:148)
	at org.testng.internal.invokers.TestMethodWorker.run(TestMethodWorker.java:128)
	at java.base/java.util.ArrayList.forEach(ArrayList.java:1511)
	at org.testng.TestRunner.privateRun(TestRunner.java:848)
	at org.testng.TestRunner.run(TestRunner.java:621)
	at org.testng.SuiteRunner.runTest(SuiteRunner.java:443)
	at org.testng.SuiteRunner.runSequentially(SuiteRunner.java:437)
	at org.testng.SuiteRunner.privateRun(SuiteRunner.java:397)
	at org.testng.SuiteRunner.run(SuiteRunner.java:336)
	at org.testng.SuiteRunnerWorker.runSuite(SuiteRunnerWorker.java:52)
	at org.testng.SuiteRunnerWorker.run(SuiteRunnerWorker.java:95)
	at org.testng.TestNG.runSuitesSequentially(TestNG.java:1280)
	at org.testng.TestNG.runSuitesLocally(TestNG.java:1200)
	at org.testng.TestNG.runSuites(TestNG.java:1114)
	at org.testng.TestNG.run(TestNG.java:1082)
	at org.apache.maven.surefire.testng.TestNGExecutor.run(TestNGExecutor.java:308)
	at org.apache.maven.surefire.testng.TestNGXmlTestSuite.execute(TestNGXmlTestSuite.java:71)
	at org.apache.maven.surefire.testng.TestNGProvider.invoke(TestNGProvider.java:113)
	at org.apache.maven.surefire.booter.ForkedBooter.runSuitesInProcess(ForkedBooter.java:385)
	at org.apache.maven.surefire.booter.ForkedBooter.execute(ForkedBooter.java:162)
	at org.apache.maven.surefire.booter.ForkedBooter.run(ForkedBooter.java:507)
	at org.apache.maven.surefire.booter.ForkedBooter.main(ForkedBooter.java:495)
]]></failure>
    <system-out><![CDATA[12:07:11.678 [main] INFO  testcases.RoleFolder - Response Body:
{
    "80": "ROLE_FRONT_END_DEVELOPER",
    "81": "ROLE_ARCHITECT",
    "6": "ROLE_DESIGNER"
}
12:07:11.689 [main] INFO  testcases.RoleFolder - Message: null
]]></system-out>
  </testcase>
  <testcase name="verifyGetAllRoleWithAuthorization" classname="testcases.RoleFolder" time="0.865">
    <system-out><![CDATA[12:07:12.116 [main] INFO  testcases.RoleFolder - Status Code: 200
12:07:12.117 [main] INFO  testcases.RoleFolder - Response Body: {
    "80": "ROLE_FRONT_END_DEVELOPER",
    "81": "ROLE_ARCHITECT",
    "6": "ROLE_DESIGNER"
}
All Keys: [80, 81, 6]
81
12:07:12.540 [main] INFO  testcases.RoleFolder - Response Body:
{
    "80": "ROLE_FRONT_END_DEVELOPER",
    "81": "ROLE_COORDINATOR",
    "6": "ROLE_DESIGNER"
}
12:07:12.555 [main] INFO  testcases.RoleFolder - Response Code: 200
12:07:12.555 [main] INFO  testcases.RoleFolder - Content Type header value is: application/json
12:07:12.555 [main] INFO  testcases.RoleFolder - Transfer Encoding header value is: chunked
12:07:12.555 [main] INFO  testcases.RoleFolder - Connection header value is: keep-alive
12:07:12.555 [main] INFO  testcases.RoleFolder - Key: X-Content-Type-Options Value: nosniff
12:07:12.555 [main] INFO  testcases.RoleFolder - Key: X-XSS-Protection Value: 0
12:07:12.555 [main] INFO  testcases.RoleFolder - Key: Cache-Control Value: no-cache, no-store, max-age=0, must-revalidate
12:07:12.555 [main] INFO  testcases.RoleFolder - Key: Pragma Value: no-cache
12:07:12.555 [main] INFO  testcases.RoleFolder - Key: Expires Value: 0
12:07:12.555 [main] INFO  testcases.RoleFolder - Key: X-Frame-Options Value: DENY
12:07:12.555 [main] INFO  testcases.RoleFolder - Key: Content-Type Value: application/json
12:07:12.555 [main] INFO  testcases.RoleFolder - Key: Transfer-Encoding Value: chunked
12:07:12.556 [main] INFO  testcases.RoleFolder - Key: Date Value: Sat, 16 Dec 2023 06:37:11 GMT
12:07:12.556 [main] INFO  testcases.RoleFolder - Key: Keep-Alive Value: timeout=60
[...]
12:07:17.567 [main] INFO  testcases.TagFolder - Key: Pragma Value: no-cache
12:07:17.567 [main] INFO  testcases.TagFolder - Key: Expires Value: 0
12:07:17.567 [main] INFO  testcases.TagFolder - Key: X-Frame-Options Value: DENY
12:07:17.567 [main] INFO  testcases.TagFolder - Key: Content-Type Value: application/json
12:07:17.567 [main] INFO  testcases.TagFolder - Key: Transfer-Encoding Value: chunked
12:07:17.567 [main] INFO  testcases.TagFolder - Key: Date Value: Sat, 16 Dec 2023 06:37:16 GMT
12:07:17.567 [main] INFO  testcases.TagFolder - Key: Keep-Alive Value: timeout=60
12:07:17.567 [main] INFO  testcases.TagFolder - Key: Connection Value: keep-alive
]]></system-out>
  </testcase>
  <testcase name="updateTagWithoutGivingTagId" classname="testcases.TagFolder" time="0.469">
    <system-out><![CDATA[12:07:18.018 [main] INFO  testcases.TagFolder - Response Body:
{
    "timestamp": "2023-12-16T06:37:17.978+00:00",
    "status": 400,
    "error": "Bad Request",
    "message": "Fields are missing",
    "path": "/task/tag/update"
}
12:07:18.037 [main] INFO  testcases.TagFolder - Message: Fields are missing
12:07:18.037 [main] INFO  testcases.TagFolder - Response Code: 400
12:07:18.037 [main] INFO  testcases.TagFolder - Response Time: 439
]]></system-out>
  </testcase>
  <testcase name="updateTagByGivingNonExistingTagId" classname="testcases.TagFolder" time="0.423">
    <system-out><![CDATA[12:07:18.427 [main] INFO  testcases.TagFolder - Response Body:
{
    "timestamp": "2023-12-16T06:37:18.370+00:00",
    "status": 404,
    "error": "Not Found",
    "message": "No Tag Present For Given Id",
    "path": "/task/tag/update"
}
12:07:18.460 [main] INFO  testcases.TagFolder - Message: No Tag Present For Given Id
12:07:18.460 [main] INFO  testcases.TagFolder - Response Code: 404
12:07:18.460 [main] INFO  testcases.TagFolder - Response Time: 380
]]></system-out>
  </testcase>
  <testcase name="deleteSingleTagWithInvalidTagName" classname="testcases.TagFolder" time="0.431">
    <system-out><![CDATA[12:07:18.875 [main] INFO  testcases.TagFolder - Response Body: {
    "timestamp": "2023-12-16T06:37:18.827+00:00",
    "status": 404,
    "error": "Not Found",
    "message": "No tag to delete with tag,Durgan Inc,caribou.",
    "path": "/task/tag/delete/single"
}
12:07:18.892 [main] INFO  testcases.TagFolder - Message: No tag to delete with tag,Durgan Inc,caribou.
12:07:18.892 [main] INFO  testcases.TagFolder - Response Code: 404
12:07:18.892 [main] INFO  testcases.TagFolder - Response Time: 401
]]></system-out>
  </testcase>
  <testcase name="verifyAddPriorityWithoutAuthorization" classname="testcases.PriorityFolder" time="0.027">
    <system-out><![CDATA[12:07:18.918 [main] INFO  testcases.PriorityFolder - Response Body:

12:07:18.918 [main] INFO  testcases.PriorityFolder - Response Code: 401
12:07:18.918 [main] INFO  testcases.PriorityFolder - Response Time: 15
]]></system-out>
  </testcase>
  <testcase name="verifyGetAllPriorityWithoutAuthorization" classname="testcases.PriorityFolder" time="0.022">
    <system-out><![CDATA[12:07:18.944 [main] INFO  testcases.PriorityFolder - Status Code: 401
]]></system-out>
  </testcase>
  <testcase name="updatePriorityWithoutAuthorization" classname="testcases.PriorityFolder" time="0.03">
    <system-out><![CDATA[12:07:18.972 [main] INFO  testcases.PriorityFolder - Response Body:

12:07:18.972 [main] INFO  testcases.PriorityFolder - Response Code: 401
]]></system-out>
  </testcase>
  <testcase name="verifyAddPriorityWithAuthorization" classname="testcases.PriorityFolder" time="0.839">
    <system-out><![CDATA[12:07:19.388 [main] INFO  testcases.PriorityFolder - Response Body:
{
    "timestamp": "2023-12-16T06:37:19.317+00:00",
    "status": 422,
    "error": "Unprocessable Entity",
    "message": "Priority Already Exits",
    "path": "/task/priority/add"
}
All Keys: [timestamp, status, error, message, path]
12:07:19.796 [main] INFO  testcases.PriorityFolder - Response Body: {
    "timestamp": "2023-12-16T06:37:19.728+00:00",
    "status": 404,
    "error": "Not Found",
    "message": "No priority to delete with Priority Already Exits.",
    "path": "/task/priority/delete/single"
}
12:07:19.796 [main] INFO  testcases.PriorityFolder - Status Code: 404
12:07:19.813 [main] INFO  testcases.PriorityFolder - Message: No priority to delete with Priority Already Exits.
12:07:19.813 [main] INFO  testcases.PriorityFolder - Content Type header value is: application/json
12:07:19.813 [main] INFO  testcases.PriorityFolder - Transfer Encoding header value is: chunked
12:07:19.813 [main] INFO  testcases.PriorityFolder - Connection header value is: keep-alive
12:07:19.813 [main] INFO  testcases.PriorityFolder - Key: X-Content-Type-Options Value: nosniff
12:07:19.813 [main] INFO  testcases.PriorityFolder - Key: X-XSS-Protection Value: 0
12:07:19.813 [main] INFO  testcases.PriorityFolder - Key: Cache-Control Value: no-cache, no-store, max-age=0, must-revalidate
12:07:19.813 [main] INFO  testcases.PriorityFolder - Key: Pragma Value: no-cache
12:07:19.813 [main] INFO  testcases.PriorityFolder - Key: Expires Value: 0
12:07:19.813 [main] INFO  testcases.PriorityFolder - Key: X-Frame-Options Value: DENY
12:07:19.813 [main] INFO  testcases.PriorityFolder - Key: Content-Type Value: application/json
12:07:19.813 [main] INFO  testcases.PriorityFolder - Key: Transfer-Encoding Value: chunked
12:07:19.813 [main] INFO  testcases.PriorityFolder - Key: Date Value: Sat, 16 Dec 2023 06:37:19 GMT
12:07:19.813 [main] INFO  testcases.PriorityFolder - Key: Keep-Alive Value: timeout=60
12:07:19.813 [main] INFO  testcases.PriorityFolder - Key: Connection Value: keep-alive
12:07:19.813 [main] INFO  testcases.PriorityFolder - Response Code: 404
12:07:19.813 [main] INFO  testcases.PriorityFolder - Unexpected status code: 404
12:07:19.813 [main] INFO  testcases.PriorityFolder - Response Time: 383
12:07:19.813 [main] INFO  testcases.PriorityFolder - Content Type header value is: application/json
12:07:19.813 [main] INFO  testcases.PriorityFolder - Transfer Encoding header value is: chunked
12:07:19.813 [main] INFO  testcases.PriorityFolder - Connection header value is: keep-alive
12:07:19.813 [main] INFO  testcases.PriorityFolder - Key: X-Content-Type-Options Value: nosniff
12:07:19.813 [main] INFO  testcases.PriorityFolder - Key: X-XSS-Protection Value: 0
12:07:19.813 [main] INFO  testcases.PriorityFolder - Key: Cache-Control Value: no-cache, no-store, max-age=0, must-revalidate
12:07:19.814 [main] INFO  testcases.PriorityFolder - Key: Pragma Value: no-cache
12:07:19.814 [main] INFO  testcases.PriorityFolder - Key: Expires Value: 0
12:07:19.814 [main] INFO  testcases.PriorityFolder - Key: X-Frame-Options Value: DENY
12:07:19.814 [main] INFO  testcases.PriorityFolder - Key: Content-Type Value: application/json
12:07:19.814 [main] INFO  testcases.PriorityFolder - Key: Transfer-Encoding Value: chunked
12:07:19.814 [main] INFO  testcases.PriorityFolder - Key: Date Value: Sat, 16 Dec 2023 06:37:19 GMT
12:07:19.814 [main] INFO  testcases.PriorityFolder - Key: Keep-Alive Value: timeout=60
12:07:19.814 [main] INFO  testcases.PriorityFolder - Key: Connection Value: keep-alive
]]></system-out>
  </testcase>
  <testcase name="addPriorityWithSamePayloadAsPrevious" classname="testcases.PriorityFolder" time="0.413">
    <failure message="expected [Priority Already Exits] but found [null]" type="java.lang.AssertionError"><![CDATA[java.lang.AssertionError: expected [Priority Already Exits] but found [null]
	at org.testng.Assert.fail(Assert.java:111)
	at org.testng.Assert.failNotEquals(Assert.java:1578)
	at org.testng.Assert.assertEqualsImpl(Assert.java:150)
	at org.testng.Assert.assertEquals(Assert.java:132)
	at org.testng.Assert.assertEquals(Assert.java:656)
	at org.testng.Assert.assertEquals(Assert.java:666)
	at testcases.PriorityFolder.addPriorityWithSamePayloadAsPrevious(PriorityFolder.java:194)
	at java.base/jdk.internal.reflect.NativeMethodAccessorImpl.invoke0(Native Method)
	at java.base/jdk.internal.reflect.NativeMethodAccessorImpl.invoke(NativeMethodAccessorImpl.java:77)
	at java.base/jdk.internal.reflect.DelegatingMethodAccessorImpl.invoke(DelegatingMethodAccessorImpl.java:43)
	at java.base/java.lang.reflect.Method.invoke(Method.java:568)
	at org.testng.internal.invokers.MethodInvocationHelper.invokeMethod(MethodInvocationHelper.java:139)
	at org.testng.internal.invokers.TestInvoker.invokeMethod(TestInvoker.java:664)
	at org.testng.internal.invokers.TestInvoker.invokeTestMethod(TestInvoker.java:227)
	at org.testng.internal.invokers.MethodRunner.runInSequence(MethodRunner.java:50)
	at org.testng.internal.invokers.TestInvoker$MethodInvocationAgent.invoke(TestInvoker.java:957)
	at org.testng.internal.invokers.TestInvoker.invokeTestMethods(TestInvoker.java:200)
	at org.testng.internal.invokers.TestMethodWorker.invokeTestMethods(TestMethodWorker.java:148)
	at org.testng.internal.invokers.TestMethodWorker.run(TestMethodWorker.java:128)
	at java.base/java.util.ArrayList.forEach(ArrayList.java:1511)
	at org.testng.TestRunner.privateRun(TestRunner.java:848)
	at org.testng.TestRunner.run(TestRunner.java:621)
	at org.testng.SuiteRunner.runTest(SuiteRunner.java:443)
	at org.testng.SuiteRunner.runSequentially(SuiteRunner.java:437)
	at org.testng.SuiteRunner.privateRun(SuiteRunner.java:397)
	at org.testng.SuiteRunner.run(SuiteRunner.java:336)
	at org.testng.SuiteRunnerWorker.runSuite(SuiteRunnerWorker.java:52)
	at org.testng.SuiteRunnerWorker.run(SuiteRunnerWorker.java:95)
	at org.testng.TestNG.runSuitesSequentially(TestNG.java:1280)
	at org.testng.TestNG.runSuitesLocally(TestNG.java:1200)
	at org.testng.TestNG.runSuites(TestNG.java:1114)
	at org.testng.TestNG.run(TestNG.java:1082)
	at org.apache.maven.surefire.testng.TestNGExecutor.run(TestNGExecutor.java:308)
	at org.apache.maven.surefire.testng.TestNGXmlTestSuite.execute(TestNGXmlTestSuite.java:71)
	at org.apache.maven.surefire.testng.TestNGProvider.invoke(TestNGProvider.java:113)
	at org.apache.maven.surefire.booter.ForkedBooter.runSuitesInProcess(ForkedBooter.java:385)
	at org.apache.maven.surefire.booter.ForkedBooter.execute(ForkedBooter.java:162)
	at org.apache.maven.surefire.booter.ForkedBooter.run(ForkedBooter.java:507)
	at org.apache.maven.surefire.booter.ForkedBooter.main(ForkedBooter.java:495)
]]></failure>
    <system-out><![CDATA[12:07:20.206 [main] INFO  testcases.PriorityFolder - Response Body:
{
    "112": "Human",
    "116": "Low",
    "23": "Peak1"
}
12:07:20.225 [main] INFO  testcases.PriorityFolder - Message: null
]]></system-out>
  </testcase>
  <testcase name="addPriorityWithInvalidPayload" classname="testcases.PriorityFolder" time="0.405">
    <system-out><![CDATA[12:07:20.617 [main] INFO  testcases.PriorityFolder - Response Body:
{
    "timestamp": "2023-12-16T06:37:20.558+00:00",
    "status": 400,
    "error": "Bad Request",
    "message": "Fields are Missing",
    "path": "/task/priority/add"
}
12:07:20.631 [main] INFO  testcases.PriorityFolder - Message: Fields are Missing
12:07:20.632 [main] INFO  testcases.PriorityFolder - Response Code: 400
12:07:20.632 [main] INFO  testcases.PriorityFolder - Response Time: 379
]]></system-out>
  </testcase>
  <testcase name="addStatusWithSamePriorityLevelInPayloadAsPrevious" classname="testcases.PriorityFolder" time="0.385">
    <system-out><![CDATA[12:07:21.004 [main] INFO  testcases.PriorityFolder - Response Body:
{
    "timestamp": "2023-12-16T06:37:20.965+00:00",
    "status": 422,
    "error": "Unprocessable Entity",
    "message": "Priority Already Exits",
    "path": "/task/priority/add"
}
12:07:21.019 [main] INFO  testcases.PriorityFolder - Message: Priority Already Exits
12:07:21.019 [main] INFO  testcases.PriorityFolder - Response Code: 422
12:07:21.019 [main] INFO  testcases.PriorityFolder - Response Time: 361
]]></system-out>
  </testcase>
  <testcase name="verifyGetAllPriorityWithAuthorization" classname="testcases.PriorityFolder" time="0.856">
    <system-out><![CDATA[12:07:21.437 [main] INFO  testcases.PriorityFolder - Status Code: 200
12:07:21.438 [main] INFO  testcases.PriorityFolder - Response Body: {
    "112": "Human",
    "116": "Low",
    "23": "Peak1"
}
All Keys: [112, 116, 23]
116
12:07:21.846 [main] INFO  testcases.PriorityFolder - Response Body:
{
    "112": "Human",
    "116": "National",
    "23": "Peak1"
}
12:07:21.875 [main] INFO  testcases.PriorityFolder - Response Code: 200
12:07:21.875 [main] INFO  testcases.PriorityFolder - Content Type header value is: application/json
12:07:21.875 [main] INFO  testcases.PriorityFolder - Transfer Encoding header value is: chunked
12:07:21.875 [main] INFO  testcases.PriorityFolder - Connection header value is: keep-alive
12:07:21.876 [main] INFO  testcases.PriorityFolder - Key: X-Content-Type-Options Value: nosniff
12:07:21.876 [main] INFO  testcases.PriorityFolder - Key: X-XSS-Protection Value: 0
12:07:21.876 [main] INFO  testcases.PriorityFolder - Key: Cache-Control Value: no-cache, no-store, max-age=0, must-revalidate
12:07:21.876 [main] INFO  testcases.PriorityFolder - Key: Pragma Value: no-cache
12:07:21.876 [main] INFO  testcases.PriorityFolder - Key: Expires Value: 0
12:07:21.876 [main] INFO  testcases.PriorityFolder - Key: X-Frame-Options Value: DENY
12:07:21.876 [main] INFO  testcases.PriorityFolder - Key: Content-Type Value: application/json
12:07:21.876 [main] INFO  testcases.PriorityFolder - Key: Transfer-Encoding Value: chunked
12:07:21.876 [main] INFO  testcases.PriorityFolder - Key: Date Value: Sat, 16 Dec 2023 06:37:21 GMT
12:07:21.876 [main] INFO  testcases.PriorityFolder - Key: Keep-Alive Value: timeout=60
12:07:21.876 [main] INFO  testcases.PriorityFolder - Key: Connection Value: keep-alive
12:07:21.876 [main] INFO  testcases.PriorityFolder - Content Type header value is: application/json
12:07:21.876 [main] INFO  testcases.PriorityFolder - Transfer Encoding header value is: chunked
12:07:21.876 [main] INFO  testcases.PriorityFolder - Connection header value is: keep-alive
12:07:21.876 [main] INFO  testcases.PriorityFolder - Key: X-Content-Type-Options Value: nosniff
12:07:21.876 [main] INFO  testcases.PriorityFolder - Key: X-XSS-Protection Value: 0
12:07:21.876 [main] INFO  testcases.PriorityFolder - Key: Cache-Control Value: no-cache, no-store, max-age=0, must-revalidate
12:07:21.876 [main] INFO  testcases.PriorityFolder - Key: Pragma Value: no-cache
12:07:21.876 [main] INFO  testcases.PriorityFolder - Key: Expires Value: 0
12:07:21.876 [main] INFO  testcases.PriorityFolder - Key: X-Frame-Options Value: DENY
12:07:21.876 [main] INFO  testcases.PriorityFolder - Key: Content-Type Value: application/json
12:07:21.876 [main] INFO  testcases.PriorityFolder - Key: Transfer-Encoding Value: chunked
12:07:21.876 [main] INFO  testcases.PriorityFolder - Key: Date Value: Sat, 16 Dec 2023 06:37:21 GMT
12:07:21.877 [main] INFO  testcases.PriorityFolder - Key: Keep-Alive Value: timeout=60
12:07:21.877 [main] INFO  testcases.PriorityFolder - Key: Connection Value: keep-alive
]]></system-out>
  </testcase>
  <testcase name="updatePriorityWithAuthorization" classname="testcases.PriorityFolder" time="0.871">
    <failure message="&#10;Cannot inject @Test annotated Method [updatePriorityWithAuthorization] with [class java.lang.Integer].&#10;For more information on native dependency injection please refer to https://testng.org/doc/documentation-main.html#native-dependency-injection" type="org.testng.TestNGException"><![CDATA[org.testng.TestNGException: 

Cannot inject @Test annotated Method [updatePriorityWithAuthorization] with [class java.lang.Integer].
For more information on native dependency injection please refer to https://testng.org/doc/documentation-main.html#native-dependency-injection
	at org.testng.internal.Parameters.checkParameterTypes(Parameters.java:436)
	at org.testng.internal.Parameters.createParametersForMethod(Parameters.java:350)
	at org.testng.internal.Parameters.createParameters(Parameters.java:693)
	at org.testng.internal.Parameters.handleParameters(Parameters.java:879)
	at org.testng.internal.Parameters.handleParameters(Parameters.java:728)
	at org.testng.internal.invokers.ParameterHandler.handleParameters(ParameterHandler.java:72)
	at org.testng.internal.invokers.ParameterHandler.createParameters(ParameterHandler.java:51)
	at org.testng.internal.invokers.TestInvoker$MethodInvocationAgent.invoke(TestInvoker.java:911)
	at org.testng.internal.invokers.TestInvoker.invokeTestMethods(TestInvoker.java:200)
	at org.testng.internal.invokers.TestMethodWorker.invokeTestMethods(TestMethodWorker.java:148)
	at org.testng.internal.invokers.TestMethodWorker.run(TestMethodWorker.java:128)
	at java.base/java.util.ArrayList.forEach(ArrayList.java:1511)
	at org.testng.TestRunner.privateRun(TestRunner.java:848)
	at org.testng.TestRunner.run(TestRunner.java:621)
	at org.testng.SuiteRunner.runTest(SuiteRunner.java:443)
	at org.testng.SuiteRunner.runSequentially(SuiteRunner.java:437)
	at org.testng.SuiteRunner.privateRun(SuiteRunner.java:397)
	at org.testng.SuiteRunner.run(SuiteRunner.java:336)
	at org.testng.SuiteRunnerWorker.runSuite(SuiteRunnerWorker.java:52)
	at org.testng.SuiteRunnerWorker.run(SuiteRunnerWorker.java:95)
	at org.testng.TestNG.runSuitesSequentially(TestNG.java:1280)
	at org.testng.TestNG.runSuitesLocally(TestNG.java:1200)
	at org.testng.TestNG.runSuites(TestNG.java:1114)
	at org.testng.TestNG.run(TestNG.java:1082)
	at org.apache.maven.surefire.testng.TestNGExecutor.run(TestNGExecutor.java:308)
	at org.apache.maven.surefire.testng.TestNGXmlTestSuite.execute(TestNGXmlTestSuite.java:71)
	at org.apache.maven.surefire.testng.TestNGProvider.invoke(TestNGProvider.java:113)
	at org.apache.maven.surefire.booter.ForkedBooter.runSuitesInProcess(ForkedBooter.java:385)
	at org.apache.maven.surefire.booter.ForkedBooter.execute(ForkedBooter.java:162)
	at org.apache.maven.surefire.booter.ForkedBooter.run(ForkedBooter.java:507)
	at org.apache.maven.surefire.booter.ForkedBooter.main(ForkedBooter.java:495)
]]></failure>
  </testcase>
  <testcase name="updatePriorityWithoutGivingPriorityId" classname="testcases.PriorityFolder" time="0.514">
    <system-out><![CDATA[12:07:22.383 [main] INFO  testcases.PriorityFolder - Response Body:
{
    "timestamp": "2023-12-16T06:37:22.221+00:00",
    "status": 400,
    "error": "Bad Request",
    "message": "Fields are missing",
    "path": "/task/priority/update"
}
12:07:22.404 [main] INFO  testcases.PriorityFolder - Message: Fields are missing
12:07:22.404 [main] INFO  testcases.PriorityFolder - Response Code: 400
12:07:22.405 [main] INFO  testcases.PriorityFolder - Response Time: 481
]]></system-out>
  </testcase>
  <testcase name="updatePriorityByGivingNonExistingPriorityId" classname="testcases.PriorityFolder" time="0.465">
    <system-out><![CDATA[12:07:22.871 [main] INFO  testcases.PriorityFolder - Response Body:
{
    "timestamp": "2023-12-16T06:37:22.738+00:00",
    "status": 404,
    "error": "Not Found",
    "message": "No Priority Present For Given Id",
    "path": "/task/priority/update"
}
12:07:22.871 [main] INFO  testcases.PriorityFolder - Response Code: 404
12:07:22.872 [main] INFO  testcases.PriorityFolder - Response Time: 455
]]></system-out>
  </testcase>
  <testcase name="deleteSinglePriorityWithInvalidPriorityName" classname="testcases.PriorityFolder" time="0.425">
    <system-out><![CDATA[12:07:23.280 [main] INFO  testcases.PriorityFolder - Response Body: {
    "timestamp": "2023-12-16T06:37:23.209+00:00",
    "status": 404,
    "error": "Not Found",
    "message": "No priority to delete with Priority Already Exits,Master2.",
    "path": "/task/priority/delete/single"
}
12:07:23.296 [main] INFO  testcases.PriorityFolder - Message: No priority to delete with Priority Already Exits,Master2.
12:07:23.296 [main] INFO  testcases.PriorityFolder - Response Code: 404
12:07:23.297 [main] INFO  testcases.PriorityFolder - Response Time: 397
]]></system-out>
  </testcase>
</testsuite>