<?xml version="1.0" encoding="UTF-8"?>
<testsuite xmlns:xsi="http://www.w3.org/2001/XMLSchema-instance" xsi:noNamespaceSchemaLocation="https://maven.apache.org/surefire/maven-surefire-plugin/xsd/surefire-test-report-3.0.xsd" version="3.0" name="TestSuite" time="3.972" tests="3" errors="0" skipped="0" failures="0">
  <properties>
[...]
</properties>
  <testcase name="addStatus" classname="testcases.TaskModule" time="1.742">
    <system-out><![CDATA[ERROR StatusConsoleListener File contains invalid attributes "Layout", "target"
15:31:28.006 [main] INFO  testcases.TaskModule - Response Body:
{
    "timestamp": "2023-11-30T10:01:28.303+00:00",
    "status": 422,
    "error": "Unprocessable Entity",
    "message": "Status Already Exits",
    "path": "/task/status/add"
}
15:31:28.011 [main] INFO  testcases.TaskModule - Response Code: 422
15:31:28.012 [main] INFO  testcases.TaskModule - Response Time: 649
15:31:28.012 [main] INFO  testcases.TaskModule - Response Header: application/json
]]></system-out>
    <system-err><![CDATA[SLF4J: Failed to load class "org.slf4j.impl.StaticLoggerBinder".
SLF4J: Defaulting to no-operation (NOP) logger implementation
SLF4J: See http://www.slf4j.org/codes.html#StaticLoggerBinder for further details.
]]></system-err>
  </testcase>
  <testcase name="addPriority" classname="testcases.TaskModule" time="0.065">
    <system-out><![CDATA[15:31:28.158 [main] INFO  testcases.TaskModule - Response Body:
{
    "timestamp": "2023-11-30T10:01:28.533+00:00",
    "status": 422,
    "error": "Unprocessable Entity",
    "message": "Priority Already Exits",
    "path": "/task/priority/add"
}
15:31:28.158 [main] INFO  testcases.TaskModule - Response Code: 422
15:31:28.159 [main] INFO  testcases.TaskModule - Response Time: 45
15:31:28.159 [main] INFO  testcases.TaskModule - Response Header: application/json
]]></system-out>
  </testcase>
  <testcase name="getPriority" classname="testcases.TaskModule" time="0.168">
    <system-out><![CDATA[15:31:28.325 [main] INFO  testcases.TaskModule - Response Body:
{
    "3": "Highest",
    "4": "Low",
    "5": "Medium",
    "7": "Lower1"
}
15:31:28.326 [main] INFO  testcases.TaskModule - Response Code: 200
15:31:28.326 [main] INFO  testcases.TaskModule - Response Time: 151
15:31:28.326 [main] INFO  testcases.TaskModule - Response Header: application/json
]]></system-out>
  </testcase>
</testsuite>