<?xml version="1.0" encoding="UTF-8"?>
<testsuite xmlns:xsi="http://www.w3.org/2001/XMLSchema-instance" xsi:noNamespaceSchemaLocation="https://maven.apache.org/surefire/maven-surefire-plugin/xsd/surefire-test-report-3.0.xsd" version="3.0" name="TestSuite" time="26.252" tests="69" errors="0" skipped="0" failures="4">
  <properties>
[...]
</properties>
  <testcase name="verifyAddProjectWithoutAuthorization" classname="testcases.ProjectFolder" time="1.169">
    <system-out><![CDATA[WARN StatusConsoleListener No Root logger was configured, creating default ERROR-level Root logger with Console appender
ERROR StatusConsoleListener Unable to locate appender "Class2LogFile" for logger config "testcases.PriorityFolder"
11:04:56.984 [main] INFO  testcases.ProjectFolder - Response Body:

11:04:56.988 [main] INFO  testcases.ProjectFolder - Response Code: 401
11:04:56.994 [main] INFO  testcases.ProjectFolder - Response Time: 419
]]></system-out>
    <system-err><![CDATA[SLF4J: Failed to load class "org.slf4j.impl.StaticLoggerBinder".
SLF4J: Defaulting to no-operation (NOP) logger implementation
SLF4J: See http://www.slf4j.org/codes.html#StaticLoggerBinder for further details.
]]></system-err>
  </testcase>
  <testcase name="verifyGetAllProjectWithoutAuthorization" classname="testcases.ProjectFolder" time="0.044">
    <system-out><![CDATA[11:04:57.109 [main] INFO  testcases.ProjectFolder - Status Code: 401
]]></system-out>
  </testcase>
  <testcase name="verifyAddProjectWithAuthorization" classname="testcases.ProjectFolder" time="0.579">
    <system-out><![CDATA[11:04:57.687 [main] INFO  testcases.ProjectFolder - Response Body:
[
    {
        "projectId": 1,
        "projectName": "E-commerce App",
        "projectStartDate": "2023-12-05"
    },
    {
        "projectId": 2,
        "projectName": "E-commerce App",
        "projectStartDate": "2023-12-05"
    },
    {
        "projectId": 4,
        "projectName": "E-commerce App",
        "projectStartDate": "2023-12-05"
    },
    {
        "projectId": 9,
        "projectName": "E-commerce App",
        "projectStartDate": "2023-12-05"
    },
    {
        "projectId": 13,
        "projectName": "E-commerce App",
        "projectStartDate": "2023-12-05"
    },
    {
        "projectId": 16,
        "projectName": "E-commerce App",
        "projectStartDate": "2023-12-05"
    },
    {
        "projectId": 19,
        "projectName": "E-commerce App",
        "projectStartDate": "2023-12-05"
    },
    {
        "projectId": 22,
        "projectName": "E-commerce App",
        "projectStartDate": "2023-12-05"
    },
    {
        "projectId": 15,
        "projectName": "It",
        "projectStartDate": "2021-01-01"
    },
    {
        "projectId": 24,
        "projectName": "Bitwolf",
        "projectStartDate": "2019-06-05"
    },
    {
        "projectId": 3,
        "projectName": "Home Ing",
        "projectStartDate": "2017-08-11"
    },
    {
        "projectId": 21,
        "projectName": "Prodder",
        "projectStartDate": "2015-03-16"
    },
    {
        "projectId": 18,
        "projectName": "Overhold",
        "projectStartDate": "2013-02-21"
    },
    {
        "projectId": 12,
        "projectName": "Y-find",
        "projectStartDate": "2003-03-11"
    },
    {
        "projectId": 8,
        "projectName": "Fix San",
        "projectStartDate": "2001-05-16"
    },
    {
        "projectId": 5,
        "projectName": "Home Ing",
        "projectStartDate": null
    },
    {
        "projectId": 6,
        "projectName": "Sonsing",
        "projectStartDate": null
    },
    {
        "projectId": 7,
        "projectName": "Quiz App",
        "projectStartDate": null
    },
    {
        "projectId": 10,
        "projectName": "Stronghold",
        "projectStartDate": null
    },
    {
        "projectId": 11,
        "projectName": "Quiz App",
        "projectStartDate": null
    },
    {
        "projectId": 14,
        "projectName": "Greenlam",
        "projectStartDate": null
    },
    {
        "projectId": 17,
        "projectName": "Kanlam",
        "projectStartDate": null
    },
    {
        "projectId": 20,
        "projectName": "Wrapsafe",
        "projectStartDate": null
    },
    {
        "projectId": 23,
        "projectName": "Domainer",
        "projectStartDate": null
    }
]
11:04:57.688 [main] INFO  testcases.ProjectFolder - Response Code: 201
11:04:57.688 [main] INFO  testcases.ProjectFolder - Response Time: 440
11:04:57.688 [main] INFO  testcases.ProjectFolder - Content Type header value is: application/json
11:04:57.689 [main] INFO  testcases.ProjectFolder - Transfer Encoding header value is: chunked
11:04:57.689 [main] INFO  testcases.ProjectFolder - Connection header value is: keep-alive
11:04:57.689 [main] INFO  testcases.ProjectFolder - Key: X-Content-Type-Options Value: nosniff
11:04:57.689 [main] INFO  testcases.ProjectFolder - Key: X-XSS-Protection Value: 0
11:04:57.689 [main] INFO  testcases.ProjectFolder - Key: Cache-Control Value: no-cache, no-store, max-age=0, must-revalidate
11:04:57.689 [main] INFO  testcases.ProjectFolder - Key: Pragma Value: no-cache
11:04:57.689 [main] INFO  testcases.ProjectFolder - Key: Expires Value: 0
11:04:57.689 [main] INFO  testcases.ProjectFolder - Key: X-Frame-Options Value: DENY
11:04:57.689 [main] INFO  testcases.ProjectFolder - Key: Content-Type Value: application/json
11:04:57.690 [main] INFO  testcases.ProjectFolder - Key: Transfer-Encoding Value: chunked
11:04:57.690 [main] INFO  testcases.ProjectFolder - Key: Date Value: Fri, 15 Dec 2023 05:34:56 GMT
11:04:57.690 [main] INFO  testcases.ProjectFolder - Key: Keep-Alive Value: timeout=60
11:04:57.690 [main] INFO  testcases.ProjectFolder - Key: Connection Value: keep-alive
]]></system-out>
  </testcase>
  <testcase name="addProjectWithSamePayloadAsPrevious" classname="testcases.ProjectFolder" time="0.422">
    <system-out><![CDATA[11:04:58.108 [main] INFO  testcases.ProjectFolder - Response Body:
[
    {
        "projectId": 1,
        "projectName": "E-commerce App",
        "projectStartDate": "2023-12-05"
    },
    {
        "projectId": 2,
        "projectName": "E-commerce App",
        "projectStartDate": "2023-12-05"
    },
    {
        "projectId": 4,
        "projectName": "E-commerce App",
        "projectStartDate": "2023-12-05"
    },
    {
        "projectId": 9,
        "projectName": "E-commerce App",
        "projectStartDate": "2023-12-05"
    },
    {
        "projectId": 13,
        "projectName": "E-commerce App",
        "projectStartDate": "2023-12-05"
    },
    {
        "projectId": 16,
        "projectName": "E-commerce App",
        "projectStartDate": "2023-12-05"
    },
    {
        "projectId": 19,
        "projectName": "E-commerce App",
        "projectStartDate": "2023-12-05"
    },
    {
        "projectId": 22,
        "projectName": "E-commerce App",
        "projectStartDate": "2023-12-05"
    },
    {
        "projectId": 25,
        "projectName": "E-commerce App",
        "projectStartDate": "2023/12/05"
    },
    {
        "projectId": 15,
        "projectName": "It",
        "projectStartDate": "2021-01-01"
    },
    {
        "projectId": 24,
        "projectName": "Bitwolf",
        "projectStartDate": "2019-06-05"
    },
    {
        "projectId": 3,
        "projectName": "Home Ing",
        "projectStartDate": "2017-08-11"
    },
    {
        "projectId": 21,
        "projectName": "Prodder",
        "projectStartDate": "2015-03-16"
    },
    {
        "projectId": 18,
        "projectName": "Overhold",
        "projectStartDate": "2013-02-21"
    },
    {
        "projectId": 12,
        "projectName": "Y-find",
        "projectStartDate": "2003-03-11"
    },
    {
        "projectId": 8,
        "projectName": "Fix San",
        "projectStartDate": "2001-05-16"
    },
    {
        "projectId": 5,
        "projectName": "Home Ing",
        "projectStartDate": null
    },
    {
        "projectId": 6,
        "projectName": "Sonsing",
        "projectStartDate": null
    },
    {
        "projectId": 7,
        "projectName": "Quiz App",
        "projectStartDate": null
    },
    {
        "projectId": 10,
        "projectName": "Stronghold",
        "projectStartDate": null
    },
    {
        "projectId": 11,
        "projectName": "Quiz App",
        "projectStartDate": null
    },
    {
        "projectId": 14,
        "projectName": "Greenlam",
        "projectStartDate": null
    },
    {
        "projectId": 17,
        "projectName": "Kanlam",
        "projectStartDate": null
    },
    {
        "projectId": 20,
        "projectName": "Wrapsafe",
        "projectStartDate": null
    },
    {
        "projectId": 23,
        "projectName": "Domainer",
        "projectStartDate": null
    }
]
11:04:58.109 [main] INFO  testcases.ProjectFolder - Response Code: 201
11:04:58.110 [main] INFO  testcases.ProjectFolder - Response Time: 398
11:04:58.110 [main] INFO  testcases.ProjectFolder - Response Time: 398
]]></system-out>
  </testcase>
  <testcase name="addProjectWithInvalidPayload" classname="testcases.ProjectFolder" time="0.91">
    <system-out><![CDATA[11:04:58.501 [main] INFO  testcases.ProjectFolder - Response Body:
{
    "timestamp": "2023-12-15T05:34:57.724+00:00",
    "status": 400,
    "error": "Bad Request",
    "message": "Fields Missing",
    "path": "/project/add"
}
11:04:59.022 [main] INFO  testcases.ProjectFolder - Message: Fields Missing
11:04:59.022 [main] INFO  testcases.ProjectFolder - Response Code: 400
11:04:59.022 [main] INFO  testcases.ProjectFolder - Response Time: 378
]]></system-out>
  </testcase>
  <testcase name="addProjectWithoutGivingProjectStartDateInPayload" classname="testcases.ProjectFolder" time="0.473">
    <system-out><![CDATA[11:04:59.494 [main] INFO  testcases.ProjectFolder - Response Body:
[
    {
        "projectId": 1,
        "projectName": "E-commerce App",
        "projectStartDate": "2023-12-05"
    },
    {
        "projectId": 2,
        "projectName": "E-commerce App",
        "projectStartDate": "2023-12-05"
    },
    {
        "projectId": 4,
        "projectName": "E-commerce App",
        "projectStartDate": "2023-12-05"
    },
    {
        "projectId": 9,
        "projectName": "E-commerce App",
        "projectStartDate": "2023-12-05"
    },
    {
        "projectId": 13,
        "projectName": "E-commerce App",
        "projectStartDate": "2023-12-05"
    },
    {
        "projectId": 16,
        "projectName": "E-commerce App",
        "projectStartDate": "2023-12-05"
    },
    {
        "projectId": 19,
        "projectName": "E-commerce App",
        "projectStartDate": "2023-12-05"
    },
    {
        "projectId": 22,
        "projectName": "E-commerce App",
        "projectStartDate": "2023-12-05"
    },
    {
        "projectId": 25,
        "projectName": "E-commerce App",
        "projectStartDate": "2023-12-05"
    },
    {
        "projectId": 15,
        "projectName": "It",
        "projectStartDate": "2021-01-01"
    },
    {
        "projectId": 24,
        "projectName": "Bitwolf",
        "projectStartDate": "2019-06-05"
    },
    {
        "projectId": 3,
        "projectName": "Home Ing",
        "projectStartDate": "2017-08-11"
    },
    {
        "projectId": 21,
        "projectName": "Prodder",
        "projectStartDate": "2015-03-16"
    },
    {
        "projectId": 18,
        "projectName": "Overhold",
        "projectStartDate": "2013-02-21"
    },
    {
        "projectId": 12,
        "projectName": "Y-find",
        "projectStartDate": "2003-03-11"
    },
    {
        "projectId": 8,
        "projectName": "Fix San",
        "projectStartDate": "2001-05-16"
    },
    {
        "projectId": 5,
        "projectName": "Home Ing",
        "projectStartDate": null
    },
    {
        "projectId": 6,
        "projectName": "Sonsing",
        "projectStartDate": null
    },
    {
        "projectId": 7,
        "projectName": "Quiz App",
        "projectStartDate": null
    },
    {
        "projectId": 10,
        "projectName": "Stronghold",
        "projectStartDate": null
    },
    {
        "projectId": 11,
        "projectName": "Quiz App",
        "projectStartDate": null
    },
    {
        "projectId": 14,
        "projectName": "Greenlam",
        "projectStartDate": null
    },
    {
        "projectId": 17,
        "projectName": "Kanlam",
        "projectStartDate": null
    },
    {
        "projectId": 20,
        "projectName": "Wrapsafe",
        "projectStartDate": null
    },
    {
        "projectId": 23,
        "projectName": "Domainer",
        "projectStartDate": null
    },
    {
        "projectId": 26,
        "projectName": "Stringtough",
        "projectStartDate": null
    }
]
11:04:59.495 [main] INFO  testcases.ProjectFolder - Response Code: 201
11:04:59.495 [main] INFO  testcases.ProjectFolder - Response Time: 455
]]></system-out>
  </testcase>
  <testcase name="verifyGetAllProjectWithAuthorization" classname="testcases.ProjectFolder" time="0.553">
    <system-out><![CDATA[11:05:00.042 [main] INFO  testcases.ProjectFolder - Status Code: 200
11:05:00.044 [main] INFO  testcases.ProjectFolder - Response Body: [
    {
        "projectId": 1,
        "projectName": "E-commerce App",
        "projectStartDate": "2023-12-05"
    },
    {
        "projectId": 2,
        "projectName": "E-commerce App",
        "projectStartDate": "2023-12-05"
    },
    {
        "projectId": 4,
        "projectName": "E-commerce App",
        "projectStartDate": "2023-12-05"
    },
    {
        "projectId": 9,
        "projectName": "E-commerce App",
        "projectStartDate": "2023-12-05"
    },
    {
        "projectId": 13,
        "projectName": "E-commerce App",
        "projectStartDate": "2023-12-05"
    },
    {
        "projectId": 16,
        "projectName": "E-commerce App",
        "projectStartDate": "2023-12-05"
    },
    {
        "projectId": 19,
        "projectName": "E-commerce App",
        "projectStartDate": "2023-12-05"
    },
    {
        "projectId": 22,
        "projectName": "E-commerce App",
        "projectStartDate": "2023-12-05"
    },
    {
        "projectId": 25,
        "projectName": "E-commerce App",
        "projectStartDate": "2023-12-05"
    },
    {
        "projectId": 15,
        "projectName": "It",
        "projectStartDate": "2021-01-01"
    },
    {
        "projectId": 24,
        "projectName": "Bitwolf",
        "projectStartDate": "2019-06-05"
    },
    {
        "projectId": 3,
        "projectName": "Home Ing",
        "projectStartDate": "2017-08-11"
    },
    {
        "projectId": 21,
        "projectName": "Prodder",
        "projectStartDate": "2015-03-16"
    },
    {
        "projectId": 18,
        "projectName": "Overhold",
        "projectStartDate": "2013-02-21"
    },
    {
        "projectId": 12,
        "projectName": "Y-find",
        "projectStartDate": "2003-03-11"
    },
    {
        "projectId": 8,
        "projectName": "Fix San",
        "projectStartDate": "2001-05-16"
    },
    {
        "projectId": 5,
        "projectName": "Home Ing",
        "projectStartDate": null
    },
    {
        "projectId": 6,
        "projectName": "Sonsing",
        "projectStartDate": null
    },
    {
        "projectId": 7,
        "projectName": "Quiz App",
        "projectStartDate": null
    },
    {
        "projectId": 10,
        "projectName": "Stronghold",
        "projectStartDate": null
    },
    {
        "projectId": 11,
        "projectName": "Quiz App",
        "projectStartDate": null
    },
    {
        "projectId": 14,
        "projectName": "Greenlam",
        "projectStartDate": null
    },
    {
        "projectId": 17,
        "projectName": "Kanlam",
        "projectStartDate": null
    },
    {
        "projectId": 20,
        "projectName": "Wrapsafe",
        "projectStartDate": null
    },
    {
        "projectId": 23,
        "projectName": "Domainer",
        "projectStartDate": null
    },
    {
        "projectId": 26,
        "projectName": "Stringtough",
        "projectStartDate": null
    }
]
11:05:00.048 [main] INFO  testcases.ProjectFolder - Content Type header value is: application/json
11:05:00.048 [main] INFO  testcases.ProjectFolder - Transfer Encoding header value is: chunked
11:05:00.048 [main] INFO  testcases.ProjectFolder - Connection header value is: keep-alive
11:05:00.048 [main] INFO  testcases.ProjectFolder - Key: X-Content-Type-Options Value: nosniff
11:05:00.048 [main] INFO  testcases.ProjectFolder - Key: X-XSS-Protection Value: 0
11:05:00.048 [main] INFO  testcases.ProjectFolder - Key: Cache-Control Value: no-cache, no-store, max-age=0, must-revalidate
11:05:00.048 [main] INFO  testcases.ProjectFolder - Key: Pragma Value: no-cache
11:05:00.049 [main] INFO  testcases.ProjectFolder - Key: Expires Value: 0
11:05:00.049 [main] INFO  testcases.ProjectFolder - Key: X-Frame-Options Value: DENY
11:05:00.049 [main] INFO  testcases.ProjectFolder - Key: Content-Type Value: application/json
11:05:00.049 [main] INFO  testcases.ProjectFolder - Key: Transfer-Encoding Value: chunked
11:05:00.049 [main] INFO  testcases.ProjectFolder - Key: Date Value: Fri, 15 Dec 2023 05:34:58 GMT
11:05:00.049 [main] INFO  testcases.ProjectFolder - Key: Keep-Alive Value: timeout=60
11:05:00.049 [main] INFO  testcases.ProjectFolder - Key: Connection Value: keep-alive
]]></system-out>
  </testcase>
  <testcase name="verifyAddStatusWithoutAuthorization" classname="testcases.StatusFolder" time="0.038">
    <system-out><![CDATA[11:05:00.087 [main] INFO  testcases.StatusFolder - Response Body:

11:05:00.088 [main] INFO  testcases.StatusFolder - Response Code: 401
11:05:00.088 [main] INFO  testcases.StatusFolder - Response Time: 25
]]></system-out>
  </testcase>
  <testcase name="verifyGetAllStatusWithoutAuthorization" classname="testcases.StatusFolder" time="0.029">
    <system-out><![CDATA[11:05:00.118 [main] INFO  testcases.StatusFolder - Status Code: 401
]]></system-out>
  </testcase>
  <testcase name="verifyUpdateStatusWithoutAuthorization" classname="testcases.StatusFolder" time="0.022">
    <system-out><![CDATA[11:05:00.140 [main] INFO  testcases.StatusFolder - Response Body:

11:05:00.141 [main] INFO  testcases.StatusFolder - Response Code: 401
]]></system-out>
  </testcase>
  <testcase name="deleteSingleStatusWithoutAuthorization" classname="testcases.StatusFolder" time="0.039">
    <system-out><![CDATA[11:05:00.178 [main] INFO  testcases.StatusFolder - Response Body: 
11:05:00.178 [main] INFO  testcases.StatusFolder - Status Code: 401
]]></system-out>
  </testcase>
  <testcase name="verifyAddStatusWithAuthorization" classname="testcases.StatusFolder" time="0.608">
    <failure message="expected [Status Already Exits] but found [Status Already Exists]" type="java.lang.AssertionError"><![CDATA[java.lang.AssertionError: expected [Status Already Exits] but found [Status Already Exists]
	at org.testng.Assert.fail(Assert.java:111)
	at org.testng.Assert.failNotEquals(Assert.java:1578)
	at org.testng.Assert.assertEqualsImpl(Assert.java:150)
	at org.testng.Assert.assertEquals(Assert.java:132)
	at org.testng.Assert.assertEquals(Assert.java:656)
	at org.testng.Assert.assertEquals(Assert.java:666)
	at testcases.StatusFolder.verifyAddStatusWithAuthorization(StatusFolder.java:122)
	at java.base/jdk.internal.reflect.NativeMethodAccessorImpl.invoke0(Native Method)
	at java.base/jdk.internal.reflect.NativeMethodAccessorImpl.invoke(NativeMethodAccessorImpl.java:77)
	at java.base/jdk.internal.reflect.DelegatingMethodAccessorImpl.invoke(DelegatingMethodAccessorImpl.java:43)
	at java.base/java.lang.reflect.Method.invoke(Method.java:568)
	at org.testng.internal.invokers.MethodInvocationHelper.invokeMethod(MethodInvocationHelper.java:139)
	at org.testng.internal.invokers.TestInvoker.invokeMethod(TestInvoker.java:664)
	at org.testng.internal.invokers.TestInvoker.invokeTestMethod(TestInvoker.java:227)
	at org.testng.internal.invokers.MethodRunner.runInSequence(MethodRunner.java:50)
	at org.testng.internal.invokers.TestInvoker$MethodInvocationAgent.invoke(TestInvoker.java:957)
	at org.testng.internal.invokers.TestInvoker.invokeTestMethods(TestInvoker.java:200)
	at org.testng.internal.invokers.TestMethodWorker.invokeTestMethods(TestMethodWorker.java:148)
	at org.testng.internal.invokers.TestMethodWorker.run(TestMethodWorker.java:128)
	at java.base/java.util.ArrayList.forEach(ArrayList.java:1511)
	at org.testng.TestRunner.privateRun(TestRunner.java:848)
	at org.testng.TestRunner.run(TestRunner.java:621)
	at org.testng.SuiteRunner.runTest(SuiteRunner.java:443)
	at org.testng.SuiteRunner.runSequentially(SuiteRunner.java:437)
	at org.testng.SuiteRunner.privateRun(SuiteRunner.java:397)
	at org.testng.SuiteRunner.run(SuiteRunner.java:336)
	at org.testng.SuiteRunnerWorker.runSuite(SuiteRunnerWorker.java:52)
	at org.testng.SuiteRunnerWorker.run(SuiteRunnerWorker.java:95)
	at org.testng.TestNG.runSuitesSequentially(TestNG.java:1280)
	at org.testng.TestNG.runSuitesLocally(TestNG.java:1200)
	at org.testng.TestNG.runSuites(TestNG.java:1114)
	at org.testng.TestNG.run(TestNG.java:1082)
	at org.apache.maven.surefire.testng.TestNGExecutor.run(TestNGExecutor.java:308)
	at org.apache.maven.surefire.testng.TestNGXmlTestSuite.execute(TestNGXmlTestSuite.java:71)
	at org.apache.maven.surefire.testng.TestNGProvider.invoke(TestNGProvider.java:113)
	at org.apache.maven.surefire.booter.ForkedBooter.runSuitesInProcess(ForkedBooter.java:385)
	at org.apache.maven.surefire.booter.ForkedBooter.execute(ForkedBooter.java:162)
	at org.apache.maven.surefire.booter.ForkedBooter.run(ForkedBooter.java:507)
	at org.apache.maven.surefire.booter.ForkedBooter.main(ForkedBooter.java:495)
]]></failure>
    <system-out><![CDATA[11:05:00.766 [main] INFO  testcases.StatusFolder - Response Body:
{
    "timestamp": "2023-12-15T05:34:59.987+00:00",
    "status": 422,
    "error": "Unprocessable Entity",
    "message": "Status Already Exists",
    "path": "/task/status/add"
}
11:05:00.766 [main] INFO  testcases.StatusFolder - Response Code: 422
11:05:00.778 [main] INFO  testcases.StatusFolder - Message: Status Already Exists
]]></system-out>
  </testcase>
  <testcase name="addStatusWithSamePayloadAsPrevious" classname="testcases.StatusFolder" time="0.488">
    <system-out><![CDATA[11:05:01.266 [main] INFO  testcases.StatusFolder - Response Body:
{
    "timestamp": "2023-12-15T05:35:00.485+00:00",
    "status": 422,
    "error": "Unprocessable Entity",
    "message": "Status Already Exists",
    "path": "/task/status/add"
}
11:05:01.276 [main] INFO  testcases.StatusFolder - Message: Status Already Exists
11:05:01.276 [main] INFO  testcases.StatusFolder - Response Code: 422
11:05:01.277 [main] INFO  testcases.StatusFolder - Response Time: 468
]]></system-out>
  </testcase>
  <testcase name="addStatusWithInvalidPayload" classname="testcases.StatusFolder" time="0.579">
    <system-out><![CDATA[11:05:01.841 [main] INFO  testcases.StatusFolder - Response Body:
{
    "timestamp": "2023-12-15T05:35:01.063+00:00",
    "status": 400,
    "error": "Bad Request",
    "message": "Fields are Missing",
    "path": "/task/status/add"
}
11:05:01.855 [main] INFO  testcases.StatusFolder - Message: Fields are Missing
11:05:01.856 [main] INFO  testcases.StatusFolder - Response Code: 400
11:05:01.857 [main] INFO  testcases.StatusFolder - Response Time: 553
]]></system-out>
  </testcase>
  <testcase name="verifyGetAllStatusWithAuthorization" classname="testcases.StatusFolder" time="0.421">
    <system-out><![CDATA[11:05:02.275 [main] INFO  testcases.StatusFolder - Status Code: 200
11:05:02.275 [main] INFO  testcases.StatusFolder - Response Body: {
    "176": "Bell",
    "17": "Started",
    "82": "Roscoe",
    "101": "Done",
    "181": "Johns",
    "183": "Bechtelar",
    "185": "Rolfson"
}
11:05:02.275 [main] INFO  testcases.StatusFolder - Content Type header value is: application/json
11:05:02.276 [main] INFO  testcases.StatusFolder - Transfer Encoding header value is: chunked
11:05:02.276 [main] INFO  testcases.StatusFolder - Connection header value is: keep-alive
11:05:02.276 [main] INFO  testcases.StatusFolder - Key: X-Content-Type-Options Value: nosniff
11:05:02.276 [main] INFO  testcases.StatusFolder - Key: X-XSS-Protection Value: 0
11:05:02.276 [main] INFO  testcases.StatusFolder - Key: Cache-Control Value: no-cache, no-store, max-age=0, must-revalidate
11:05:02.276 [main] INFO  testcases.StatusFolder - Key: Pragma Value: no-cache
11:05:02.276 [main] INFO  testcases.StatusFolder - Key: Expires Value: 0
11:05:02.276 [main] INFO  testcases.StatusFolder - Key: X-Frame-Options Value: DENY
11:05:02.276 [main] INFO  testcases.StatusFolder - Key: Content-Type Value: application/json
11:05:02.276 [main] INFO  testcases.StatusFolder - Key: Transfer-Encoding Value: chunked
11:05:02.276 [main] INFO  testcases.StatusFolder - Key: Date Value: Fri, 15 Dec 2023 05:35:01 GMT
11:05:02.277 [main] INFO  testcases.StatusFolder - Key: Keep-Alive Value: timeout=60
11:05:02.277 [main] INFO  testcases.StatusFolder - Key: Connection Value: keep-alive
]]></system-out>
  </testcase>
  <testcase name="updateStatusWithAuthorization" classname="testcases.StatusFolder" time="0.442">
    <system-out><![CDATA[11:05:02.715 [main] INFO  testcases.StatusFolder - Response Body:
{
    "176": "Bell",
    "17": "Started",
    "82": "Estella",
    "101": "Done",
    "181": "Johns",
    "183": "Bechtelar",
    "185": "Rolfson"
}
11:05:02.715 [main] INFO  testcases.StatusFolder - Response Code: 200
11:05:02.715 [main] INFO  testcases.StatusFolder - Connection header value is: keep-alive
11:05:02.716 [main] INFO  testcases.StatusFolder - Key: X-Content-Type-Options Value: nosniff
11:05:02.716 [main] INFO  testcases.StatusFolder - Key: X-XSS-Protection Value: 0
11:05:02.716 [main] INFO  testcases.StatusFolder - Key: Cache-Control Value: no-cache, no-store, max-age=0, must-revalidate
11:05:02.716 [main] INFO  testcases.StatusFolder - Key: Pragma Value: no-cache
11:05:02.716 [main] INFO  testcases.StatusFolder - Key: Expires Value: 0
11:05:02.716 [main] INFO  testcases.StatusFolder - Key: X-Frame-Options Value: DENY
11:05:02.716 [main] INFO  testcases.StatusFolder - Key: Content-Type Value: application/json
11:05:02.716 [main] INFO  testcases.StatusFolder - Key: Transfer-Encoding Value: chunked
11:05:02.717 [main] INFO  testcases.StatusFolder - Key: Date Value: Fri, 15 Dec 2023 05:35:01 GMT
11:05:02.717 [main] INFO  testcases.StatusFolder - Key: Keep-Alive Value: timeout=60
11:05:02.717 [main] INFO  testcases.StatusFolder - Key: Connection Value: keep-alive
]]></system-out>
  </testcase>
  <testcase name="updateStatusWithoutGivingStatusId" classname="testcases.StatusFolder" time="0.41">
    <system-out><![CDATA[11:05:03.118 [main] INFO  testcases.StatusFolder - Response Body:
{
    "timestamp": "2023-12-15T05:35:02.339+00:00",
    "status": 400,
    "error": "Bad Request",
    "message": "Fields are missing",
    "path": "/task/status/update"
}
11:05:03.118 [main] INFO  testcases.StatusFolder - Response Code: 400
11:05:03.132 [main] INFO  testcases.StatusFolder - Message: Fields are missing
11:05:03.132 [main] INFO  testcases.StatusFolder - Response Time: 386
]]></system-out>
  </testcase>
  <testcase name="updateStatusByGivingNonExistingStatusId" classname="testcases.StatusFolder" time="0.394">
    <system-out><![CDATA[11:05:03.499 [main] INFO  testcases.StatusFolder - Response Body:
{
    "timestamp": "2023-12-15T05:35:02.721+00:00",
    "status": 404,
    "error": "Not Found",
    "message": "No Status Present For Given Id",
    "path": "/task/status/update"
}
11:05:03.500 [main] INFO  testcases.StatusFolder - Response Code: 404
11:05:03.523 [main] INFO  testcases.StatusFolder - Message: No Status Present For Given Id
11:05:03.524 [main] INFO  testcases.StatusFolder - Response Time: 358
]]></system-out>
  </testcase>
  <testcase name="deleteSingleStatusWithInvalidStatusName" classname="testcases.StatusFolder" time="0.419">
    <system-out><![CDATA[11:05:03.927 [main] INFO  testcases.StatusFolder - Response Body: {
    "timestamp": "2023-12-15T05:35:03.149+00:00",
    "status": 404,
    "error": "Not Found",
    "message": "No status to delete with Passed,Car.",
    "path": "/task/status/delete/single"
}
11:05:03.927 [main] INFO  testcases.StatusFolder - Response Code: 404
11:05:03.942 [main] INFO  testcases.StatusFolder - Message: No status to delete with Passed,Car.
11:05:03.942 [main] INFO  testcases.StatusFolder - Response Time: 388
]]></system-out>
  </testcase>
  <testcase name="verifyAddDesignationWithoutAuthorization" classname="testcases.DesignationFolder" time="0.051">
    <system-out><![CDATA[11:05:03.998 [main] INFO  testcases.DesignationFolder - Response Body:

11:05:03.999 [main] INFO  testcases.DesignationFolder - Response Code: 401
11:05:03.999 [main] INFO  testcases.DesignationFolder - Response Time: 37
]]></system-out>
  </testcase>
  <testcase name="verifyGetAllDesignationWithoutAuthorization" classname="testcases.DesignationFolder" time="0.032">
    <system-out><![CDATA[11:05:04.031 [main] INFO  testcases.DesignationFolder - Status Code: 401
]]></system-out>
  </testcase>
  <testcase name="updateDesignationWithoutAuthorization" classname="testcases.DesignationFolder" time="0.113">
    <system-out><![CDATA[11:05:04.142 [main] INFO  testcases.DesignationFolder - Response Body:

11:05:04.142 [main] INFO  testcases.DesignationFolder - Response Code: 401
]]></system-out>
  </testcase>
  <testcase name="deleteSingleDesignationWithoutAuthorization" classname="testcases.DesignationFolder" time="0.033">
    <system-out><![CDATA[11:05:04.176 [main] INFO  testcases.DesignationFolder - Response Body: 
11:05:04.177 [main] INFO  testcases.DesignationFolder - Status Code: 401
]]></system-out>
  </testcase>
  <testcase name="verifyAddDesignationWithAuthorization" classname="testcases.DesignationFolder" time="0.823">
    <failure message="Invalid status code expected [200] but found [404]" type="java.lang.AssertionError"><![CDATA[java.lang.AssertionError: Invalid status code expected [200] but found [404]
	at org.testng.Assert.fail(Assert.java:111)
	at org.testng.Assert.failNotEquals(Assert.java:1578)
	at org.testng.Assert.assertEqualsImpl(Assert.java:150)
	at org.testng.Assert.assertEquals(Assert.java:132)
	at org.testng.Assert.assertEquals(Assert.java:1419)
	at org.testng.Assert.assertEquals(Assert.java:1383)
	at testcases.DesignationFolder.deleteSingleDesignationWithAuthorization(DesignationFolder.java:320)
	at testcases.DesignationFolder.verifyAddDesignationWithAuthorization(DesignationFolder.java:147)
	at java.base/jdk.internal.reflect.NativeMethodAccessorImpl.invoke0(Native Method)
	at java.base/jdk.internal.reflect.NativeMethodAccessorImpl.invoke(NativeMethodAccessorImpl.java:77)
	at java.base/jdk.internal.reflect.DelegatingMethodAccessorImpl.invoke(DelegatingMethodAccessorImpl.java:43)
	at java.base/java.lang.reflect.Method.invoke(Method.java:568)
	at org.testng.internal.invokers.MethodInvocationHelper.invokeMethod(MethodInvocationHelper.java:139)
	at org.testng.internal.invokers.TestInvoker.invokeMethod(TestInvoker.java:664)
	at org.testng.internal.invokers.TestInvoker.invokeTestMethod(TestInvoker.java:227)
	at org.testng.internal.invokers.MethodRunner.runInSequence(MethodRunner.java:50)
	at org.testng.internal.invokers.TestInvoker$MethodInvocationAgent.invoke(TestInvoker.java:957)
	at org.testng.internal.invokers.TestInvoker.invokeTestMethods(TestInvoker.java:200)
	at org.testng.internal.invokers.TestMethodWorker.invokeTestMethods(TestMethodWorker.java:148)
	at org.testng.internal.invokers.TestMethodWorker.run(TestMethodWorker.java:128)
	at java.base/java.util.ArrayList.forEach(ArrayList.java:1511)
	at org.testng.TestRunner.privateRun(TestRunner.java:848)
	at org.testng.TestRunner.run(TestRunner.java:621)
	at org.testng.SuiteRunner.runTest(SuiteRunner.java:443)
	at org.testng.SuiteRunner.runSequentially(SuiteRunner.java:437)
	at org.testng.SuiteRunner.privateRun(SuiteRunner.java:397)
	at org.testng.SuiteRunner.run(SuiteRunner.java:336)
	at org.testng.SuiteRunnerWorker.runSuite(SuiteRunnerWorker.java:52)
	at org.testng.SuiteRunnerWorker.run(SuiteRunnerWorker.java:95)
	at org.testng.TestNG.runSuitesSequentially(TestNG.java:1280)
	at org.testng.TestNG.runSuitesLocally(TestNG.java:1200)
	at org.testng.TestNG.runSuites(TestNG.java:1114)
	at org.testng.TestNG.run(TestNG.java:1082)
	at org.apache.maven.surefire.testng.TestNGExecutor.run(TestNGExecutor.java:308)
	at org.apache.maven.surefire.testng.TestNGXmlTestSuite.execute(TestNGXmlTestSuite.java:71)
	at org.apache.maven.surefire.testng.TestNGProvider.invoke(TestNGProvider.java:113)
	at org.apache.maven.surefire.booter.ForkedBooter.runSuitesInProcess(ForkedBooter.java:385)
	at org.apache.maven.surefire.booter.ForkedBooter.execute(ForkedBooter.java:162)
	at org.apache.maven.surefire.booter.ForkedBooter.run(ForkedBooter.java:507)
	at org.apache.maven.surefire.booter.ForkedBooter.main(ForkedBooter.java:495)
]]></failure>
    <system-out><![CDATA[11:05:04.585 [main] INFO  testcases.DesignationFolder - Response Body:
{
    "timestamp": "2023-12-15T05:35:03.801+00:00",
    "status": 422,
    "error": "Unprocessable Entity",
    "message": "Designation Already Exits",
    "path": "/employee/designation/add"
}
11:05:04.586 [main] INFO  testcases.DesignationFolder - Response Code: 422
11:05:04.606 [main] INFO  testcases.DesignationFolder - Message: Designation Already Exits
11:05:04.607 [main] INFO  testcases.DesignationFolder - Response Time: 389
11:05:04.607 [main] INFO  testcases.DesignationFolder - Content Type header value is: application/json
11:05:04.608 [main] INFO  testcases.DesignationFolder - Transfer Encoding header value is: chunked
11:05:04.608 [main] INFO  testcases.DesignationFolder - Connection header value is: keep-alive
11:05:04.608 [main] INFO  testcases.DesignationFolder - Key: X-Content-Type-Options Value: nosniff
11:05:04.609 [main] INFO  testcases.DesignationFolder - Key: X-XSS-Protection Value: 0
11:05:04.609 [main] INFO  testcases.DesignationFolder - Key: Cache-Control Value: no-cache, no-store, max-age=0, must-revalidate
11:05:04.609 [main] INFO  testcases.DesignationFolder - Key: Pragma Value: no-cache
11:05:04.610 [main] INFO  testcases.DesignationFolder - Key: Expires Value: 0
11:05:04.610 [main] INFO  testcases.DesignationFolder - Key: X-Frame-Options Value: DENY
11:05:04.610 [main] INFO  testcases.DesignationFolder - Key: Content-Type Value: application/json
11:05:04.610 [main] INFO  testcases.DesignationFolder - Key: Transfer-Encoding Value: chunked
11:05:04.611 [main] INFO  testcases.DesignationFolder - Key: Date Value: Fri, 15 Dec 2023 05:35:03 GMT
11:05:04.611 [main] INFO  testcases.DesignationFolder - Key: Keep-Alive Value: timeout=60
11:05:04.611 [main] INFO  testcases.DesignationFolder - Key: Connection Value: keep-alive
11:05:04.999 [main] INFO  testcases.DesignationFolder - Response Body: {
    "timestamp": "2023-12-15T05:35:04.219+00:00",
    "status": 404,
    "error": "Not Found",
    "message": "No status to delete with designation,Coordinator.",
    "path": "/employee/designation/delete"
}
11:05:04.999 [main] INFO  testcases.DesignationFolder - Status Code: 404
]]></system-out>
  </testcase>
  <testcase name="addDesignationWithInvalidPayload" classname="testcases.DesignationFolder" time="0.43">
    <system-out><![CDATA[11:05:05.401 [main] INFO  testcases.DesignationFolder - Response Body:
{
    "timestamp": "2023-12-15T05:35:04.598+00:00",
    "status": 400,
    "error": "Bad Request",
    "message": "Fields are Missing",
    "path": "/employee/designation/add"
}
11:05:05.421 [main] INFO  testcases.DesignationFolder - Message: Fields are Missing
11:05:05.421 [main] INFO  testcases.DesignationFolder - Response Code: 400
11:05:05.421 [main] INFO  testcases.DesignationFolder - Response Time: 383
]]></system-out>
  </testcase>
  <testcase name="addDesignationWithSamePayloadAsPrevious" classname="testcases.DesignationFolder" time="0.429">
    <system-out><![CDATA[11:05:05.841 [main] INFO  testcases.DesignationFolder - Response Body:
{
    "timestamp": "2023-12-15T05:35:05.062+00:00",
    "status": 422,
    "error": "Unprocessable Entity",
    "message": "Designation Already Exits",
    "path": "/employee/designation/add"
}
11:05:05.859 [main] INFO  testcases.DesignationFolder - Message: Designation Already Exits
11:05:05.860 [main] INFO  testcases.DesignationFolder - Response Code: 422
11:05:05.860 [main] INFO  testcases.DesignationFolder - Response Time: 397
]]></system-out>
  </testcase>
  <testcase name="verifyGetAllDesignationWithAuthorization" classname="testcases.DesignationFolder" time="0.389">
    <system-out><![CDATA[11:05:06.244 [main] INFO  testcases.DesignationFolder - Status Code: 200
11:05:06.245 [main] INFO  testcases.DesignationFolder - Response Body: {
    "32": "Associate",
    "19": "Consultant",
    "21": "Officer",
    "23": "Administrator",
    "8": "Project Lead",
    "9": "COO",
    "25": "Orchestrator",
    "10": "Accountant",
    "13": "Representative",
    "15": "Coordinator"
}
11:05:06.246 [main] INFO  testcases.DesignationFolder - Content Type header value is: application/json
11:05:06.246 [main] INFO  testcases.DesignationFolder - Transfer Encoding header value is: chunked
11:05:06.247 [main] INFO  testcases.DesignationFolder - Connection header value is: keep-alive
11:05:06.247 [main] INFO  testcases.DesignationFolder - Key: X-Content-Type-Options Value: nosniff
11:05:06.247 [main] INFO  testcases.DesignationFolder - Key: X-XSS-Protection Value: 0
11:05:06.247 [main] INFO  testcases.DesignationFolder - Key: Cache-Control Value: no-cache, no-store, max-age=0, must-revalidate
11:05:06.248 [main] INFO  testcases.DesignationFolder - Key: Pragma Value: no-cache
11:05:06.248 [main] INFO  testcases.DesignationFolder - Key: Expires Value: 0
11:05:06.248 [main] INFO  testcases.DesignationFolder - Key: X-Frame-Options Value: DENY
11:05:06.248 [main] INFO  testcases.DesignationFolder - Key: Content-Type Value: application/json
11:05:06.248 [main] INFO  testcases.DesignationFolder - Key: Transfer-Encoding Value: chunked
11:05:06.249 [main] INFO  testcases.DesignationFolder - Key: Date Value: Fri, 15 Dec 2023 05:35:04 GMT
11:05:06.249 [main] INFO  testcases.DesignationFolder - Key: Keep-Alive Value: timeout=60
11:05:06.249 [main] INFO  testcases.DesignationFolder - Key: Connection Value: keep-alive
]]></system-out>
  </testcase>
  <testcase name="updateDesignationWithAuthorization" classname="testcases.DesignationFolder" time="0.397">
    <system-out><![CDATA[11:05:06.644 [main] INFO  testcases.DesignationFolder - Response Body:
{
    "32": "Associate",
    "19": "Consultant",
    "21": "Officer",
    "23": "Administrator",
    "8": "Project Lead",
    "9": "COO",
    "25": "Orchestrator",
    "10": "Accountant",
    "13": "Engineer",
    "15": "Coordinator"
}
11:05:06.645 [main] INFO  testcases.DesignationFolder - Response Code: 200
11:05:06.645 [main] INFO  testcases.DesignationFolder - Content Type header value is: application/json
11:05:06.645 [main] INFO  testcases.DesignationFolder - Transfer Encoding header value is: chunked
11:05:06.646 [main] INFO  testcases.DesignationFolder - Connection header value is: keep-alive
11:05:06.646 [main] INFO  testcases.DesignationFolder - Key: X-Content-Type-Options Value: nosniff
11:05:06.646 [main] INFO  testcases.DesignationFolder - Key: X-XSS-Protection Value: 0
11:05:06.646 [main] INFO  testcases.DesignationFolder - Key: Cache-Control Value: no-cache, no-store, max-age=0, must-revalidate
11:05:06.646 [main] INFO  testcases.DesignationFolder - Key: Pragma Value: no-cache
11:05:06.646 [main] INFO  testcases.DesignationFolder - Key: Expires Value: 0
11:05:06.647 [main] INFO  testcases.DesignationFolder - Key: X-Frame-Options Value: DENY
11:05:06.647 [main] INFO  testcases.DesignationFolder - Key: Content-Type Value: application/json
11:05:06.647 [main] INFO  testcases.DesignationFolder - Key: Transfer-Encoding Value: chunked
11:05:06.648 [main] INFO  testcases.DesignationFolder - Key: Date Value: Fri, 15 Dec 2023 05:35:05 GMT
11:05:06.648 [main] INFO  testcases.DesignationFolder - Key: Keep-Alive Value: timeout=60
11:05:06.648 [main] INFO  testcases.DesignationFolder - Key: Connection Value: keep-alive
]]></system-out>
  </testcase>
  <testcase name="updateDesignationWithoutGivingDesignationId" classname="testcases.DesignationFolder" time="0.434">
    <system-out><![CDATA[11:05:07.062 [main] INFO  testcases.DesignationFolder - Response Body:
{
    "timestamp": "2023-12-15T05:35:06.262+00:00",
    "status": 400,
    "error": "Bad Request",
    "message": "Fields are missing",
    "path": "/employee/designation/update"
}
11:05:07.084 [main] INFO  testcases.DesignationFolder - Message: Fields are missing
11:05:07.084 [main] INFO  testcases.DesignationFolder - Response Code: 400
11:05:07.085 [main] INFO  testcases.DesignationFolder - Response Time: 401
]]></system-out>
  </testcase>
  <testcase name="updateDesignationByGivingNonExistingDesignationId" classname="testcases.DesignationFolder" time="0.407">
    <system-out><![CDATA[11:05:07.469 [main] INFO  testcases.DesignationFolder - Response Body:
{
    "timestamp": "2023-12-15T05:35:06.692+00:00",
    "status": 404,
    "error": "Not Found",
    "message": "No Designation Present For Given Id",
    "path": "/employee/designation/update"
}
11:05:07.489 [main] INFO  testcases.DesignationFolder - Message: No Designation Present For Given Id
11:05:07.490 [main] INFO  testcases.DesignationFolder - Response Code: 404
11:05:07.490 [main] INFO  testcases.DesignationFolder - Response Time: 372
]]></system-out>
  </testcase>
  <testcase name="deleteSingleDesignationWithInvalidDesignationName" classname="testcases.DesignationFolder" time="0.439">
    <system-out><![CDATA[11:05:07.909 [main] INFO  testcases.DesignationFolder - Response Body: {
    "timestamp": "2023-12-15T05:35:07.130+00:00",
    "status": 404,
    "error": "Not Found",
    "message": "No status to delete with designation,Coordinator,Lawyer1.",
    "path": "/employee/designation/delete"
}
11:05:07.928 [main] INFO  testcases.DesignationFolder - Message: No status to delete with designation,Coordinator,Lawyer1.
11:05:07.928 [main] INFO  testcases.DesignationFolder - Response Code: 404
11:05:07.929 [main] INFO  testcases.DesignationFolder - Response Time: 405
]]></system-out>
  </testcase>
  <testcase name="verifyAddRoleWithoutAuthorization" classname="testcases.RoleFolder" time="0.031">
    <system-out><![CDATA[11:05:07.961 [main] INFO  testcases.RoleFolder - Response Body:

11:05:07.962 [main] INFO  testcases.RoleFolder - Response Code: 401
11:05:07.962 [main] INFO  testcases.RoleFolder - Response Time: 15
]]></system-out>
  </testcase>
  <testcase name="verifyGetAllRoleWithoutAuthorization" classname="testcases.RoleFolder" time="0.022">
    <system-out><![CDATA[11:05:07.986 [main] INFO  testcases.RoleFolder - Status Code: 401
]]></system-out>
  </testcase>
  <testcase name="updateRoleWithoutAuthorization" classname="testcases.RoleFolder" time="0.031">
    <system-out><![CDATA[11:05:08.017 [main] INFO  testcases.RoleFolder - Response Body:

11:05:08.017 [main] INFO  testcases.RoleFolder - Response Code: 401
]]></system-out>
  </testcase>
  <testcase name="deleteSingleRoleWithoutAuthorization" classname="testcases.RoleFolder" time="0.022">
    <system-out><![CDATA[11:05:08.040 [main] INFO  testcases.RoleFolder - Response Body: 
11:05:08.040 [main] INFO  testcases.RoleFolder - Status Code: 401
]]></system-out>
  </testcase>
  <testcase name="getRoleByLevelWithoutAuthorization" classname="testcases.RoleFolder" time="0.027">
    <system-out><![CDATA[11:05:08.067 [main] INFO  testcases.RoleFolder - Status Code: 401
11:05:08.067 [main] INFO  testcases.RoleFolder - Response Body: 
]]></system-out>
  </testcase>
  <testcase name="verifyAddRoleWithAuthorization" classname="testcases.RoleFolder" time="0.385">
    <system-out><![CDATA[11:05:08.452 [main] INFO  testcases.RoleFolder - Response Body:
{
    "6": "ROLE_SUPERADMIN",
    "24": "ROLE_STRATEGIST",
    "25": "ROLE_FRONT_END_DEVELOPER",
    "27": "ROLE_ADMINISTRATOR",
    "29": "ROLE_COORDINATOR",
    "31": "ROLE_ANALYST"
}
11:05:08.452 [main] INFO  testcases.RoleFolder - Response Code: 201
11:05:08.452 [main] INFO  testcases.RoleFolder - Response Time: 374
11:05:08.452 [main] INFO  testcases.RoleFolder - Content Type header value is: application/json
11:05:08.452 [main] INFO  testcases.RoleFolder - Transfer Encoding header value is: chunked
11:05:08.452 [main] INFO  testcases.RoleFolder - Connection header value is: keep-alive
11:05:08.452 [main] INFO  testcases.RoleFolder - Key: X-Content-Type-Options Value: nosniff
11:05:08.452 [main] INFO  testcases.RoleFolder - Key: X-XSS-Protection Value: 0
11:05:08.453 [main] INFO  testcases.RoleFolder - Key: Cache-Control Value: no-cache, no-store, max-age=0, must-revalidate
11:05:08.453 [main] INFO  testcases.RoleFolder - Key: Pragma Value: no-cache
11:05:08.453 [main] INFO  testcases.RoleFolder - Key: Expires Value: 0
11:05:08.453 [main] INFO  testcases.RoleFolder - Key: X-Frame-Options Value: DENY
11:05:08.453 [main] INFO  testcases.RoleFolder - Key: Content-Type Value: application/json
11:05:08.453 [main] INFO  testcases.RoleFolder - Key: Transfer-Encoding Value: chunked
11:05:08.453 [main] INFO  testcases.RoleFolder - Key: Date Value: Fri, 15 Dec 2023 05:35:07 GMT
11:05:08.453 [main] INFO  testcases.RoleFolder - Key: Keep-Alive Value: timeout=60
11:05:08.453 [main] INFO  testcases.RoleFolder - Key: Connection Value: keep-alive
]]></system-out>
  </testcase>
  <testcase name="addRoleWithSamePayloadAsPrevious" classname="testcases.RoleFolder" time="0.38">
    <system-out><![CDATA[11:05:08.833 [main] INFO  testcases.RoleFolder - Response Body:
{
    "timestamp": "2023-12-15T05:35:08.055+00:00",
    "status": 422,
    "error": "Unprocessable Entity",
    "message": "Role Already Exists",
    "path": "/employee/role/add"
}
11:05:08.833 [main] INFO  testcases.RoleFolder - Response Code: 422
11:05:08.833 [main] INFO  testcases.RoleFolder - Response Time: 364
]]></system-out>
  </testcase>
  <testcase name="addRoleWithInvalidPayload" classname="testcases.RoleFolder" time="0.413">
    <system-out><![CDATA[11:05:09.223 [main] INFO  testcases.RoleFolder - Response Body:
{
    "timestamp": "2023-12-15T05:35:08.444+00:00",
    "status": 400,
    "error": "Bad Request",
    "message": "Fields are Missing",
    "path": "/employee/role/add"
}
11:05:09.245 [main] INFO  testcases.RoleFolder - Message: Fields are Missing
11:05:09.245 [main] INFO  testcases.RoleFolder - Response Code: 400
11:05:09.246 [main] INFO  testcases.RoleFolder - Response Time: 376
]]></system-out>
  </testcase>
  <testcase name="verifyGetAllRoleWithAuthorization" classname="testcases.RoleFolder" time="0.778">
    <system-out><![CDATA[11:05:09.643 [main] INFO  testcases.RoleFolder - Status Code: 200
11:05:09.644 [main] INFO  testcases.RoleFolder - Response Body: {
    "6": "ROLE_SUPERADMIN",
    "24": "ROLE_STRATEGIST",
    "25": "ROLE_FRONT_END_DEVELOPER",
    "27": "ROLE_ADMINISTRATOR",
    "29": "ROLE_COORDINATOR",
    "31": "ROLE_ANALYST"
}
All Keys: [6, 24, 25, 27, 29, 31]
11:05:10.019 [main] INFO  testcases.RoleFolder - Response Body: {
    "6": "ROLE_SUPERADMIN",
    "24": "ROLE_STRATEGIST",
    "25": "ROLE_FRONT_END_DEVELOPER",
    "29": "ROLE_COORDINATOR",
    "31": "ROLE_ANALYST"
}
11:05:10.019 [main] INFO  testcases.RoleFolder - Status Code: 200
11:05:10.020 [main] INFO  testcases.RoleFolder - Content Type header value is: application/json
11:05:10.020 [main] INFO  testcases.RoleFolder - Transfer Encoding header value is: chunked
11:05:10.020 [main] INFO  testcases.RoleFolder - Connection header value is: keep-alive
11:05:10.020 [main] INFO  testcases.RoleFolder - Key: X-Content-Type-Options Value: nosniff
11:05:10.021 [main] INFO  testcases.RoleFolder - Key: X-XSS-Protection Value: 0
11:05:10.021 [main] INFO  testcases.RoleFolder - Key: Cache-Control Value: no-cache, no-store, max-age=0, must-revalidate
11:05:10.021 [main] INFO  testcases.RoleFolder - Key: Pragma Value: no-cache
11:05:10.021 [main] INFO  testcases.RoleFolder - Key: Expires Value: 0
11:05:10.021 [main] INFO  testcases.RoleFolder - Key: X-Frame-Options Value: DENY
11:05:10.021 [main] INFO  testcases.RoleFolder - Key: Content-Type Value: application/json
11:05:10.021 [main] INFO  testcases.RoleFolder - Key: Transfer-Encoding Value: chunked
11:05:10.022 [main] INFO  testcases.RoleFolder - Key: Date Value: Fri, 15 Dec 2023 05:35:08 GMT
11:05:10.022 [main] INFO  testcases.RoleFolder - Key: Keep-Alive Value: timeout=60
11:05:10.022 [main] INFO  testcases.RoleFolder - Key: Connection Value: keep-alive
11:05:10.022 [main] INFO  testcases.RoleFolder - Content Type header value is: application/json
11:05:10.022 [main] INFO  testcases.RoleFolder - Transfer Encoding header value is: chunked
11:05:10.022 [main] INFO  testcases.RoleFolder - Connection header value is: keep-alive
11:05:10.022 [main] INFO  testcases.RoleFolder - Key: X-Content-Type-Options Value: nosniff
11:05:10.023 [main] INFO  testcases.RoleFolder - Key: X-XSS-Protection Value: 0
11:05:10.023 [main] INFO  testcases.RoleFolder - Key: Cache-Control Value: no-cache, no-store, max-age=0, must-revalidate
11:05:10.023 [main] INFO  testcases.RoleFolder - Key: Pragma Value: no-cache
11:05:10.023 [main] INFO  testcases.RoleFolder - Key: Expires Value: 0
11:05:10.023 [main] INFO  testcases.RoleFolder - Key: X-Frame-Options Value: DENY
11:05:10.024 [main] INFO  testcases.RoleFolder - Key: Content-Type Value: application/json
11:05:10.024 [main] INFO  testcases.RoleFolder - Key: Transfer-Encoding Value: chunked
11:05:10.024 [main] INFO  testcases.RoleFolder - Key: Date Value: Fri, 15 Dec 2023 05:35:08 GMT
11:05:10.024 [main] INFO  testcases.RoleFolder - Key: Keep-Alive Value: timeout=60
11:05:10.025 [main] INFO  testcases.RoleFolder - Key: Connection Value: keep-alive
]]></system-out>
  </testcase>
  <testcase name="updateRoleWithAuthorization" classname="testcases.RoleFolder" time="0.376">
    <system-out><![CDATA[11:05:10.396 [main] INFO  testcases.RoleFolder - Response Body:
{
    "timestamp": "2023-12-15T05:35:09.618+00:00",
    "status": 404,
    "error": "Not Found",
    "message": "No Role Present For Given Id",
    "path": "/employee/role/update"
}
11:05:10.398 [main] INFO  testcases.RoleFolder - Response Code: 404
11:05:10.398 [main] INFO  testcases.RoleFolder - Content Type header value is: application/json
11:05:10.398 [main] INFO  testcases.RoleFolder - Transfer Encoding header value is: chunked
11:05:10.399 [main] INFO  testcases.RoleFolder - Connection header value is: keep-alive
11:05:10.399 [main] INFO  testcases.RoleFolder - Key: X-Content-Type-Options Value: nosniff
11:05:10.399 [main] INFO  testcases.RoleFolder - Key: X-XSS-Protection Value: 0
11:05:10.400 [main] INFO  testcases.RoleFolder - Key: Cache-Control Value: no-cache, no-store, max-age=0, must-revalidate
11:05:10.400 [main] INFO  testcases.RoleFolder - Key: Pragma Value: no-cache
11:05:10.400 [main] INFO  testcases.RoleFolder - Key: Expires Value: 0
11:05:10.400 [main] INFO  testcases.RoleFolder - Key: X-Frame-Options Value: DENY
11:05:10.400 [main] INFO  testcases.RoleFolder - Key: Content-Type Value: application/json
11:05:10.401 [main] INFO  testcases.RoleFolder - Key: Transfer-Encoding Value: chunked
11:05:10.401 [main] INFO  testcases.RoleFolder - Key: Date Value: Fri, 15 Dec 2023 05:35:09 GMT
11:05:10.401 [main] INFO  testcases.RoleFolder - Key: Keep-Alive Value: timeout=60
11:05:10.401 [main] INFO  testcases.RoleFolder - Key: Connection Value: keep-alive
]]></system-out>
  </testcase>
  <testcase name="updateRoleWithoutGivingRoleId" classname="testcases.RoleFolder" time="0.415">
    <system-out><![CDATA[11:05:10.795 [main] INFO  testcases.RoleFolder - Response Body:
{
    "timestamp": "2023-12-15T05:35:10.015+00:00",
    "status": 400,
    "error": "Bad Request",
    "message": "Fields are missing",
    "path": "/employee/role/update"
}
11:05:10.818 [main] INFO  testcases.RoleFolder - Message: Fields are missing
11:05:10.818 [main] INFO  testcases.RoleFolder - Response Code: 400
11:05:10.818 [main] INFO  testcases.RoleFolder - Response Time: 379
]]></system-out>
  </testcase>
  <testcase name="updateRoleByGivingNonExistingRoleId" classname="testcases.RoleFolder" time="0.414">
    <system-out><![CDATA[11:05:11.214 [main] INFO  testcases.RoleFolder - Response Body:
{
    "timestamp": "2023-12-15T05:35:10.434+00:00",
    "status": 404,
    "error": "Not Found",
    "message": "No Role Present For Given Id",
    "path": "/employee/role/update"
}
11:05:11.234 [main] INFO  testcases.RoleFolder - Message: No Role Present For Given Id
11:05:11.234 [main] INFO  testcases.RoleFolder - Response Code: 404
11:05:11.235 [main] INFO  testcases.RoleFolder - Response Time: 384
]]></system-out>
  </testcase>
  <testcase name="deleteSingleRoleWithInvalidRoleId" classname="testcases.RoleFolder" time="0.413">
    <system-out><![CDATA[11:05:11.631 [main] INFO  testcases.RoleFolder - Response Body: {
    "timestamp": "2023-12-15T05:35:10.852+00:00",
    "status": 404,
    "error": "Not Found",
    "message": "Role Not Found",
    "path": "/employee/role/delete"
}
11:05:11.648 [main] INFO  testcases.RoleFolder - Message: Role Not Found
11:05:11.648 [main] INFO  testcases.RoleFolder - Response Code: 404
11:05:11.648 [main] INFO  testcases.RoleFolder - Response Time: 385
]]></system-out>
  </testcase>
  <testcase name="getRoleByLevelWithAuthorization" classname="testcases.RoleFolder" time="0.373">
    <failure message="Invalid status code expected [200] but found [404]" type="java.lang.AssertionError"><![CDATA[java.lang.AssertionError: Invalid status code expected [200] but found [404]
	at org.testng.Assert.fail(Assert.java:111)
	at org.testng.Assert.failNotEquals(Assert.java:1578)
	at org.testng.Assert.assertEqualsImpl(Assert.java:150)
	at org.testng.Assert.assertEquals(Assert.java:132)
	at org.testng.Assert.assertEquals(Assert.java:1419)
	at org.testng.Assert.assertEquals(Assert.java:1383)
	at testcases.RoleFolder.getRoleByLevelWithAuthorization(RoleFolder.java:404)
	at java.base/jdk.internal.reflect.NativeMethodAccessorImpl.invoke0(Native Method)
	at java.base/jdk.internal.reflect.NativeMethodAccessorImpl.invoke(NativeMethodAccessorImpl.java:77)
	at java.base/jdk.internal.reflect.DelegatingMethodAccessorImpl.invoke(DelegatingMethodAccessorImpl.java:43)
	at java.base/java.lang.reflect.Method.invoke(Method.java:568)
	at org.testng.internal.invokers.MethodInvocationHelper.invokeMethod(MethodInvocationHelper.java:139)
	at org.testng.internal.invokers.TestInvoker.invokeMethod(TestInvoker.java:664)
	at org.testng.internal.invokers.TestInvoker.invokeTestMethod(TestInvoker.java:227)
	at org.testng.internal.invokers.MethodRunner.runInSequence(MethodRunner.java:50)
	at org.testng.internal.invokers.TestInvoker$MethodInvocationAgent.invoke(TestInvoker.java:957)
	at org.testng.internal.invokers.TestInvoker.invokeTestMethods(TestInvoker.java:200)
	at org.testng.internal.invokers.TestMethodWorker.invokeTestMethods(TestMethodWorker.java:148)
	at org.testng.internal.invokers.TestMethodWorker.run(TestMethodWorker.java:128)
	at java.base/java.util.ArrayList.forEach(ArrayList.java:1511)
	at org.testng.TestRunner.privateRun(TestRunner.java:848)
	at org.testng.TestRunner.run(TestRunner.java:621)
	at org.testng.SuiteRunner.runTest(SuiteRunner.java:443)
	at org.testng.SuiteRunner.runSequentially(SuiteRunner.java:437)
	at org.testng.SuiteRunner.privateRun(SuiteRunner.java:397)
	at org.testng.SuiteRunner.run(SuiteRunner.java:336)
	at org.testng.SuiteRunnerWorker.runSuite(SuiteRunnerWorker.java:52)
	at org.testng.SuiteRunnerWorker.run(SuiteRunnerWorker.java:95)
	at org.testng.TestNG.runSuitesSequentially(TestNG.java:1280)
	at org.testng.TestNG.runSuitesLocally(TestNG.java:1200)
	at org.testng.TestNG.runSuites(TestNG.java:1114)
	at org.testng.TestNG.run(TestNG.java:1082)
	at org.apache.maven.surefire.testng.TestNGExecutor.run(TestNGExecutor.java:308)
	at org.apache.maven.surefire.testng.TestNGXmlTestSuite.execute(TestNGXmlTestSuite.java:71)
	at org.apache.maven.surefire.testng.TestNGProvider.invoke(TestNGProvider.java:113)
	at org.apache.maven.surefire.booter.ForkedBooter.runSuitesInProcess(ForkedBooter.java:385)
	at org.apache.maven.surefire.booter.ForkedBooter.execute(ForkedBooter.java:162)
	at org.apache.maven.surefire.booter.ForkedBooter.run(ForkedBooter.java:507)
	at org.apache.maven.surefire.booter.ForkedBooter.main(ForkedBooter.java:495)
]]></failure>
    <system-out><![CDATA[11:05:12.023 [main] INFO  testcases.RoleFolder - Status Code: 404
]]></system-out>
  </testcase>
  <testcase name="getRoleByLevelWithInvalidRoleLevel" classname="testcases.RoleFolder" time="0.373">
    <system-out><![CDATA[11:05:12.395 [main] INFO  testcases.RoleFolder - Status Code: 404
11:05:12.396 [main] INFO  testcases.RoleFolder - Response Body: {
    "timestamp": "2023-12-15T05:35:11.617+00:00",
    "status": 404,
    "error": "Not Found",
    "message": "No message available",
    "path": "/employee/role/level12"
}
]]></system-out>
  </testcase>
  <testcase name="verifyAddTagWithoutAuthorization" classname="testcases.TagFolder" time="0.033">
    <system-out><![CDATA[11:05:12.429 [main] INFO  testcases.TagFolder - Response Body:

11:05:12.431 [main] INFO  testcases.TagFolder - Response Code: 401
11:05:12.431 [main] INFO  testcases.TagFolder - Response Time: 20
]]></system-out>
  </testcase>
  <testcase name="verifyGetAllTagWithoutAuthorization" classname="testcases.TagFolder" time="0.034">
    <system-out><![CDATA[11:05:12.465 [main] INFO  testcases.TagFolder - Status Code: 401
]]></system-out>
  </testcase>
  <testcase name="updateTagWithoutAuthorization" classname="testcases.TagFolder" time="0.092">
    <system-out><![CDATA[11:05:12.557 [main] INFO  testcases.TagFolder - Response Body:

11:05:12.557 [main] INFO  testcases.TagFolder - Response Code: 401
]]></system-out>
  </testcase>
  <testcase name="deleteSingleTagWithoutAuthorization" classname="testcases.TagFolder" time="0.027">
    <system-out><![CDATA[11:05:12.585 [main] INFO  testcases.TagFolder - Response Body: 
11:05:12.585 [main] INFO  testcases.TagFolder - Status Code: 401
]]></system-out>
  </testcase>
  <testcase name="verifyAddTagWithAuthorization" classname="testcases.TagFolder" time="0.783">
    <failure message="Invalid status code expected [200] but found [404]" type="java.lang.AssertionError"><![CDATA[java.lang.AssertionError: Invalid status code expected [200] but found [404]
	at org.testng.Assert.fail(Assert.java:111)
	at org.testng.Assert.failNotEquals(Assert.java:1578)
	at org.testng.Assert.assertEqualsImpl(Assert.java:150)
	at org.testng.Assert.assertEquals(Assert.java:132)
	at org.testng.Assert.assertEquals(Assert.java:1419)
	at org.testng.Assert.assertEquals(Assert.java:1383)
	at testcases.TagFolder.deleteSingleTagWithAuthorization(TagFolder.java:320)
	at testcases.TagFolder.verifyAddTagWithAuthorization(TagFolder.java:147)
	at java.base/jdk.internal.reflect.NativeMethodAccessorImpl.invoke0(Native Method)
	at java.base/jdk.internal.reflect.NativeMethodAccessorImpl.invoke(NativeMethodAccessorImpl.java:77)
	at java.base/jdk.internal.reflect.DelegatingMethodAccessorImpl.invoke(DelegatingMethodAccessorImpl.java:43)
	at java.base/java.lang.reflect.Method.invoke(Method.java:568)
	at org.testng.internal.invokers.MethodInvocationHelper.invokeMethod(MethodInvocationHelper.java:139)
	at org.testng.internal.invokers.TestInvoker.invokeMethod(TestInvoker.java:664)
	at org.testng.internal.invokers.TestInvoker.invokeTestMethod(TestInvoker.java:227)
	at org.testng.internal.invokers.MethodRunner.runInSequence(MethodRunner.java:50)
	at org.testng.internal.invokers.TestInvoker$MethodInvocationAgent.invoke(TestInvoker.java:957)
	at org.testng.internal.invokers.TestInvoker.invokeTestMethods(TestInvoker.java:200)
	at org.testng.internal.invokers.TestMethodWorker.invokeTestMethods(TestMethodWorker.java:148)
	at org.testng.internal.invokers.TestMethodWorker.run(TestMethodWorker.java:128)
	at java.base/java.util.ArrayList.forEach(ArrayList.java:1511)
	at org.testng.TestRunner.privateRun(TestRunner.java:848)
	at org.testng.TestRunner.run(TestRunner.java:621)
	at org.testng.SuiteRunner.runTest(SuiteRunner.java:443)
	at org.testng.SuiteRunner.runSequentially(SuiteRunner.java:437)
	at org.testng.SuiteRunner.privateRun(SuiteRunner.java:397)
	at org.testng.SuiteRunner.run(SuiteRunner.java:336)
	at org.testng.SuiteRunnerWorker.runSuite(SuiteRunnerWorker.java:52)
	at org.testng.SuiteRunnerWorker.run(SuiteRunnerWorker.java:95)
	at org.testng.TestNG.runSuitesSequentially(TestNG.java:1280)
	at org.testng.TestNG.runSuitesLocally(TestNG.java:1200)
	at org.testng.TestNG.runSuites(TestNG.java:1114)
	at org.testng.TestNG.run(TestNG.java:1082)
	at org.apache.maven.surefire.testng.TestNGExecutor.run(TestNGExecutor.java:308)
	at org.apache.maven.surefire.testng.TestNGXmlTestSuite.execute(TestNGXmlTestSuite.java:71)
	at org.apache.maven.surefire.testng.TestNGProvider.invoke(TestNGProvider.java:113)
	at org.apache.maven.surefire.booter.ForkedBooter.runSuitesInProcess(ForkedBooter.java:385)
	at org.apache.maven.surefire.booter.ForkedBooter.execute(ForkedBooter.java:162)
	at org.apache.maven.surefire.booter.ForkedBooter.run(ForkedBooter.java:507)
	at org.apache.maven.surefire.booter.ForkedBooter.main(ForkedBooter.java:495)
]]></failure>
    <system-out><![CDATA[11:05:12.990 [main] INFO  testcases.TagFolder - Response Body:
{
    "33": "Halvorson-Rosenbaum",
    "35": "Pfeffer, Bashirian and Lueilwitz",
    "3": "QE",
    "6": "QA",
    "27": "Leannon, Legros and Cruickshank",
    "13": "Lind, Veum and Larkin",
    "29": "Shanahan LLC",
    "31": "Halvorson and Sons"
}
11:05:12.990 [main] INFO  testcases.TagFolder - Response Code: 201
11:05:12.990 [main] INFO  testcases.TagFolder - Response Time: 392
11:05:12.990 [main] INFO  testcases.TagFolder - Content Type header value is: application/json
11:05:12.990 [main] INFO  testcases.TagFolder - Transfer Encoding header value is: chunked
11:05:12.990 [main] INFO  testcases.TagFolder - Connection header value is: keep-alive
11:05:12.990 [main] INFO  testcases.TagFolder - Key: X-Content-Type-Options Value: nosniff
11:05:12.990 [main] INFO  testcases.TagFolder - Key: X-XSS-Protection Value: 0
11:05:12.990 [main] INFO  testcases.TagFolder - Key: Cache-Control Value: no-cache, no-store, max-age=0, must-revalidate
11:05:12.991 [main] INFO  testcases.TagFolder - Key: Pragma Value: no-cache
11:05:12.991 [main] INFO  testcases.TagFolder - Key: Expires Value: 0
11:05:12.991 [main] INFO  testcases.TagFolder - Key: X-Frame-Options Value: DENY
11:05:12.991 [main] INFO  testcases.TagFolder - Key: Content-Type Value: application/json
11:05:12.991 [main] INFO  testcases.TagFolder - Key: Transfer-Encoding Value: chunked
11:05:12.991 [main] INFO  testcases.TagFolder - Key: Date Value: Fri, 15 Dec 2023 05:35:12 GMT
11:05:12.992 [main] INFO  testcases.TagFolder - Key: Keep-Alive Value: timeout=60
11:05:12.992 [main] INFO  testcases.TagFolder - Key: Connection Value: keep-alive
11:05:13.368 [main] INFO  testcases.TagFolder - Response Body: {
    "timestamp": "2023-12-15T05:35:12.591+00:00",
    "status": 404,
    "error": "Not Found",
    "message": "No tag to delete with tag,Pfeffer, Bashirian and Lueilwitz.",
    "path": "/task/tag/delete/single"
}
11:05:13.369 [main] INFO  testcases.TagFolder - Status Code: 404
]]></system-out>
  </testcase>
  <testcase name="addTagWithSamePayloadAsPrevious" classname="testcases.TagFolder" time="0.42">
    <system-out><![CDATA[11:05:13.766 [main] INFO  testcases.TagFolder - Response Body:
{
    "timestamp": "2023-12-15T05:35:12.987+00:00",
    "status": 422,
    "error": "Unprocessable Entity",
    "message": "Tag Already Exists",
    "path": "/task/tag/add"
}
11:05:13.787 [main] INFO  testcases.TagFolder - Message: Tag Already Exists
11:05:13.788 [main] INFO  testcases.TagFolder - Response Code: 422
11:05:13.788 [main] INFO  testcases.TagFolder - Response Time: 384
]]></system-out>
  </testcase>
  <testcase name="addTagWithInvalidPayload" classname="testcases.TagFolder" time="0.444">
    <system-out><![CDATA[11:05:14.213 [main] INFO  testcases.TagFolder - Response Body:
{
    "timestamp": "2023-12-15T05:35:13.433+00:00",
    "status": 400,
    "error": "Bad Request",
    "message": "Fields are Missing",
    "path": "/task/tag/add"
}
11:05:14.213 [main] INFO  testcases.TagFolder - Are Fields Missing: false
11:05:14.214 [main] INFO  testcases.TagFolder - Response Code: 400
11:05:14.232 [main] INFO  testcases.TagFolder - Message: Fields are Missing
11:05:14.233 [main] INFO  testcases.TagFolder - Response Time: 411
]]></system-out>
  </testcase>
  <testcase name="verifyGetAllTagWithAuthorization" classname="testcases.TagFolder" time="0.399">
    <system-out><![CDATA[11:05:14.628 [main] INFO  testcases.TagFolder - Status Code: 200
11:05:14.629 [main] INFO  testcases.TagFolder - Response Body: {
    "33": "Halvorson-Rosenbaum",
    "35": "Pfeffer, Bashirian and Lueilwitz",
    "3": "QE",
    "6": "QA",
    "27": "Leannon, Legros and Cruickshank",
    "13": "Lind, Veum and Larkin",
    "29": "Shanahan LLC",
    "31": "Halvorson and Sons"
}
11:05:14.629 [main] INFO  testcases.TagFolder - Content Type header value is: application/json
11:05:14.629 [main] INFO  testcases.TagFolder - Transfer Encoding header value is: chunked
11:05:14.629 [main] INFO  testcases.TagFolder - Connection header value is: keep-alive
11:05:14.629 [main] INFO  testcases.TagFolder - Key: X-Content-Type-Options Value: nosniff
11:05:14.630 [main] INFO  testcases.TagFolder - Key: X-XSS-Protection Value: 0
11:05:14.630 [main] INFO  testcases.TagFolder - Key: Cache-Control Value: no-cache, no-store, max-age=0, must-revalidate
11:05:14.630 [main] INFO  testcases.TagFolder - Key: Pragma Value: no-cache
11:05:14.630 [main] INFO  testcases.TagFolder - Key: Expires Value: 0
11:05:14.630 [main] INFO  testcases.TagFolder - Key: X-Frame-Options Value: DENY
11:05:14.630 [main] INFO  testcases.TagFolder - Key: Content-Type Value: application/json
11:05:14.630 [main] INFO  testcases.TagFolder - Key: Transfer-Encoding Value: chunked
11:05:14.631 [main] INFO  testcases.TagFolder - Key: Date Value: Fri, 15 Dec 2023 05:35:13 GMT
11:05:14.631 [main] INFO  testcases.TagFolder - Key: Keep-Alive Value: timeout=60
11:05:14.631 [main] INFO  testcases.TagFolder - Key: Connection Value: keep-alive
]]></system-out>
  </testcase>
  <testcase name="updateTagWithAuthorization" classname="testcases.TagFolder" time="0.393">
    <system-out><![CDATA[11:05:15.023 [main] INFO  testcases.TagFolder - Response Body:
{
    "33": "Halvorson-Rosenbaum",
    "35": "Pfeffer, Bashirian and Lueilwitz",
    "3": "QE",
    "6": "QA",
    "27": "Leannon, Legros and Cruickshank",
    "13": "Metz-Bins",
    "29": "Shanahan LLC",
    "31": "Halvorson and Sons"
}
11:05:15.024 [main] INFO  testcases.TagFolder - Response Code: 200
11:05:15.024 [main] INFO  testcases.TagFolder - Content Type header value is: application/json
11:05:15.024 [main] INFO  testcases.TagFolder - Transfer Encoding header value is: chunked
11:05:15.024 [main] INFO  testcases.TagFolder - Connection header value is: keep-alive
11:05:15.024 [main] INFO  testcases.TagFolder - Key: X-Content-Type-Options Value: nosniff
11:05:15.024 [main] INFO  testcases.TagFolder - Key: X-XSS-Protection Value: 0
11:05:15.025 [main] INFO  testcases.TagFolder - Key: Cache-Control Value: no-cache, no-store, max-age=0, must-revalidate
11:05:15.025 [main] INFO  testcases.TagFolder - Key: Pragma Value: no-cache
11:05:15.025 [main] INFO  testcases.TagFolder - Key: Expires Value: 0
11:05:15.025 [main] INFO  testcases.TagFolder - Key: X-Frame-Options Value: DENY
11:05:15.025 [main] INFO  testcases.TagFolder - Key: Content-Type Value: application/json
11:05:15.025 [main] INFO  testcases.TagFolder - Key: Transfer-Encoding Value: chunked
11:05:15.025 [main] INFO  testcases.TagFolder - Key: Date Value: Fri, 15 Dec 2023 05:35:13 GMT
11:05:15.025 [main] INFO  testcases.TagFolder - Key: Keep-Alive Value: timeout=60
11:05:15.025 [main] INFO  testcases.TagFolder - Key: Connection Value: keep-alive
]]></system-out>
  </testcase>
  <testcase name="updateTagWithoutGivingTagId" classname="testcases.TagFolder" time="0.399">
    <system-out><![CDATA[11:05:15.412 [main] INFO  testcases.TagFolder - Response Body:
{
    "timestamp": "2023-12-15T05:35:14.633+00:00",
    "status": 400,
    "error": "Bad Request",
    "message": "Fields are missing",
    "path": "/task/tag/update"
}
11:05:15.426 [main] INFO  testcases.TagFolder - Message: Fields are missing
11:05:15.426 [main] INFO  testcases.TagFolder - Response Code: 400
11:05:15.426 [main] INFO  testcases.TagFolder - Response Time: 374
]]></system-out>
  </testcase>
  <testcase name="updateTagByGivingNonExistingTagId" classname="testcases.TagFolder" time="0.406">
    <system-out><![CDATA[11:05:15.814 [main] INFO  testcases.TagFolder - Response Body:
{
    "timestamp": "2023-12-15T05:35:15.036+00:00",
    "status": 404,
    "error": "Not Found",
    "message": "No Tag Present For Given Id",
    "path": "/task/tag/update"
}
11:05:15.833 [main] INFO  testcases.TagFolder - Message: No Tag Present For Given Id
11:05:15.833 [main] INFO  testcases.TagFolder - Response Code: 404
11:05:15.833 [main] INFO  testcases.TagFolder - Response Time: 373
]]></system-out>
  </testcase>
  <testcase name="deleteSingleTagWithInvalidTagName" classname="testcases.TagFolder" time="0.428">
    <system-out><![CDATA[11:05:16.251 [main] INFO  testcases.TagFolder - Response Body: {
    "timestamp": "2023-12-15T05:35:15.474+00:00",
    "status": 404,
    "error": "Not Found",
    "message": "No tag to delete with tag,Pfeffer, Bashirian and Lueilwitz,Peon.",
    "path": "/task/tag/delete/single"
}
11:05:16.262 [main] INFO  testcases.TagFolder - Message: No tag to delete with tag,Pfeffer, Bashirian and Lueilwitz,Peon.
11:05:16.262 [main] INFO  testcases.TagFolder - Response Code: 404
11:05:16.262 [main] INFO  testcases.TagFolder - Response Time: 406
]]></system-out>
  </testcase>
  <testcase name="verifyAddPriorityWithoutAuthorization" classname="testcases.PriorityFolder" time="0.024">
    <system-out><![CDATA[11:05:16.285 [main] INFO  testcases.PriorityFolder - Response Body:

11:05:16.286 [main] INFO  testcases.PriorityFolder - Response Code: 401
11:05:16.286 [main] INFO  testcases.PriorityFolder - Response Time: 14
]]></system-out>
  </testcase>
  <testcase name="verifyGetAllPriorityWithoutAuthorization" classname="testcases.PriorityFolder" time="0.025">
    <system-out><![CDATA[11:05:16.311 [main] INFO  testcases.PriorityFolder - Status Code: 401
]]></system-out>
  </testcase>
  <testcase name="updatePriorityWithoutAuthorization" classname="testcases.PriorityFolder" time="0.03">
    <system-out><![CDATA[11:05:16.342 [main] INFO  testcases.PriorityFolder - Response Body:

11:05:16.343 [main] INFO  testcases.PriorityFolder - Response Code: 401
]]></system-out>
  </testcase>
  <testcase name="verifyAddPriorityWithAuthorization" classname="testcases.PriorityFolder" time="0.811">
    <system-out><![CDATA[11:05:16.734 [main] INFO  testcases.PriorityFolder - Response Body:
{
    "timestamp": "2023-12-15T05:35:15.953+00:00",
    "status": 422,
    "error": "Unprocessable Entity",
    "message": "Priority Already Exits",
    "path": "/task/priority/add"
}
11:05:16.734 [main] INFO  testcases.PriorityFolder - Response Code: 422
11:05:16.752 [main] INFO  testcases.PriorityFolder - Message: Priority Already Exits
11:05:16.753 [main] INFO  testcases.PriorityFolder - Response Time: 382
11:05:16.753 [main] INFO  testcases.PriorityFolder - Content Type header value is: application/json
11:05:16.753 [main] INFO  testcases.PriorityFolder - Transfer Encoding header value is: chunked
11:05:16.753 [main] INFO  testcases.PriorityFolder - Connection header value is: keep-alive
11:05:16.754 [main] INFO  testcases.PriorityFolder - Key: X-Content-Type-Options Value: nosniff
11:05:16.754 [main] INFO  testcases.PriorityFolder - Key: X-XSS-Protection Value: 0
11:05:16.754 [main] INFO  testcases.PriorityFolder - Key: Cache-Control Value: no-cache, no-store, max-age=0, must-revalidate
11:05:16.754 [main] INFO  testcases.PriorityFolder - Key: Pragma Value: no-cache
11:05:16.754 [main] INFO  testcases.PriorityFolder - Key: Expires Value: 0
11:05:16.754 [main] INFO  testcases.PriorityFolder - Key: X-Frame-Options Value: DENY
11:05:16.755 [main] INFO  testcases.PriorityFolder - Key: Content-Type Value: application/json
11:05:16.755 [main] INFO  testcases.PriorityFolder - Key: Transfer-Encoding Value: chunked
11:05:16.755 [main] INFO  testcases.PriorityFolder - Key: Date Value: Fri, 15 Dec 2023 05:35:15 GMT
11:05:16.755 [main] INFO  testcases.PriorityFolder - Key: Keep-Alive Value: timeout=60
11:05:16.755 [main] INFO  testcases.PriorityFolder - Key: Connection Value: keep-alive
11:05:17.151 [main] INFO  testcases.PriorityFolder - Response Body: {
    "23": "Low",
    "40": "Principal"
}
11:05:17.151 [main] INFO  testcases.PriorityFolder - Status Code: 200
11:05:17.152 [main] INFO  testcases.PriorityFolder - Content Type header value is: application/json
11:05:17.152 [main] INFO  testcases.PriorityFolder - Transfer Encoding header value is: chunked
11:05:17.152 [main] INFO  testcases.PriorityFolder - Connection header value is: keep-alive
11:05:17.152 [main] INFO  testcases.PriorityFolder - Key: X-Content-Type-Options Value: nosniff
11:05:17.152 [main] INFO  testcases.PriorityFolder - Key: X-XSS-Protection Value: 0
11:05:17.152 [main] INFO  testcases.PriorityFolder - Key: Cache-Control Value: no-cache, no-store, max-age=0, must-revalidate
11:05:17.152 [main] INFO  testcases.PriorityFolder - Key: Pragma Value: no-cache
11:05:17.152 [main] INFO  testcases.PriorityFolder - Key: Expires Value: 0
11:05:17.152 [main] INFO  testcases.PriorityFolder - Key: X-Frame-Options Value: DENY
11:05:17.152 [main] INFO  testcases.PriorityFolder - Key: Content-Type Value: application/json
11:05:17.153 [main] INFO  testcases.PriorityFolder - Key: Transfer-Encoding Value: chunked
11:05:17.153 [main] INFO  testcases.PriorityFolder - Key: Date Value: Fri, 15 Dec 2023 05:35:15 GMT
11:05:17.153 [main] INFO  testcases.PriorityFolder - Key: Keep-Alive Value: timeout=60
11:05:17.153 [main] INFO  testcases.PriorityFolder - Key: Connection Value: keep-alive
]]></system-out>
  </testcase>
  <testcase name="addPriorityWithSamePayloadAsPrevious" classname="testcases.PriorityFolder" time="0.446">
    <system-out><![CDATA[11:05:17.581 [main] INFO  testcases.PriorityFolder - Response Body:
{
    "timestamp": "2023-12-15T05:35:16.803+00:00",
    "status": 422,
    "error": "Unprocessable Entity",
    "message": "Priority Already Exits",
    "path": "/task/priority/add"
}
11:05:17.601 [main] INFO  testcases.PriorityFolder - Message: Priority Already Exits
11:05:17.601 [main] INFO  testcases.PriorityFolder - Response Code: 422
11:05:17.601 [main] INFO  testcases.PriorityFolder - Response Time: 414
]]></system-out>
  </testcase>
  <testcase name="addPriorityWithInvalidPayload" classname="testcases.PriorityFolder" time="0.407">
    <system-out><![CDATA[11:05:17.991 [main] INFO  testcases.PriorityFolder - Response Body:
{
    "timestamp": "2023-12-15T05:35:17.214+00:00",
    "status": 400,
    "error": "Bad Request",
    "message": "Fields are Missing",
    "path": "/task/priority/add"
}
11:05:18.007 [main] INFO  testcases.PriorityFolder - Message: Fields are Missing
11:05:18.007 [main] INFO  testcases.PriorityFolder - Response Code: 400
11:05:18.008 [main] INFO  testcases.PriorityFolder - Response Time: 372
]]></system-out>
  </testcase>
  <testcase name="verifyGetAllPriorityWithAuthorization" classname="testcases.PriorityFolder" time="0.383">
    <system-out><![CDATA[11:05:18.390 [main] INFO  testcases.PriorityFolder - Status Code: 200
11:05:18.391 [main] INFO  testcases.PriorityFolder - Response Body: {
    "23": "Low",
    "40": "Principal"
}
11:05:18.391 [main] INFO  testcases.PriorityFolder - Content Type header value is: application/json
11:05:18.391 [main] INFO  testcases.PriorityFolder - Transfer Encoding header value is: chunked
11:05:18.391 [main] INFO  testcases.PriorityFolder - Connection header value is: keep-alive
11:05:18.391 [main] INFO  testcases.PriorityFolder - Key: X-Content-Type-Options Value: nosniff
11:05:18.392 [main] INFO  testcases.PriorityFolder - Key: X-XSS-Protection Value: 0
11:05:18.392 [main] INFO  testcases.PriorityFolder - Key: Cache-Control Value: no-cache, no-store, max-age=0, must-revalidate
11:05:18.392 [main] INFO  testcases.PriorityFolder - Key: Pragma Value: no-cache
11:05:18.392 [main] INFO  testcases.PriorityFolder - Key: Expires Value: 0
11:05:18.392 [main] INFO  testcases.PriorityFolder - Key: X-Frame-Options Value: DENY
11:05:18.392 [main] INFO  testcases.PriorityFolder - Key: Content-Type Value: application/json
11:05:18.392 [main] INFO  testcases.PriorityFolder - Key: Transfer-Encoding Value: chunked
11:05:18.392 [main] INFO  testcases.PriorityFolder - Key: Date Value: Fri, 15 Dec 2023 05:35:17 GMT
11:05:18.392 [main] INFO  testcases.PriorityFolder - Key: Keep-Alive Value: timeout=60
11:05:18.392 [main] INFO  testcases.PriorityFolder - Key: Connection Value: keep-alive
]]></system-out>
  </testcase>
  <testcase name="updatePriorityWithAuthorization" classname="testcases.PriorityFolder" time="0.408">
    <system-out><![CDATA[11:05:18.796 [main] INFO  testcases.PriorityFolder - Response Body:
{
    "23": "Low",
    "40": "Investor"
}
11:05:18.796 [main] INFO  testcases.PriorityFolder - Response Code: 200
11:05:18.796 [main] INFO  testcases.PriorityFolder - Content Type header value is: application/json
11:05:18.796 [main] INFO  testcases.PriorityFolder - Transfer Encoding header value is: chunked
11:05:18.797 [main] INFO  testcases.PriorityFolder - Connection header value is: keep-alive
11:05:18.797 [main] INFO  testcases.PriorityFolder - Key: X-Content-Type-Options Value: nosniff
11:05:18.797 [main] INFO  testcases.PriorityFolder - Key: X-XSS-Protection Value: 0
11:05:18.797 [main] INFO  testcases.PriorityFolder - Key: Cache-Control Value: no-cache, no-store, max-age=0, must-revalidate
11:05:18.797 [main] INFO  testcases.PriorityFolder - Key: Pragma Value: no-cache
11:05:18.797 [main] INFO  testcases.PriorityFolder - Key: Expires Value: 0
11:05:18.797 [main] INFO  testcases.PriorityFolder - Key: X-Frame-Options Value: DENY
11:05:18.797 [main] INFO  testcases.PriorityFolder - Key: Content-Type Value: application/json
11:05:18.797 [main] INFO  testcases.PriorityFolder - Key: Transfer-Encoding Value: chunked
11:05:18.797 [main] INFO  testcases.PriorityFolder - Key: Date Value: Fri, 15 Dec 2023 05:35:17 GMT
11:05:18.797 [main] INFO  testcases.PriorityFolder - Key: Keep-Alive Value: timeout=60
11:05:18.797 [main] INFO  testcases.PriorityFolder - Key: Connection Value: keep-alive
]]></system-out>
  </testcase>
  <testcase name="updatePriorityWithoutGivingPriorityId" classname="testcases.PriorityFolder" time="0.414">
    <system-out><![CDATA[11:05:19.189 [main] INFO  testcases.PriorityFolder - Response Body:
{
    "timestamp": "2023-12-15T05:35:18.409+00:00",
    "status": 400,
    "error": "Bad Request",
    "message": "Fields are missing",
    "path": "/task/priority/update"
}
11:05:19.209 [main] INFO  testcases.PriorityFolder - Message: Fields are missing
11:05:19.210 [main] INFO  testcases.PriorityFolder - Response Code: 400
11:05:19.210 [main] INFO  testcases.PriorityFolder - Response Time: 376
]]></system-out>
  </testcase>
  <testcase name="updatePriorityByGivingNonExistingPriorityId" classname="testcases.PriorityFolder" time="0.39">
    <system-out><![CDATA[11:05:19.604 [main] INFO  testcases.PriorityFolder - Response Body:
{
    "timestamp": "2023-12-15T05:35:18.826+00:00",
    "status": 404,
    "error": "Not Found",
    "message": "No Priority Present For Given Id",
    "path": "/task/priority/update"
}
11:05:19.604 [main] INFO  testcases.PriorityFolder - Is Priority Present For Given Id: true
11:05:19.604 [main] INFO  testcases.PriorityFolder - Response Code: 404
11:05:19.604 [main] INFO  testcases.PriorityFolder - Response Time: 365
]]></system-out>
  </testcase>
  <testcase name="deleteSinglePriorityWithInvalidPriorityName" classname="testcases.PriorityFolder" time="0.402">
    <system-out><![CDATA[11:05:19.994 [main] INFO  testcases.PriorityFolder - Response Body: {
    "timestamp": "2023-12-15T05:35:19.194+00:00",
    "status": 404,
    "error": "Not Found",
    "message": "No priority to delete with Forward,Master1.",
    "path": "/task/priority/delete/single"
}
11:05:20.009 [main] INFO  testcases.PriorityFolder - Message: No priority to delete with Forward,Master1.
11:05:20.009 [main] INFO  testcases.PriorityFolder - Response Code: 404
11:05:20.009 [main] INFO  testcases.PriorityFolder - Response Time: 380
]]></system-out>
  </testcase>
</testsuite>