<?xml version="1.0" encoding="UTF-8"?>
<testsuite xmlns:xsi="http://www.w3.org/2001/XMLSchema-instance" xsi:noNamespaceSchemaLocation="https://maven.apache.org/surefire/maven-surefire-plugin/xsd/surefire-test-report-3.0.xsd" version="3.0" name="TestSuite" time="42.131" tests="85" errors="0" skipped="0" failures="11">
  <properties>
[...]
</properties>
  <testcase name="verifyAddProjectWithoutAuthorization" classname="testcases.ProjectFolder" time="2.054">
    <system-out><![CDATA[WARN StatusConsoleListener No Root logger was configured, creating default ERROR-level Root logger with Console appender
ERROR StatusConsoleListener Unable to locate appender "Class2LogFile" for logger config "testcases.PriorityFolder"
10:10:04.263 [main] INFO  testcases.ProjectFolder - Response Body:

10:10:04.268 [main] INFO  testcases.ProjectFolder - Response Code: 401
10:10:04.274 [main] INFO  testcases.ProjectFolder - Response Time: 1013
]]></system-out>
    <system-err><![CDATA[SLF4J: Failed to load class "org.slf4j.impl.StaticLoggerBinder".
SLF4J: Defaulting to no-operation (NOP) logger implementation
SLF4J: See http://www.slf4j.org/codes.html#StaticLoggerBinder for further details.
]]></system-err>
  </testcase>
  <testcase name="verifyGetAllProjectWithoutAuthorization" classname="testcases.ProjectFolder" time="0.051">
    <system-out><![CDATA[10:10:04.435 [main] INFO  testcases.ProjectFolder - Status Code: 401
]]></system-out>
  </testcase>
  <testcase name="verifyAddProjectWithAuthorization" classname="testcases.ProjectFolder" time="1.031">
    <system-out><![CDATA[10:10:05.463 [main] INFO  testcases.ProjectFolder - Response Body:
[
    {
        "projectId": 1,
        "projectName": "E-commerce App",
        "projectStartDate": "2023-12-05"
    },
    {
        "projectId": 2,
        "projectName": "E-commerce App",
        "projectStartDate": "2023-12-05"
    },
    {
        "projectId": 4,
        "projectName": "E-commerce App",
        "projectStartDate": "2023-12-05"
    },
    {
        "projectId": 9,
        "projectName": "E-commerce App",
        "projectStartDate": "2023-12-05"
    },
    {
        "projectId": 13,
        "projectName": "E-commerce App",
        "projectStartDate": "2023-12-05"
    },
    {
        "projectId": 16,
        "projectName": "E-commerce App",
        "projectStartDate": "2023-12-05"
    },
    {
        "projectId": 19,
        "projectName": "E-commerce App",
        "projectStartDate": "2023-12-05"
    },
    {
        "projectId": 22,
        "projectName": "E-commerce App",
        "projectStartDate": "2023-12-05"
    },
    {
        "projectId": 25,
        "projectName": "E-commerce App",
        "projectStartDate": "2023-12-05"
    },
    {
        "projectId": 28,
        "projectName": "E-commerce App",
        "projectStartDate": "2023-12-05"
    },
    {
        "projectId": 15,
        "projectName": "It",
        "projectStartDate": "2021-01-01"
    },
    {
        "projectId": 30,
        "projectName": "Tres-Zap",
        "projectStartDate": "2020-08-04"
    },
    {
        "projectId": 27,
        "projectName": "Treeflex",
        "projectStartDate": "2019-10-10"
    },
    {
        "projectId": 24,
        "projectName": "Bitwolf",
        "projectStartDate": "2019-06-05"
    },
    {
        "projectId": 3,
        "projectName": "Home Ing",
        "projectStartDate": "2017-08-11"
    },
    {
        "projectId": 21,
        "projectName": "Prodder",
        "projectStartDate": "2015-03-16"
    },
    {
        "projectId": 18,
        "projectName": "Overhold",
        "projectStartDate": "2013-02-21"
    },
    {
        "projectId": 12,
        "projectName": "Y-find",
        "projectStartDate": "2003-03-11"
    },
    {
        "projectId": 8,
        "projectName": "Fix San",
        "projectStartDate": "2001-05-16"
    },
    {
        "projectId": 5,
        "projectName": "Home Ing",
        "projectStartDate": null
    },
    {
        "projectId": 6,
        "projectName": "Sonsing",
        "projectStartDate": null
    },
    {
        "projectId": 7,
        "projectName": "Quiz App",
        "projectStartDate": null
    },
    {
        "projectId": 10,
        "projectName": "Stronghold",
        "projectStartDate": null
    },
    {
        "projectId": 11,
        "projectName": "Quiz App",
        "projectStartDate": null
    },
    {
        "projectId": 14,
        "projectName": "Greenlam",
        "projectStartDate": null
    },
    {
        "projectId": 17,
        "projectName": "Kanlam",
        "projectStartDate": null
    },
    {
        "projectId": 20,
        "projectName": "Wrapsafe",
        "projectStartDate": null
    },
    {
        "projectId": 23,
        "projectName": "Domainer",
        "projectStartDate": null
    },
    {
        "projectId": 26,
        "projectName": "Stringtough",
        "projectStartDate": null
    },
    {
        "projectId": 29,
        "projectName": "Cardify",
        "projectStartDate": null
    }
]
10:10:05.463 [main] INFO  testcases.ProjectFolder - Response Code: 201
10:10:05.464 [main] INFO  testcases.ProjectFolder - Response Time: 762
10:10:05.464 [main] INFO  testcases.ProjectFolder - Content Type header value is: application/json
10:10:05.465 [main] INFO  testcases.ProjectFolder - Transfer Encoding header value is: chunked
10:10:05.465 [main] INFO  testcases.ProjectFolder - Connection header value is: keep-alive
10:10:05.466 [main] INFO  testcases.ProjectFolder - Key: X-Content-Type-Options Value: nosniff
10:10:05.466 [main] INFO  testcases.ProjectFolder - Key: X-XSS-Protection Value: 0
10:10:05.466 [main] INFO  testcases.ProjectFolder - Key: Cache-Control Value: no-cache, no-store, max-age=0, must-revalidate
10:10:05.466 [main] INFO  testcases.ProjectFolder - Key: Pragma Value: no-cache
10:10:05.467 [main] INFO  testcases.ProjectFolder - Key: Expires Value: 0
10:10:05.467 [main] INFO  testcases.ProjectFolder - Key: X-Frame-Options Value: DENY
10:10:05.467 [main] INFO  testcases.ProjectFolder - Key: Content-Type Value: application/json
10:10:05.467 [main] INFO  testcases.ProjectFolder - Key: Transfer-Encoding Value: chunked
10:10:05.467 [main] INFO  testcases.ProjectFolder - Key: Date Value: Sat, 16 Dec 2023 04:40:04 GMT
10:10:05.467 [main] INFO  testcases.ProjectFolder - Key: Keep-Alive Value: timeout=60
10:10:05.468 [main] INFO  testcases.ProjectFolder - Key: Connection Value: keep-alive
]]></system-out>
  </testcase>
  <testcase name="addProjectWithSamePayloadAsPrevious" classname="testcases.ProjectFolder" time="0.432">
    <system-out><![CDATA[10:10:05.893 [main] INFO  testcases.ProjectFolder - Response Body:
[
    {
        "projectId": 1,
        "projectName": "E-commerce App",
        "projectStartDate": "2023-12-05"
    },
    {
        "projectId": 2,
        "projectName": "E-commerce App",
        "projectStartDate": "2023-12-05"
    },
    {
        "projectId": 4,
        "projectName": "E-commerce App",
        "projectStartDate": "2023-12-05"
    },
    {
        "projectId": 9,
        "projectName": "E-commerce App",
        "projectStartDate": "2023-12-05"
    },
    {
        "projectId": 13,
        "projectName": "E-commerce App",
        "projectStartDate": "2023-12-05"
    },
    {
        "projectId": 16,
        "projectName": "E-commerce App",
        "projectStartDate": "2023-12-05"
    },
    {
        "projectId": 19,
        "projectName": "E-commerce App",
        "projectStartDate": "2023-12-05"
    },
    {
        "projectId": 22,
        "projectName": "E-commerce App",
        "projectStartDate": "2023-12-05"
    },
    {
        "projectId": 25,
        "projectName": "E-commerce App",
        "projectStartDate": "2023-12-05"
    },
    {
        "projectId": 28,
        "projectName": "E-commerce App",
        "projectStartDate": "2023-12-05"
    },
    {
        "projectId": 31,
        "projectName": "E-commerce App",
        "projectStartDate": "2023/12/05"
    },
    {
        "projectId": 15,
        "projectName": "It",
        "projectStartDate": "2021-01-01"
    },
    {
        "projectId": 30,
        "projectName": "Tres-Zap",
        "projectStartDate": "2020-08-04"
    },
    {
        "projectId": 27,
        "projectName": "Treeflex",
        "projectStartDate": "2019-10-10"
    },
    {
        "projectId": 24,
        "projectName": "Bitwolf",
        "projectStartDate": "2019-06-05"
    },
    {
        "projectId": 3,
        "projectName": "Home Ing",
        "projectStartDate": "2017-08-11"
    },
    {
        "projectId": 21,
        "projectName": "Prodder",
        "projectStartDate": "2015-03-16"
    },
    {
        "projectId": 18,
        "projectName": "Overhold",
        "projectStartDate": "2013-02-21"
    },
    {
        "projectId": 12,
        "projectName": "Y-find",
        "projectStartDate": "2003-03-11"
    },
    {
        "projectId": 8,
        "projectName": "Fix San",
        "projectStartDate": "2001-05-16"
    },
    {
        "projectId": 5,
        "projectName": "Home Ing",
        "projectStartDate": null
    },
    {
        "projectId": 6,
        "projectName": "Sonsing",
        "projectStartDate": null
    },
    {
        "projectId": 7,
        "projectName": "Quiz App",
        "projectStartDate": null
    },
    {
        "projectId": 10,
        "projectName": "Stronghold",
        "projectStartDate": null
    },
    {
        "projectId": 11,
        "projectName": "Quiz App",
        "projectStartDate": null
    },
    {
        "projectId": 14,
        "projectName": "Greenlam",
        "projectStartDate": null
    },
    {
        "projectId": 17,
        "projectName": "Kanlam",
        "projectStartDate": null
    },
    {
        "projectId": 20,
        "projectName": "Wrapsafe",
        "projectStartDate": null
    },
    {
        "projectId": 23,
        "projectName": "Domainer",
        "projectStartDate": null
    },
    {
        "projectId": 26,
        "projectName": "Stringtough",
        "projectStartDate": null
    },
    {
        "projectId": 29,
        "projectName": "Cardify",
        "projectStartDate": null
    }
]
10:10:05.895 [main] INFO  testcases.ProjectFolder - Response Code: 201
10:10:05.895 [main] INFO  testcases.ProjectFolder - Response Time: 378
]]></system-out>
  </testcase>
  <testcase name="addProjectWithInvalidPayload" classname="testcases.ProjectFolder" time="2.563">
    <system-out><![CDATA[10:10:06.295 [main] INFO  testcases.ProjectFolder - Response Body:
{
    "timestamp": "2023-12-16T04:40:06.344+00:00",
    "status": 400,
    "error": "Bad Request",
    "message": "Fields Missing",
    "path": "/project/add"
}
10:10:08.464 [main] INFO  testcases.ProjectFolder - Message: Fields Missing
10:10:08.465 [main] INFO  testcases.ProjectFolder - Response Code: 400
10:10:08.465 [main] INFO  testcases.ProjectFolder - Response Time: 371
]]></system-out>
  </testcase>
  <testcase name="addProjectWithoutGivingProjectStartDateInPayload" classname="testcases.ProjectFolder" time="0.477">
    <system-out><![CDATA[10:10:08.941 [main] INFO  testcases.ProjectFolder - Response Body:
[
    {
        "projectId": 1,
        "projectName": "E-commerce App",
        "projectStartDate": "2023-12-05"
    },
    {
        "projectId": 2,
        "projectName": "E-commerce App",
        "projectStartDate": "2023-12-05"
    },
    {
        "projectId": 4,
        "projectName": "E-commerce App",
        "projectStartDate": "2023-12-05"
    },
    {
        "projectId": 9,
        "projectName": "E-commerce App",
        "projectStartDate": "2023-12-05"
    },
    {
        "projectId": 13,
        "projectName": "E-commerce App",
        "projectStartDate": "2023-12-05"
    },
    {
        "projectId": 16,
        "projectName": "E-commerce App",
        "projectStartDate": "2023-12-05"
    },
    {
        "projectId": 19,
        "projectName": "E-commerce App",
        "projectStartDate": "2023-12-05"
    },
    {
        "projectId": 22,
        "projectName": "E-commerce App",
        "projectStartDate": "2023-12-05"
    },
    {
        "projectId": 25,
        "projectName": "E-commerce App",
        "projectStartDate": "2023-12-05"
    },
    {
        "projectId": 28,
        "projectName": "E-commerce App",
        "projectStartDate": "2023-12-05"
    },
    {
        "projectId": 31,
        "projectName": "E-commerce App",
        "projectStartDate": "2023-12-05"
    },
    {
        "projectId": 15,
        "projectName": "It",
        "projectStartDate": "2021-01-01"
    },
    {
        "projectId": 30,
        "projectName": "Tres-Zap",
        "projectStartDate": "2020-08-04"
    },
    {
        "projectId": 27,
        "projectName": "Treeflex",
        "projectStartDate": "2019-10-10"
    },
    {
        "projectId": 24,
        "projectName": "Bitwolf",
        "projectStartDate": "2019-06-05"
    },
    {
        "projectId": 3,
        "projectName": "Home Ing",
        "projectStartDate": "2017-08-11"
    },
    {
        "projectId": 21,
        "projectName": "Prodder",
        "projectStartDate": "2015-03-16"
    },
    {
        "projectId": 18,
        "projectName": "Overhold",
        "projectStartDate": "2013-02-21"
    },
    {
        "projectId": 12,
        "projectName": "Y-find",
        "projectStartDate": "2003-03-11"
    },
    {
        "projectId": 8,
        "projectName": "Fix San",
        "projectStartDate": "2001-05-16"
    },
    {
        "projectId": 5,
        "projectName": "Home Ing",
        "projectStartDate": null
    },
    {
        "projectId": 6,
        "projectName": "Sonsing",
        "projectStartDate": null
    },
    {
        "projectId": 7,
        "projectName": "Quiz App",
        "projectStartDate": null
    },
    {
        "projectId": 10,
        "projectName": "Stronghold",
        "projectStartDate": null
    },
    {
        "projectId": 11,
        "projectName": "Quiz App",
        "projectStartDate": null
    },
    {
        "projectId": 14,
        "projectName": "Greenlam",
        "projectStartDate": null
    },
    {
        "projectId": 17,
        "projectName": "Kanlam",
        "projectStartDate": null
    },
    {
        "projectId": 20,
        "projectName": "Wrapsafe",
        "projectStartDate": null
    },
    {
        "projectId": 23,
        "projectName": "Domainer",
        "projectStartDate": null
    },
    {
        "projectId": 26,
        "projectName": "Stringtough",
        "projectStartDate": null
    },
    {
        "projectId": 29,
        "projectName": "Cardify",
        "projectStartDate": null
    },
    {
        "projectId": 32,
        "projectName": "Bytecard",
        "projectStartDate": null
    }
]
10:10:08.942 [main] INFO  testcases.ProjectFolder - Response Code: 201
10:10:08.942 [main] INFO  testcases.ProjectFolder - Response Time: 459
]]></system-out>
  </testcase>
  <testcase name="verifyGetAllProjectWithAuthorization" classname="testcases.ProjectFolder" time="0.41">
    <system-out><![CDATA[10:10:09.338 [main] INFO  testcases.ProjectFolder - Status Code: 200
10:10:09.342 [main] INFO  testcases.ProjectFolder - Response Body: [
    {
        "projectId": 1,
        "projectName": "E-commerce App",
        "projectStartDate": "2023-12-05"
    },
    {
        "projectId": 2,
        "projectName": "E-commerce App",
        "projectStartDate": "2023-12-05"
    },
    {
        "projectId": 4,
        "projectName": "E-commerce App",
        "projectStartDate": "2023-12-05"
    },
    {
        "projectId": 9,
        "projectName": "E-commerce App",
        "projectStartDate": "2023-12-05"
    },
    {
        "projectId": 13,
        "projectName": "E-commerce App",
        "projectStartDate": "2023-12-05"
    },
    {
        "projectId": 16,
        "projectName": "E-commerce App",
        "projectStartDate": "2023-12-05"
    },
    {
        "projectId": 19,
        "projectName": "E-commerce App",
        "projectStartDate": "2023-12-05"
    },
    {
        "projectId": 22,
        "projectName": "E-commerce App",
        "projectStartDate": "2023-12-05"
    },
    {
        "projectId": 25,
        "projectName": "E-commerce App",
        "projectStartDate": "2023-12-05"
    },
    {
        "projectId": 28,
        "projectName": "E-commerce App",
        "projectStartDate": "2023-12-05"
    },
    {
        "projectId": 31,
        "projectName": "E-commerce App",
        "projectStartDate": "2023-12-05"
    },
    {
        "projectId": 15,
        "projectName": "It",
        "projectStartDate": "2021-01-01"
    },
    {
        "projectId": 30,
        "projectName": "Tres-Zap",
        "projectStartDate": "2020-08-04"
    },
    {
        "projectId": 27,
        "projectName": "Treeflex",
        "projectStartDate": "2019-10-10"
    },
    {
        "projectId": 24,
        "projectName": "Bitwolf",
        "projectStartDate": "2019-06-05"
    },
    {
        "projectId": 3,
        "projectName": "Home Ing",
        "projectStartDate": "2017-08-11"
    },
    {
        "projectId": 21,
        "projectName": "Prodder",
        "projectStartDate": "2015-03-16"
    },
    {
        "projectId": 18,
        "projectName": "Overhold",
        "projectStartDate": "2013-02-21"
    },
    {
        "projectId": 12,
        "projectName": "Y-find",
        "projectStartDate": "2003-03-11"
    },
    {
        "projectId": 8,
        "projectName": "Fix San",
        "projectStartDate": "2001-05-16"
    },
    {
        "projectId": 5,
        "projectName": "Home Ing",
        "projectStartDate": null
    },
    {
        "projectId": 6,
        "projectName": "Sonsing",
        "projectStartDate": null
    },
    {
        "projectId": 7,
        "projectName": "Quiz App",
        "projectStartDate": null
    },
    {
        "projectId": 10,
        "projectName": "Stronghold",
        "projectStartDate": null
    },
    {
        "projectId": 11,
        "projectName": "Quiz App",
        "projectStartDate": null
    },
    {
        "projectId": 14,
        "projectName": "Greenlam",
        "projectStartDate": null
    },
    {
        "projectId": 17,
        "projectName": "Kanlam",
        "projectStartDate": null
    },
    {
        "projectId": 20,
        "projectName": "Wrapsafe",
        "projectStartDate": null
    },
    {
        "projectId": 23,
        "projectName": "Domainer",
        "projectStartDate": null
    },
    {
        "projectId": 26,
        "projectName": "Stringtough",
        "projectStartDate": null
    },
    {
        "projectId": 29,
        "projectName": "Cardify",
        "projectStartDate": null
    },
    {
        "projectId": 32,
        "projectName": "Bytecard",
        "projectStartDate": null
    }
]
10:10:09.345 [main] INFO  testcases.ProjectFolder - Content Type header value is: application/json
10:10:09.345 [main] INFO  testcases.ProjectFolder - Transfer Encoding header value is: chunked
10:10:09.346 [main] INFO  testcases.ProjectFolder - Connection header value is: keep-alive
10:10:09.346 [main] INFO  testcases.ProjectFolder - Key: X-Content-Type-Options Value: nosniff
10:10:09.346 [main] INFO  testcases.ProjectFolder - Key: X-XSS-Protection Value: 0
10:10:09.346 [main] INFO  testcases.ProjectFolder - Key: Cache-Control Value: no-cache, no-store, max-age=0, must-revalidate
10:10:09.346 [main] INFO  testcases.ProjectFolder - Key: Pragma Value: no-cache
10:10:09.346 [main] INFO  testcases.ProjectFolder - Key: Expires Value: 0
10:10:09.347 [main] INFO  testcases.ProjectFolder - Key: X-Frame-Options Value: DENY
10:10:09.347 [main] INFO  testcases.ProjectFolder - Key: Content-Type Value: application/json
10:10:09.347 [main] INFO  testcases.ProjectFolder - Key: Transfer-Encoding Value: chunked
10:10:09.347 [main] INFO  testcases.ProjectFolder - Key: Date Value: Sat, 16 Dec 2023 04:40:08 GMT
10:10:09.347 [main] INFO  testcases.ProjectFolder - Key: Keep-Alive Value: timeout=60
10:10:09.347 [main] INFO  testcases.ProjectFolder - Key: Connection Value: keep-alive
]]></system-out>
  </testcase>
  <testcase name="verifyAddStatusWithoutAuthorization" classname="testcases.StatusFolder" time="0.03">
    <system-out><![CDATA[10:10:09.381 [main] INFO  testcases.StatusFolder - Response Body:

10:10:09.381 [main] INFO  testcases.StatusFolder - Response Code: 401
10:10:09.382 [main] INFO  testcases.StatusFolder - Response Time: 22
]]></system-out>
  </testcase>
  <testcase name="verifyGetAllStatusWithoutAuthorization" classname="testcases.StatusFolder" time="0.055">
    <system-out><![CDATA[10:10:09.422 [main] INFO  testcases.StatusFolder - Status Code: 401
]]></system-out>
  </testcase>
  <testcase name="verifyUpdateStatusWithoutAuthorization" classname="testcases.StatusFolder" time="0.039">
    <system-out><![CDATA[10:10:09.473 [main] INFO  testcases.StatusFolder - Response Body:

10:10:09.473 [main] INFO  testcases.StatusFolder - Response Code: 401
]]></system-out>
  </testcase>
  <testcase name="deleteSingleStatusWithoutAuthorization" classname="testcases.StatusFolder" time="0.045">
    <system-out><![CDATA[10:10:09.520 [main] INFO  testcases.StatusFolder - Response Body: 
10:10:09.520 [main] INFO  testcases.StatusFolder - Status Code: 401
]]></system-out>
  </testcase>
  <testcase name="verifyAddStatusWithAuthorization" classname="testcases.StatusFolder" time="1.247">
    <failure message="expected [No status to delete with Runolfsdottir.] but found [No status to delete with Passed,Runolfsdottir.]" type="java.lang.AssertionError"><![CDATA[java.lang.AssertionError: expected [No status to delete with Runolfsdottir.] but found [No status to delete with Passed,Runolfsdottir.]
	at org.testng.Assert.fail(Assert.java:111)
	at org.testng.Assert.failNotEquals(Assert.java:1578)
	at org.testng.Assert.assertEqualsImpl(Assert.java:150)
	at org.testng.Assert.assertEquals(Assert.java:132)
	at org.testng.Assert.assertEquals(Assert.java:656)
	at org.testng.Assert.assertEquals(Assert.java:666)
	at testcases.StatusFolder.deleteSingleStatusWithAuthorization(StatusFolder.java:393)
	at testcases.StatusFolder.verifyAddStatusWithAuthorization(StatusFolder.java:135)
	at java.base/jdk.internal.reflect.NativeMethodAccessorImpl.invoke0(Native Method)
	at java.base/jdk.internal.reflect.NativeMethodAccessorImpl.invoke(NativeMethodAccessorImpl.java:77)
	at java.base/jdk.internal.reflect.DelegatingMethodAccessorImpl.invoke(DelegatingMethodAccessorImpl.java:43)
	at java.base/java.lang.reflect.Method.invoke(Method.java:568)
	at org.testng.internal.invokers.MethodInvocationHelper.invokeMethod(MethodInvocationHelper.java:139)
	at org.testng.internal.invokers.TestInvoker.invokeMethod(TestInvoker.java:664)
	at org.testng.internal.invokers.TestInvoker.invokeTestMethod(TestInvoker.java:227)
	at org.testng.internal.invokers.MethodRunner.runInSequence(MethodRunner.java:50)
	at org.testng.internal.invokers.TestInvoker$MethodInvocationAgent.invoke(TestInvoker.java:957)
	at org.testng.internal.invokers.TestInvoker.invokeTestMethods(TestInvoker.java:200)
	at org.testng.internal.invokers.TestMethodWorker.invokeTestMethods(TestMethodWorker.java:148)
	at org.testng.internal.invokers.TestMethodWorker.run(TestMethodWorker.java:128)
	at java.base/java.util.ArrayList.forEach(ArrayList.java:1511)
	at org.testng.TestRunner.privateRun(TestRunner.java:848)
	at org.testng.TestRunner.run(TestRunner.java:621)
	at org.testng.SuiteRunner.runTest(SuiteRunner.java:443)
	at org.testng.SuiteRunner.runSequentially(SuiteRunner.java:437)
	at org.testng.SuiteRunner.privateRun(SuiteRunner.java:397)
	at org.testng.SuiteRunner.run(SuiteRunner.java:336)
	at org.testng.SuiteRunnerWorker.runSuite(SuiteRunnerWorker.java:52)
	at org.testng.SuiteRunnerWorker.run(SuiteRunnerWorker.java:95)
	at org.testng.TestNG.runSuitesSequentially(TestNG.java:1280)
	at org.testng.TestNG.runSuitesLocally(TestNG.java:1200)
	at org.testng.TestNG.runSuites(TestNG.java:1114)
	at org.testng.TestNG.run(TestNG.java:1082)
	at org.apache.maven.surefire.testng.TestNGExecutor.run(TestNGExecutor.java:308)
	at org.apache.maven.surefire.testng.TestNGXmlTestSuite.execute(TestNGXmlTestSuite.java:71)
	at org.apache.maven.surefire.testng.TestNGProvider.invoke(TestNGProvider.java:113)
	at org.apache.maven.surefire.booter.ForkedBooter.runSuitesInProcess(ForkedBooter.java:385)
	at org.apache.maven.surefire.booter.ForkedBooter.execute(ForkedBooter.java:162)
	at org.apache.maven.surefire.booter.ForkedBooter.run(ForkedBooter.java:507)
	at org.apache.maven.surefire.booter.ForkedBooter.main(ForkedBooter.java:495)
]]></failure>
    <system-out><![CDATA[10:10:10.263 [main] INFO  testcases.StatusFolder - Response Body:
{
    "17": "Started",
    "82": "Manuel",
    "101": "Done",
    "250": "Runolfsdottir"
}
All Keys: [17, 82, 101, 250]
10:10:10.743 [main] INFO  testcases.StatusFolder - Response Body: {
    "timestamp": "2023-12-16T04:40:10.794+00:00",
    "status": 404,
    "error": "Not Found",
    "message": "No status to delete with Passed,Runolfsdottir.",
    "path": "/task/status/delete/single"
}
10:10:10.743 [main] INFO  testcases.StatusFolder - Status Code: 404
10:10:10.757 [main] INFO  testcases.StatusFolder - Message: No status to delete with Passed,Runolfsdottir.
]]></system-out>
  </testcase>
  <testcase name="addStatusWithSamePayloadAsPrevious" classname="testcases.StatusFolder" time="0.543">
    <system-out><![CDATA[10:10:11.297 [main] INFO  testcases.StatusFolder - Response Body:
{
    "timestamp": "2023-12-16T04:40:11.263+00:00",
    "status": 422,
    "error": "Unprocessable Entity",
    "message": "Status Already Exists",
    "path": "/task/status/add"
}
10:10:11.310 [main] INFO  testcases.StatusFolder - Message: Status Already Exists
10:10:11.311 [main] INFO  testcases.StatusFolder - Response Code: 422
10:10:11.311 [main] INFO  testcases.StatusFolder - Response Time: 517
]]></system-out>
  </testcase>
  <testcase name="addStatusWithInvalidPayload" classname="testcases.StatusFolder" time="0.431">
    <system-out><![CDATA[10:10:11.720 [main] INFO  testcases.StatusFolder - Response Body:
{
    "timestamp": "2023-12-16T04:40:11.771+00:00",
    "status": 400,
    "error": "Bad Request",
    "message": "Fields are Missing",
    "path": "/task/status/add"
}
10:10:11.738 [main] INFO  testcases.StatusFolder - Message: Fields are Missing
10:10:11.738 [main] INFO  testcases.StatusFolder - Response Code: 400
10:10:11.738 [main] INFO  testcases.StatusFolder - Response Time: 384
]]></system-out>
  </testcase>
  <testcase name="addStatusWithSameStatusLevelInPayloadAsPrevious" classname="testcases.StatusFolder" time="0.49">
    <system-out><![CDATA[10:10:12.219 [main] INFO  testcases.StatusFolder - Response Body:
{
    "timestamp": "2023-12-16T04:40:12.189+00:00",
    "status": 422,
    "error": "Unprocessable Entity",
    "message": "Status Already Exists",
    "path": "/task/status/add"
}
10:10:12.233 [main] INFO  testcases.StatusFolder - Message: Status Already Exists
10:10:12.233 [main] INFO  testcases.StatusFolder - Response Code: 422
10:10:12.233 [main] INFO  testcases.StatusFolder - Response Time: 458
]]></system-out>
  </testcase>
  <testcase name="verifyGetAllStatusWithAuthorization" classname="testcases.StatusFolder" time="0.395">
    <system-out><![CDATA[10:10:12.621 [main] INFO  testcases.StatusFolder - Status Code: 200
10:10:12.622 [main] INFO  testcases.StatusFolder - Response Body: {
    "17": "Started",
    "82": "Manuel",
    "101": "Done",
    "250": "Runolfsdottir"
}
10:10:12.624 [main] INFO  testcases.StatusFolder - Content Type header value is: application/json
10:10:12.624 [main] INFO  testcases.StatusFolder - Transfer Encoding header value is: chunked
10:10:12.624 [main] INFO  testcases.StatusFolder - Connection header value is: keep-alive
10:10:12.624 [main] INFO  testcases.StatusFolder - Key: X-Content-Type-Options Value: nosniff
10:10:12.624 [main] INFO  testcases.StatusFolder - Key: X-XSS-Protection Value: 0
10:10:12.625 [main] INFO  testcases.StatusFolder - Key: Cache-Control Value: no-cache, no-store, max-age=0, must-revalidate
10:10:12.625 [main] INFO  testcases.StatusFolder - Key: Pragma Value: no-cache
10:10:12.625 [main] INFO  testcases.StatusFolder - Key: Expires Value: 0
10:10:12.625 [main] INFO  testcases.StatusFolder - Key: X-Frame-Options Value: DENY
10:10:12.626 [main] INFO  testcases.StatusFolder - Key: Content-Type Value: application/json
10:10:12.626 [main] INFO  testcases.StatusFolder - Key: Transfer-Encoding Value: chunked
10:10:12.626 [main] INFO  testcases.StatusFolder - Key: Date Value: Sat, 16 Dec 2023 04:40:11 GMT
10:10:12.626 [main] INFO  testcases.StatusFolder - Key: Keep-Alive Value: timeout=60
10:10:12.627 [main] INFO  testcases.StatusFolder - Key: Connection Value: keep-alive
]]></system-out>
  </testcase>
  <testcase name="updateStatusWithAuthorization" classname="testcases.StatusFolder" time="0.627">
    <system-out><![CDATA[10:10:13.231 [main] INFO  testcases.StatusFolder - Response Body:
{
    "17": "Started",
    "82": "Debi",
    "101": "Done",
    "250": "Runolfsdottir"
}
10:10:13.254 [main] INFO  testcases.StatusFolder - Response Code: 200
10:10:13.254 [main] INFO  testcases.StatusFolder - Connection header value is: keep-alive
10:10:13.255 [main] INFO  testcases.StatusFolder - Key: X-Content-Type-Options Value: nosniff
10:10:13.255 [main] INFO  testcases.StatusFolder - Key: X-XSS-Protection Value: 0
10:10:13.256 [main] INFO  testcases.StatusFolder - Key: Cache-Control Value: no-cache, no-store, max-age=0, must-revalidate
10:10:13.256 [main] INFO  testcases.StatusFolder - Key: Pragma Value: no-cache
10:10:13.256 [main] INFO  testcases.StatusFolder - Key: Expires Value: 0
10:10:13.256 [main] INFO  testcases.StatusFolder - Key: X-Frame-Options Value: DENY
10:10:13.256 [main] INFO  testcases.StatusFolder - Key: Content-Type Value: application/json
10:10:13.256 [main] INFO  testcases.StatusFolder - Key: Transfer-Encoding Value: chunked
10:10:13.257 [main] INFO  testcases.StatusFolder - Key: Date Value: Sat, 16 Dec 2023 04:40:13 GMT
10:10:13.257 [main] INFO  testcases.StatusFolder - Key: Keep-Alive Value: timeout=60
10:10:13.257 [main] INFO  testcases.StatusFolder - Key: Connection Value: keep-alive
]]></system-out>
  </testcase>
  <testcase name="updateStatusWithoutGivingStatusId" classname="testcases.StatusFolder" time="0.502">
    <system-out><![CDATA[10:10:13.742 [main] INFO  testcases.StatusFolder - Response Body:
{
    "timestamp": "2023-12-16T04:40:13.701+00:00",
    "status": 400,
    "error": "Bad Request",
    "message": "Fields are missing",
    "path": "/task/status/update"
}
10:10:13.743 [main] INFO  testcases.StatusFolder - Response Code: 400
10:10:13.760 [main] INFO  testcases.StatusFolder - Message: Fields are missing
10:10:13.760 [main] INFO  testcases.StatusFolder - Response Time: 473
]]></system-out>
  </testcase>
  <testcase name="updateStatusByGivingNonExistingStatusId" classname="testcases.StatusFolder" time="0.528">
    <system-out><![CDATA[10:10:14.275 [main] INFO  testcases.StatusFolder - Response Body:
{
    "timestamp": "2023-12-16T04:40:14.203+00:00",
    "status": 404,
    "error": "Not Found",
    "message": "No Status Present For Given Id",
    "path": "/task/status/update"
}
10:10:14.275 [main] INFO  testcases.StatusFolder - Response Code: 404
10:10:14.293 [main] INFO  testcases.StatusFolder - Message: No Status Present For Given Id
10:10:14.293 [main] INFO  testcases.StatusFolder - Response Time: 503
]]></system-out>
  </testcase>
  <testcase name="deleteSingleStatusWithInvalidStatusName" classname="testcases.StatusFolder" time="0.522">
    <failure message="expected [No status to delete with Stopped.] but found [No status to delete with Passed,Runolfsdottir,Stopped.]" type="java.lang.AssertionError"><![CDATA[java.lang.AssertionError: expected [No status to delete with Stopped.] but found [No status to delete with Passed,Runolfsdottir,Stopped.]
	at org.testng.Assert.fail(Assert.java:111)
	at org.testng.Assert.failNotEquals(Assert.java:1578)
	at org.testng.Assert.assertEqualsImpl(Assert.java:150)
	at org.testng.Assert.assertEquals(Assert.java:132)
	at org.testng.Assert.assertEquals(Assert.java:656)
	at org.testng.Assert.assertEquals(Assert.java:666)
	at testcases.StatusFolder.deleteSingleStatusWithInvalidStatusName(StatusFolder.java:440)
	at java.base/jdk.internal.reflect.NativeMethodAccessorImpl.invoke0(Native Method)
	at java.base/jdk.internal.reflect.NativeMethodAccessorImpl.invoke(NativeMethodAccessorImpl.java:77)
	at java.base/jdk.internal.reflect.DelegatingMethodAccessorImpl.invoke(DelegatingMethodAccessorImpl.java:43)
	at java.base/java.lang.reflect.Method.invoke(Method.java:568)
	at org.testng.internal.invokers.MethodInvocationHelper.invokeMethod(MethodInvocationHelper.java:139)
	at org.testng.internal.invokers.TestInvoker.invokeMethod(TestInvoker.java:664)
	at org.testng.internal.invokers.TestInvoker.invokeTestMethod(TestInvoker.java:227)
	at org.testng.internal.invokers.MethodRunner.runInSequence(MethodRunner.java:50)
	at org.testng.internal.invokers.TestInvoker$MethodInvocationAgent.invoke(TestInvoker.java:957)
	at org.testng.internal.invokers.TestInvoker.invokeTestMethods(TestInvoker.java:200)
	at org.testng.internal.invokers.TestMethodWorker.invokeTestMethods(TestMethodWorker.java:148)
	at org.testng.internal.invokers.TestMethodWorker.run(TestMethodWorker.java:128)
	at java.base/java.util.ArrayList.forEach(ArrayList.java:1511)
	at org.testng.TestRunner.privateRun(TestRunner.java:848)
	at org.testng.TestRunner.run(TestRunner.java:621)
	at org.testng.SuiteRunner.runTest(SuiteRunner.java:443)
	at org.testng.SuiteRunner.runSequentially(SuiteRunner.java:437)
	at org.testng.SuiteRunner.privateRun(SuiteRunner.java:397)
	at org.testng.SuiteRunner.run(SuiteRunner.java:336)
	at org.testng.SuiteRunnerWorker.runSuite(SuiteRunnerWorker.java:52)
	at org.testng.SuiteRunnerWorker.run(SuiteRunnerWorker.java:95)
	at org.testng.TestNG.runSuitesSequentially(TestNG.java:1280)
	at org.testng.TestNG.runSuitesLocally(TestNG.java:1200)
	at org.testng.TestNG.runSuites(TestNG.java:1114)
	at org.testng.TestNG.run(TestNG.java:1082)
	at org.apache.maven.surefire.testng.TestNGExecutor.run(TestNGExecutor.java:308)
	at org.apache.maven.surefire.testng.TestNGXmlTestSuite.execute(TestNGXmlTestSuite.java:71)
	at org.apache.maven.surefire.testng.TestNGProvider.invoke(TestNGProvider.java:113)
	at org.apache.maven.surefire.booter.ForkedBooter.runSuitesInProcess(ForkedBooter.java:385)
	at org.apache.maven.surefire.booter.ForkedBooter.execute(ForkedBooter.java:162)
	at org.apache.maven.surefire.booter.ForkedBooter.run(ForkedBooter.java:507)
	at org.apache.maven.surefire.booter.ForkedBooter.main(ForkedBooter.java:495)
]]></failure>
    <system-out><![CDATA[10:10:14.795 [main] INFO  testcases.StatusFolder - Response Body: {
    "timestamp": "2023-12-16T04:40:14.734+00:00",
    "status": 404,
    "error": "Not Found",
    "message": "No status to delete with Passed,Runolfsdottir,Stopped.",
    "path": "/task/status/delete/single"
}
10:10:14.795 [main] INFO  testcases.StatusFolder - Response Code: 404
10:10:14.813 [main] INFO  testcases.StatusFolder - Message: No status to delete with Passed,Runolfsdottir,Stopped.
]]></system-out>
  </testcase>
  <testcase name="verifyAddDesignationWithoutAuthorization" classname="testcases.DesignationFolder" time="0.057">
    <system-out><![CDATA[10:10:14.869 [main] INFO  testcases.DesignationFolder - Response Body:

10:10:14.870 [main] INFO  testcases.DesignationFolder - Response Code: 401
10:10:14.870 [main] INFO  testcases.DesignationFolder - Response Time: 36
]]></system-out>
  </testcase>
  <testcase name="verifyGetAllDesignationWithoutAuthorization" classname="testcases.DesignationFolder" time="0.039">
    <system-out><![CDATA[10:10:14.905 [main] INFO  testcases.DesignationFolder - Status Code: 401
]]></system-out>
  </testcase>
  <testcase name="updateDesignationWithoutAuthorization" classname="testcases.DesignationFolder" time="0.144">
    <system-out><![CDATA[10:10:15.040 [main] INFO  testcases.DesignationFolder - Response Body:

10:10:15.041 [main] INFO  testcases.DesignationFolder - Response Code: 401
]]></system-out>
  </testcase>
  <testcase name="deleteSingleDesignationWithoutAuthorization" classname="testcases.DesignationFolder" time="0.027">
    <system-out><![CDATA[10:10:15.083 [main] INFO  testcases.DesignationFolder - Response Body: 
10:10:15.083 [main] INFO  testcases.DesignationFolder - Status Code: 401
]]></system-out>
  </testcase>
  <testcase name="verifyAddDesignationWithAuthorization" classname="testcases.DesignationFolder" time="0.845">
    <failure message="expected [No designation to delete with Unprocessable Entity.] but found [No status to delete with designation,Unprocessable Entity.]" type="java.lang.AssertionError"><![CDATA[java.lang.AssertionError: expected [No designation to delete with Unprocessable Entity.] but found [No status to delete with designation,Unprocessable Entity.]
	at org.testng.Assert.fail(Assert.java:111)
	at org.testng.Assert.failNotEquals(Assert.java:1578)
	at org.testng.Assert.assertEqualsImpl(Assert.java:150)
	at org.testng.Assert.assertEquals(Assert.java:132)
	at org.testng.Assert.assertEquals(Assert.java:656)
	at org.testng.Assert.assertEquals(Assert.java:666)
	at testcases.DesignationFolder.deleteSingleDesignationWithAuthorization(DesignationFolder.java:357)
	at testcases.DesignationFolder.verifyAddDesignationWithAuthorization(DesignationFolder.java:131)
	at java.base/jdk.internal.reflect.NativeMethodAccessorImpl.invoke0(Native Method)
	at java.base/jdk.internal.reflect.NativeMethodAccessorImpl.invoke(NativeMethodAccessorImpl.java:77)
	at java.base/jdk.internal.reflect.DelegatingMethodAccessorImpl.invoke(DelegatingMethodAccessorImpl.java:43)
	at java.base/java.lang.reflect.Method.invoke(Method.java:568)
	at org.testng.internal.invokers.MethodInvocationHelper.invokeMethod(MethodInvocationHelper.java:139)
	at org.testng.internal.invokers.TestInvoker.invokeMethod(TestInvoker.java:664)
	at org.testng.internal.invokers.TestInvoker.invokeTestMethod(TestInvoker.java:227)
	at org.testng.internal.invokers.MethodRunner.runInSequence(MethodRunner.java:50)
	at org.testng.internal.invokers.TestInvoker$MethodInvocationAgent.invoke(TestInvoker.java:957)
	at org.testng.internal.invokers.TestInvoker.invokeTestMethods(TestInvoker.java:200)
	at org.testng.internal.invokers.TestMethodWorker.invokeTestMethods(TestMethodWorker.java:148)
	at org.testng.internal.invokers.TestMethodWorker.run(TestMethodWorker.java:128)
	at java.base/java.util.ArrayList.forEach(ArrayList.java:1511)
	at org.testng.TestRunner.privateRun(TestRunner.java:848)
	at org.testng.TestRunner.run(TestRunner.java:621)
	at org.testng.SuiteRunner.runTest(SuiteRunner.java:443)
	at org.testng.SuiteRunner.runSequentially(SuiteRunner.java:437)
	at org.testng.SuiteRunner.privateRun(SuiteRunner.java:397)
	at org.testng.SuiteRunner.run(SuiteRunner.java:336)
	at org.testng.SuiteRunnerWorker.runSuite(SuiteRunnerWorker.java:52)
	at org.testng.SuiteRunnerWorker.run(SuiteRunnerWorker.java:95)
	at org.testng.TestNG.runSuitesSequentially(TestNG.java:1280)
	at org.testng.TestNG.runSuitesLocally(TestNG.java:1200)
	at org.testng.TestNG.runSuites(TestNG.java:1114)
	at org.testng.TestNG.run(TestNG.java:1082)
	at org.apache.maven.surefire.testng.TestNGExecutor.run(TestNGExecutor.java:308)
	at org.apache.maven.surefire.testng.TestNGXmlTestSuite.execute(TestNGXmlTestSuite.java:71)
	at org.apache.maven.surefire.testng.TestNGProvider.invoke(TestNGProvider.java:113)
	at org.apache.maven.surefire.booter.ForkedBooter.runSuitesInProcess(ForkedBooter.java:385)
	at org.apache.maven.surefire.booter.ForkedBooter.execute(ForkedBooter.java:162)
	at org.apache.maven.surefire.booter.ForkedBooter.run(ForkedBooter.java:507)
	at org.apache.maven.surefire.booter.ForkedBooter.main(ForkedBooter.java:495)
]]></failure>
    <system-out><![CDATA[10:10:15.484 [main] INFO  testcases.DesignationFolder - Response Body:
{
    "timestamp": "2023-12-16T04:40:15.535+00:00",
    "status": 422,
    "error": "Unprocessable Entity",
    "message": "Designation Already Exits",
    "path": "/employee/designation/add"
}
All Keys: [timestamp, status, error, message, path]
10:10:15.903 [main] INFO  testcases.DesignationFolder - Response Body: {
    "timestamp": "2023-12-16T04:40:15.934+00:00",
    "status": 404,
    "error": "Not Found",
    "message": "No status to delete with designation,Unprocessable Entity.",
    "path": "/employee/designation/delete"
}
10:10:15.904 [main] INFO  testcases.DesignationFolder - Status Code: 404
10:10:15.927 [main] INFO  testcases.DesignationFolder - Message: No status to delete with designation,Unprocessable Entity.
]]></system-out>
  </testcase>
  <testcase name="addDesignationWithInvalidPayload" classname="testcases.DesignationFolder" time="0.696">
    <system-out><![CDATA[10:10:16.611 [main] INFO  testcases.DesignationFolder - Response Body:
{
    "timestamp": "2023-12-16T04:40:16.358+00:00",
    "status": 400,
    "error": "Bad Request",
    "message": "Fields are Missing",
    "path": "/employee/designation/add"
}
10:10:16.625 [main] INFO  testcases.DesignationFolder - Message: Fields are Missing
10:10:16.626 [main] INFO  testcases.DesignationFolder - Response Code: 400
10:10:16.626 [main] INFO  testcases.DesignationFolder - Response Time: 669
]]></system-out>
  </testcase>
  <testcase name="addDesignationWithSamePayloadAsPrevious" classname="testcases.DesignationFolder" time="0.571">
    <system-out><![CDATA[10:10:17.153 [main] INFO  testcases.DesignationFolder - Response Body:
{
    "timestamp": "2023-12-16T04:40:17.070+00:00",
    "status": 422,
    "error": "Unprocessable Entity",
    "message": "Designation Already Exits",
    "path": "/employee/designation/add"
}
10:10:17.179 [main] INFO  testcases.DesignationFolder - Message: Designation Already Exits
10:10:17.180 [main] INFO  testcases.DesignationFolder - Response Code: 422
10:10:17.180 [main] INFO  testcases.DesignationFolder - Response Time: 513
]]></system-out>
  </testcase>
  <testcase name="verifyGetAllDesignationWithAuthorization" classname="testcases.DesignationFolder" time="0.462">
    <system-out><![CDATA[10:10:17.619 [main] INFO  testcases.DesignationFolder - Status Code: 200
10:10:17.620 [main] INFO  testcases.DesignationFolder - Response Body: {
    "32": "Associate",
    "19": "Consultant",
    "21": "Officer",
    "23": "Administrator",
    "8": "Project Lead",
    "9": "COO",
    "25": "Orchestrator",
    "10": "Accountant",
    "13": "Supervisor",
    "15": "Coordinator"
}
10:10:17.620 [main] INFO  testcases.DesignationFolder - Content Type header value is: application/json
10:10:17.621 [main] INFO  testcases.DesignationFolder - Transfer Encoding header value is: chunked
10:10:17.621 [main] INFO  testcases.DesignationFolder - Connection header value is: keep-alive
10:10:17.621 [main] INFO  testcases.DesignationFolder - Key: X-Content-Type-Options Value: nosniff
10:10:17.621 [main] INFO  testcases.DesignationFolder - Key: X-XSS-Protection Value: 0
10:10:17.621 [main] INFO  testcases.DesignationFolder - Key: Cache-Control Value: no-cache, no-store, max-age=0, must-revalidate
10:10:17.622 [main] INFO  testcases.DesignationFolder - Key: Pragma Value: no-cache
10:10:17.622 [main] INFO  testcases.DesignationFolder - Key: Expires Value: 0
10:10:17.622 [main] INFO  testcases.DesignationFolder - Key: X-Frame-Options Value: DENY
10:10:17.622 [main] INFO  testcases.DesignationFolder - Key: Content-Type Value: application/json
10:10:17.622 [main] INFO  testcases.DesignationFolder - Key: Transfer-Encoding Value: chunked
10:10:17.622 [main] INFO  testcases.DesignationFolder - Key: Date Value: Sat, 16 Dec 2023 04:40:16 GMT
10:10:17.622 [main] INFO  testcases.DesignationFolder - Key: Keep-Alive Value: timeout=60
10:10:17.623 [main] INFO  testcases.DesignationFolder - Key: Connection Value: keep-alive
]]></system-out>
  </testcase>
  <testcase name="updateDesignationWithAuthorization" classname="testcases.DesignationFolder" time="0.416">
    <system-out><![CDATA[10:10:18.044 [main] INFO  testcases.DesignationFolder - Response Body:
{
    "32": "Associate",
    "19": "Consultant",
    "21": "Officer",
    "23": "Administrator",
    "8": "Project Lead",
    "9": "COO",
    "25": "Orchestrator",
    "10": "Accountant",
    "13": "Manager",
    "15": "Coordinator"
}
10:10:18.067 [main] INFO  testcases.DesignationFolder - Response Code: 200
10:10:18.068 [main] INFO  testcases.DesignationFolder - Content Type header value is: application/json
10:10:18.068 [main] INFO  testcases.DesignationFolder - Transfer Encoding header value is: chunked
10:10:18.068 [main] INFO  testcases.DesignationFolder - Connection header value is: keep-alive
10:10:18.068 [main] INFO  testcases.DesignationFolder - Key: X-Content-Type-Options Value: nosniff
10:10:18.068 [main] INFO  testcases.DesignationFolder - Key: X-XSS-Protection Value: 0
10:10:18.068 [main] INFO  testcases.DesignationFolder - Key: Cache-Control Value: no-cache, no-store, max-age=0, must-revalidate
10:10:18.068 [main] INFO  testcases.DesignationFolder - Key: Pragma Value: no-cache
10:10:18.068 [main] INFO  testcases.DesignationFolder - Key: Expires Value: 0
10:10:18.068 [main] INFO  testcases.DesignationFolder - Key: X-Frame-Options Value: DENY
10:10:18.068 [main] INFO  testcases.DesignationFolder - Key: Content-Type Value: application/json
10:10:18.068 [main] INFO  testcases.DesignationFolder - Key: Transfer-Encoding Value: chunked
10:10:18.068 [main] INFO  testcases.DesignationFolder - Key: Date Value: Sat, 16 Dec 2023 04:40:18 GMT
10:10:18.068 [main] INFO  testcases.DesignationFolder - Key: Keep-Alive Value: timeout=60
10:10:18.069 [main] INFO  testcases.DesignationFolder - Key: Connection Value: keep-alive
]]></system-out>
  </testcase>
  <testcase name="updateDesignationWithoutGivingDesignationId" classname="testcases.DesignationFolder" time="0.399">
    <system-out><![CDATA[10:10:18.455 [main] INFO  testcases.DesignationFolder - Response Body:
{
    "timestamp": "2023-12-16T04:40:18.486+00:00",
    "status": 400,
    "error": "Bad Request",
    "message": "Fields are missing",
    "path": "/employee/designation/update"
}
10:10:18.481 [main] INFO  testcases.DesignationFolder - Message: Fields are missing
10:10:18.482 [main] INFO  testcases.DesignationFolder - Response Code: 400
10:10:18.482 [main] INFO  testcases.DesignationFolder - Response Time: 377
]]></system-out>
  </testcase>
  <testcase name="updateDesignationByGivingNonExistingDesignationId" classname="testcases.DesignationFolder" time="0.401">
    <system-out><![CDATA[10:10:18.860 [main] INFO  testcases.DesignationFolder - Response Body:
{
    "timestamp": "2023-12-16T04:40:18.910+00:00",
    "status": 404,
    "error": "Not Found",
    "message": "No Designation Present For Given Id",
    "path": "/employee/designation/update"
}
10:10:18.876 [main] INFO  testcases.DesignationFolder - Message: No Designation Present For Given Id
10:10:18.877 [main] INFO  testcases.DesignationFolder - Response Code: 404
10:10:18.877 [main] INFO  testcases.DesignationFolder - Response Time: 362
]]></system-out>
  </testcase>
  <testcase name="deleteSingleDesignationWithInvalidDesignationName" classname="testcases.DesignationFolder" time="0.409">
    <failure message="expected [No designation to delete with Lawyer2.] but found [No status to delete with designation,Unprocessable Entity,Lawyer2.]" type="java.lang.AssertionError"><![CDATA[java.lang.AssertionError: expected [No designation to delete with Lawyer2.] but found [No status to delete with designation,Unprocessable Entity,Lawyer2.]
	at org.testng.Assert.fail(Assert.java:111)
	at org.testng.Assert.failNotEquals(Assert.java:1578)
	at org.testng.Assert.assertEqualsImpl(Assert.java:150)
	at org.testng.Assert.assertEquals(Assert.java:132)
	at org.testng.Assert.assertEquals(Assert.java:656)
	at org.testng.Assert.assertEquals(Assert.java:666)
	at testcases.DesignationFolder.deleteSingleDesignationWithInvalidDesignationName(DesignationFolder.java:400)
	at java.base/jdk.internal.reflect.NativeMethodAccessorImpl.invoke0(Native Method)
	at java.base/jdk.internal.reflect.NativeMethodAccessorImpl.invoke(NativeMethodAccessorImpl.java:77)
	at java.base/jdk.internal.reflect.DelegatingMethodAccessorImpl.invoke(DelegatingMethodAccessorImpl.java:43)
	at java.base/java.lang.reflect.Method.invoke(Method.java:568)
	at org.testng.internal.invokers.MethodInvocationHelper.invokeMethod(MethodInvocationHelper.java:139)
	at org.testng.internal.invokers.TestInvoker.invokeMethod(TestInvoker.java:664)
	at org.testng.internal.invokers.TestInvoker.invokeTestMethod(TestInvoker.java:227)
	at org.testng.internal.invokers.MethodRunner.runInSequence(MethodRunner.java:50)
	at org.testng.internal.invokers.TestInvoker$MethodInvocationAgent.invoke(TestInvoker.java:957)
	at org.testng.internal.invokers.TestInvoker.invokeTestMethods(TestInvoker.java:200)
	at org.testng.internal.invokers.TestMethodWorker.invokeTestMethods(TestMethodWorker.java:148)
	at org.testng.internal.invokers.TestMethodWorker.run(TestMethodWorker.java:128)
	at java.base/java.util.ArrayList.forEach(ArrayList.java:1511)
	at org.testng.TestRunner.privateRun(TestRunner.java:848)
	at org.testng.TestRunner.run(TestRunner.java:621)
	at org.testng.SuiteRunner.runTest(SuiteRunner.java:443)
	at org.testng.SuiteRunner.runSequentially(SuiteRunner.java:437)
	at org.testng.SuiteRunner.privateRun(SuiteRunner.java:397)
	at org.testng.SuiteRunner.run(SuiteRunner.java:336)
	at org.testng.SuiteRunnerWorker.runSuite(SuiteRunnerWorker.java:52)
	at org.testng.SuiteRunnerWorker.run(SuiteRunnerWorker.java:95)
	at org.testng.TestNG.runSuitesSequentially(TestNG.java:1280)
	at org.testng.TestNG.runSuitesLocally(TestNG.java:1200)
	at org.testng.TestNG.runSuites(TestNG.java:1114)
	at org.testng.TestNG.run(TestNG.java:1082)
	at org.apache.maven.surefire.testng.TestNGExecutor.run(TestNGExecutor.java:308)
	at org.apache.maven.surefire.testng.TestNGXmlTestSuite.execute(TestNGXmlTestSuite.java:71)
	at org.apache.maven.surefire.testng.TestNGProvider.invoke(TestNGProvider.java:113)
	at org.apache.maven.surefire.booter.ForkedBooter.runSuitesInProcess(ForkedBooter.java:385)
	at org.apache.maven.surefire.booter.ForkedBooter.execute(ForkedBooter.java:162)
	at org.apache.maven.surefire.booter.ForkedBooter.run(ForkedBooter.java:507)
	at org.apache.maven.surefire.booter.ForkedBooter.main(ForkedBooter.java:495)
]]></failure>
    <system-out><![CDATA[10:10:19.264 [main] INFO  testcases.DesignationFolder - Response Body: {
    "timestamp": "2023-12-16T04:40:19.318+00:00",
    "status": 404,
    "error": "Not Found",
    "message": "No status to delete with designation,Unprocessable Entity,Lawyer2.",
    "path": "/employee/designation/delete"
}
10:10:19.282 [main] INFO  testcases.DesignationFolder - Message: No status to delete with designation,Unprocessable Entity,Lawyer2.
]]></system-out>
  </testcase>
  <testcase name="verifyAddRegularTaskWithoutAuthorization" classname="testcases.RegularTaskFolder" time="0.025">
    <system-out><![CDATA[10:10:19.319 [main] INFO  testcases.StatusFolder - Response Body:

10:10:19.320 [main] INFO  testcases.StatusFolder - Response Code: 401
10:10:19.320 [main] INFO  testcases.StatusFolder - Response Time: 25
]]></system-out>
  </testcase>
  <testcase name="verifyGetAllRegularTaskForEmployeeWithoutAuthorization" classname="testcases.RegularTaskFolder" time="0.03">
    <system-out><![CDATA[10:10:19.346 [main] INFO  testcases.StatusFolder - Status Code: 401
]]></system-out>
  </testcase>
  <testcase name="verifyUpdateRegularTaskWithoutAuthorization" classname="testcases.RegularTaskFolder" time="0.028">
    <system-out><![CDATA[10:10:19.376 [main] INFO  testcases.StatusFolder - Response Body:

10:10:19.376 [main] INFO  testcases.StatusFolder - Response Code: 401
]]></system-out>
  </testcase>
  <testcase name="deleteSingleStatusWithoutAuthorization" classname="testcases.RegularTaskFolder" time="0.024">
    <system-out><![CDATA[10:10:19.400 [main] INFO  testcases.StatusFolder - Response Body: 
10:10:19.401 [main] INFO  testcases.StatusFolder - Status Code: 401
]]></system-out>
  </testcase>
  <testcase name="verifyAddRegularTaskWithAuthorization" classname="testcases.RegularTaskFolder" time="0.897">
    <system-out><![CDATA[10:10:19.848 [main] INFO  testcases.StatusFolder - Response Body:
{
    "7": "Gmail",
    "8": "elephant",
    "9": "Salmon Nigiri",
    "10": "Arepas",
    "14": "Seafood Paella",
    "16": "Souvlaki",
    "18": "Tuna Sashimi",
    "22": "Pizza",
    "23": "Caprese Salad",
    "25": "Meatballs with Sauce"
}
All Keys: [7, 8, 9, 10, 14, 16, 18, 22, 23, 25]
10:10:20.297 [main] INFO  testcases.StatusFolder - Response Body: {
    "7": "Gmail",
    "8": "elephant",
    "9": "Salmon Nigiri",
    "10": "Arepas",
    "14": "Seafood Paella",
    "16": "Souvlaki",
    "18": "Tuna Sashimi",
    "22": "Pizza",
    "25": "Meatballs with Sauce"
}
10:10:20.297 [main] INFO  testcases.StatusFolder - Status Code: 200
10:10:20.297 [main] INFO  testcases.StatusFolder - Content Type header value is: application/json
10:10:20.297 [main] INFO  testcases.StatusFolder - Transfer Encoding header value is: chunked
10:10:20.297 [main] INFO  testcases.StatusFolder - Connection header value is: keep-alive
10:10:20.297 [main] INFO  testcases.StatusFolder - Key: X-Content-Type-Options Value: nosniff
10:10:20.298 [main] INFO  testcases.StatusFolder - Key: X-XSS-Protection Value: 0
10:10:20.298 [main] INFO  testcases.StatusFolder - Key: Cache-Control Value: no-cache, no-store, max-age=0, must-revalidate
10:10:20.298 [main] INFO  testcases.StatusFolder - Key: Pragma Value: no-cache
10:10:20.298 [main] INFO  testcases.StatusFolder - Key: Expires Value: 0
10:10:20.299 [main] INFO  testcases.StatusFolder - Key: X-Frame-Options Value: DENY
10:10:20.299 [main] INFO  testcases.StatusFolder - Key: Content-Type Value: application/json
10:10:20.299 [main] INFO  testcases.StatusFolder - Key: Transfer-Encoding Value: chunked
10:10:20.300 [main] INFO  testcases.StatusFolder - Key: Date Value: Sat, 16 Dec 2023 04:40:19 GMT
10:10:20.300 [main] INFO  testcases.StatusFolder - Key: Keep-Alive Value: timeout=60
10:10:20.300 [main] INFO  testcases.StatusFolder - Key: Connection Value: keep-alive
10:10:20.301 [main] INFO  testcases.StatusFolder - Unexpected status code: 200
10:10:20.301 [main] INFO  testcases.StatusFolder - Response Time: 444
10:10:20.301 [main] INFO  testcases.StatusFolder - Content Type header value is: application/json
10:10:20.301 [main] INFO  testcases.StatusFolder - Transfer Encoding header value is: chunked
10:10:20.301 [main] INFO  testcases.StatusFolder - Connection header value is: keep-alive
10:10:20.301 [main] INFO  testcases.StatusFolder - Key: X-Content-Type-Options Value: nosniff
10:10:20.302 [main] INFO  testcases.StatusFolder - Key: X-XSS-Protection Value: 0
10:10:20.302 [main] INFO  testcases.StatusFolder - Key: Cache-Control Value: no-cache, no-store, max-age=0, must-revalidate
10:10:20.302 [main] INFO  testcases.StatusFolder - Key: Pragma Value: no-cache
10:10:20.302 [main] INFO  testcases.StatusFolder - Key: Expires Value: 0
10:10:20.302 [main] INFO  testcases.StatusFolder - Key: X-Frame-Options Value: DENY
10:10:20.303 [main] INFO  testcases.StatusFolder - Key: Content-Type Value: application/json
10:10:20.303 [main] INFO  testcases.StatusFolder - Key: Transfer-Encoding Value: chunked
10:10:20.303 [main] INFO  testcases.StatusFolder - Key: Date Value: Sat, 16 Dec 2023 04:40:19 GMT
10:10:20.303 [main] INFO  testcases.StatusFolder - Key: Keep-Alive Value: timeout=60
10:10:20.303 [main] INFO  testcases.StatusFolder - Key: Connection Value: keep-alive
]]></system-out>
  </testcase>
  <testcase name="addRegularTaskWithSamePayloadAsPrevious" classname="testcases.RegularTaskFolder" time="0.446">
    <system-out><![CDATA[10:10:20.728 [main] INFO  testcases.StatusFolder - Response Body:
{
    "timestamp": "2023-12-16T04:40:20.734+00:00",
    "status": 409,
    "error": "Conflict",
    "message": "409 CONFLICT",
    "path": "/task/regular/add"
}
10:10:20.751 [main] INFO  testcases.StatusFolder - Message: 409 CONFLICT
10:10:20.752 [main] INFO  testcases.StatusFolder - Response Code: 409
10:10:20.752 [main] INFO  testcases.StatusFolder - Response Time: 414
]]></system-out>
  </testcase>
  <testcase name="addRegularTaskWithInvalidPayload" classname="testcases.RegularTaskFolder" time="0.393">
    <system-out><![CDATA[10:10:21.128 [main] INFO  testcases.StatusFolder - Response Body:
{
    "timestamp": "2023-12-16T04:40:21.180+00:00",
    "status": 400,
    "error": "Bad Request",
    "message": "Fields are Missing",
    "path": "/task/status/add"
}
10:10:21.147 [main] INFO  testcases.StatusFolder - Message: Fields are Missing
10:10:21.147 [main] INFO  testcases.StatusFolder - Response Code: 400
10:10:21.147 [main] INFO  testcases.StatusFolder - Response Time: 362
]]></system-out>
  </testcase>
  <testcase name="verifyGetAllRegularTaskWithAuthorization" classname="testcases.RegularTaskFolder" time="0.385">
    <system-out><![CDATA[10:10:21.529 [main] INFO  testcases.StatusFolder - Status Code: 200
10:10:21.530 [main] INFO  testcases.StatusFolder - Response Body: {
    "7": "Gmail",
    "8": "elephant",
    "9": "Salmon Nigiri",
    "10": "Arepas",
    "14": "Seafood Paella",
    "16": "Souvlaki",
    "18": "Tuna Sashimi",
    "22": "Pizza",
    "25": "Meatballs with Sauce"
}
10:10:21.531 [main] INFO  testcases.StatusFolder - Content Type header value is: application/json
10:10:21.531 [main] INFO  testcases.StatusFolder - Transfer Encoding header value is: chunked
10:10:21.531 [main] INFO  testcases.StatusFolder - Connection header value is: keep-alive
10:10:21.531 [main] INFO  testcases.StatusFolder - Key: X-Content-Type-Options Value: nosniff
10:10:21.531 [main] INFO  testcases.StatusFolder - Key: X-XSS-Protection Value: 0
10:10:21.531 [main] INFO  testcases.StatusFolder - Key: Cache-Control Value: no-cache, no-store, max-age=0, must-revalidate
10:10:21.532 [main] INFO  testcases.StatusFolder - Key: Pragma Value: no-cache
10:10:21.532 [main] INFO  testcases.StatusFolder - Key: Expires Value: 0
10:10:21.532 [main] INFO  testcases.StatusFolder - Key: X-Frame-Options Value: DENY
10:10:21.532 [main] INFO  testcases.StatusFolder - Key: Content-Type Value: application/json
10:10:21.532 [main] INFO  testcases.StatusFolder - Key: Transfer-Encoding Value: chunked
10:10:21.532 [main] INFO  testcases.StatusFolder - Key: Date Value: Sat, 16 Dec 2023 04:40:21 GMT
10:10:21.532 [main] INFO  testcases.StatusFolder - Key: Keep-Alive Value: timeout=60
10:10:21.533 [main] INFO  testcases.StatusFolder - Key: Connection Value: keep-alive
]]></system-out>
  </testcase>
  <testcase name="verifyGetAllRegularTaskWithInvalidEmployeeId" classname="testcases.RegularTaskFolder" time="0.396">
    <system-out><![CDATA[10:10:21.901 [main] INFO  testcases.StatusFolder - Status Code: 404
10:10:21.923 [main] INFO  testcases.StatusFolder - Message: Employee Not Found
10:10:21.924 [main] INFO  testcases.StatusFolder - Response Body: {
    "timestamp": "2023-12-16T04:40:21.954+00:00",
    "status": 404,
    "error": "Not Found",
    "message": "Employee Not Found",
    "path": "/task/regular/get"
}
10:10:21.924 [main] INFO  testcases.StatusFolder - Content Type header value is: application/json
10:10:21.924 [main] INFO  testcases.StatusFolder - Transfer Encoding header value is: chunked
10:10:21.925 [main] INFO  testcases.StatusFolder - Connection header value is: keep-alive
10:10:21.925 [main] INFO  testcases.StatusFolder - Key: X-Content-Type-Options Value: nosniff
10:10:21.925 [main] INFO  testcases.StatusFolder - Key: X-XSS-Protection Value: 0
10:10:21.925 [main] INFO  testcases.StatusFolder - Key: Cache-Control Value: no-cache, no-store, max-age=0, must-revalidate
10:10:21.926 [main] INFO  testcases.StatusFolder - Key: Pragma Value: no-cache
10:10:21.926 [main] INFO  testcases.StatusFolder - Key: Expires Value: 0
10:10:21.926 [main] INFO  testcases.StatusFolder - Key: X-Frame-Options Value: DENY
10:10:21.926 [main] INFO  testcases.StatusFolder - Key: Content-Type Value: application/json
10:10:21.927 [main] INFO  testcases.StatusFolder - Key: Transfer-Encoding Value: chunked
10:10:21.927 [main] INFO  testcases.StatusFolder - Key: Date Value: Sat, 16 Dec 2023 04:40:21 GMT
10:10:21.927 [main] INFO  testcases.StatusFolder - Key: Keep-Alive Value: timeout=60
10:10:21.927 [main] INFO  testcases.StatusFolder - Key: Connection Value: keep-alive
]]></system-out>
  </testcase>
  <testcase name="verifyUpdateRegularTaskWithAuthorization" classname="testcases.RegularTaskFolder" time="0.395">
    <system-out><![CDATA[10:10:22.314 [main] INFO  testcases.StatusFolder - Response Body:
{
    "7": "Gmail",
    "8": "elephant",
    "9": "Salmon Nigiri",
    "10": "Tiramisù",
    "14": "Seafood Paella",
    "16": "Souvlaki",
    "18": "Tuna Sashimi",
    "22": "Pizza",
    "25": "Meatballs with Sauce"
}
10:10:22.315 [main] INFO  testcases.StatusFolder - Response Code: 200
10:10:22.316 [main] INFO  testcases.StatusFolder - Connection header value is: keep-alive
10:10:22.316 [main] INFO  testcases.StatusFolder - Key: X-Content-Type-Options Value: nosniff
10:10:22.316 [main] INFO  testcases.StatusFolder - Key: X-XSS-Protection Value: 0
10:10:22.316 [main] INFO  testcases.StatusFolder - Key: Cache-Control Value: no-cache, no-store, max-age=0, must-revalidate
10:10:22.316 [main] INFO  testcases.StatusFolder - Key: Pragma Value: no-cache
10:10:22.317 [main] INFO  testcases.StatusFolder - Key: Expires Value: 0
10:10:22.317 [main] INFO  testcases.StatusFolder - Key: X-Frame-Options Value: DENY
10:10:22.318 [main] INFO  testcases.StatusFolder - Key: Content-Type Value: application/json
10:10:22.318 [main] INFO  testcases.StatusFolder - Key: Transfer-Encoding Value: chunked
10:10:22.318 [main] INFO  testcases.StatusFolder - Key: Date Value: Sat, 16 Dec 2023 04:40:21 GMT
10:10:22.318 [main] INFO  testcases.StatusFolder - Key: Keep-Alive Value: timeout=60
10:10:22.318 [main] INFO  testcases.StatusFolder - Key: Connection Value: keep-alive
]]></system-out>
  </testcase>
  <testcase name="updateStatusWithoutGivingRegularTaskId" classname="testcases.RegularTaskFolder" time="0.381">
    <system-out><![CDATA[10:10:22.688 [main] INFO  testcases.StatusFolder - Response Body:
{
    "timestamp": "2023-12-16T04:40:22.740+00:00",
    "status": 400,
    "error": "Bad Request",
    "message": "Missing Fields",
    "path": "/task/regular/update"
}
10:10:22.688 [main] INFO  testcases.StatusFolder - Response Code: 400
10:10:22.707 [main] INFO  testcases.StatusFolder - Message: Missing Fields
10:10:22.707 [main] INFO  testcases.StatusFolder - Response Time: 361
]]></system-out>
  </testcase>
  <testcase name="updateStatusByGivingNonExistingRegularTaskId" classname="testcases.RegularTaskFolder" time="0.481">
    <system-out><![CDATA[10:10:23.161 [main] INFO  testcases.StatusFolder - Response Body:
{
    "timestamp": "2023-12-16T04:40:23.134+00:00",
    "status": 404,
    "error": "Not Found",
    "message": "No Regular Tasks Present",
    "path": "/task/regular/update"
}
10:10:23.161 [main] INFO  testcases.StatusFolder - Response Code: 404
10:10:23.187 [main] INFO  testcases.StatusFolder - Message: No Regular Tasks Present
10:10:23.187 [main] INFO  testcases.StatusFolder - Response Time: 443
]]></system-out>
  </testcase>
  <testcase name="deleteSingleRegularTaskWithInvalidRegularTaskId" classname="testcases.RegularTaskFolder" time="0.463">
    <system-out><![CDATA[10:10:23.620 [main] INFO  testcases.StatusFolder - Response Body: {
    "timestamp": "2023-12-16T04:40:23.672+00:00",
    "status": 404,
    "error": "Not Found",
    "message": "Regular Task Not Found",
    "path": "/task/regular/delete"
}
10:10:23.620 [main] INFO  testcases.StatusFolder - Response Code: 404
10:10:23.651 [main] INFO  testcases.StatusFolder - Message: Regular Task Not Found
10:10:23.652 [main] INFO  testcases.StatusFolder - Response Time: 415
]]></system-out>
  </testcase>
  <testcase name="verifyAddRoleWithoutAuthorization" classname="testcases.RoleFolder" time="0.16">
    <system-out><![CDATA[10:10:23.809 [main] INFO  testcases.RoleFolder - Response Body:

10:10:23.812 [main] INFO  testcases.RoleFolder - Response Code: 401
10:10:23.812 [main] INFO  testcases.RoleFolder - Response Time: 145
]]></system-out>
  </testcase>
  <testcase name="verifyGetAllRoleWithoutAuthorization" classname="testcases.RoleFolder" time="0.034">
    <system-out><![CDATA[10:10:23.846 [main] INFO  testcases.RoleFolder - Status Code: 401
]]></system-out>
  </testcase>
  <testcase name="updateRoleWithoutAuthorization" classname="testcases.RoleFolder" time="0.062">
    <system-out><![CDATA[10:10:23.908 [main] INFO  testcases.RoleFolder - Response Body:

10:10:23.909 [main] INFO  testcases.RoleFolder - Response Code: 401
]]></system-out>
  </testcase>
  <testcase name="deleteSingleRoleWithoutAuthorization" classname="testcases.RoleFolder" time="0.049">
    <system-out><![CDATA[10:10:23.959 [main] INFO  testcases.RoleFolder - Response Body: 
10:10:23.960 [main] INFO  testcases.RoleFolder - Status Code: 401
]]></system-out>
  </testcase>
  <testcase name="getRoleByLevelWithoutAuthorization" classname="testcases.RoleFolder" time="0.054">
    <system-out><![CDATA[10:10:24.015 [main] INFO  testcases.RoleFolder - Status Code: 401
10:10:24.016 [main] INFO  testcases.RoleFolder - Response Body: 
]]></system-out>
  </testcase>
  <testcase name="verifyAddRoleWithAuthorization" classname="testcases.RoleFolder" time="0.881">
    <failure message="Invalid status code expected [200] but found [400]" type="java.lang.AssertionError"><![CDATA[java.lang.AssertionError: Invalid status code expected [200] but found [400]
	at org.testng.Assert.fail(Assert.java:111)
	at org.testng.Assert.failNotEquals(Assert.java:1578)
	at org.testng.Assert.assertEqualsImpl(Assert.java:150)
	at org.testng.Assert.assertEquals(Assert.java:132)
	at org.testng.Assert.assertEquals(Assert.java:1419)
	at org.testng.Assert.assertEquals(Assert.java:1383)
	at testcases.RoleFolder.deleteSingleRoleWithAuthorization(RoleFolder.java:416)
	at testcases.RoleFolder.verifyAddRoleWithAuthorization(RoleFolder.java:148)
	at java.base/jdk.internal.reflect.NativeMethodAccessorImpl.invoke0(Native Method)
	at java.base/jdk.internal.reflect.NativeMethodAccessorImpl.invoke(NativeMethodAccessorImpl.java:77)
	at java.base/jdk.internal.reflect.DelegatingMethodAccessorImpl.invoke(DelegatingMethodAccessorImpl.java:43)
	at java.base/java.lang.reflect.Method.invoke(Method.java:568)
	at org.testng.internal.invokers.MethodInvocationHelper.invokeMethod(MethodInvocationHelper.java:139)
	at org.testng.internal.invokers.TestInvoker.invokeMethod(TestInvoker.java:664)
	at org.testng.internal.invokers.TestInvoker.invokeTestMethod(TestInvoker.java:227)
	at org.testng.internal.invokers.MethodRunner.runInSequence(MethodRunner.java:50)
	at org.testng.internal.invokers.TestInvoker$MethodInvocationAgent.invoke(TestInvoker.java:957)
	at org.testng.internal.invokers.TestInvoker.invokeTestMethods(TestInvoker.java:200)
	at org.testng.internal.invokers.TestMethodWorker.invokeTestMethods(TestMethodWorker.java:148)
	at org.testng.internal.invokers.TestMethodWorker.run(TestMethodWorker.java:128)
	at java.base/java.util.ArrayList.forEach(ArrayList.java:1511)
	at org.testng.TestRunner.privateRun(TestRunner.java:848)
	at org.testng.TestRunner.run(TestRunner.java:621)
	at org.testng.SuiteRunner.runTest(SuiteRunner.java:443)
	at org.testng.SuiteRunner.runSequentially(SuiteRunner.java:437)
	at org.testng.SuiteRunner.privateRun(SuiteRunner.java:397)
	at org.testng.SuiteRunner.run(SuiteRunner.java:336)
	at org.testng.SuiteRunnerWorker.runSuite(SuiteRunnerWorker.java:52)
	at org.testng.SuiteRunnerWorker.run(SuiteRunnerWorker.java:95)
	at org.testng.TestNG.runSuitesSequentially(TestNG.java:1280)
	at org.testng.TestNG.runSuitesLocally(TestNG.java:1200)
	at org.testng.TestNG.runSuites(TestNG.java:1114)
	at org.testng.TestNG.run(TestNG.java:1082)
	at org.apache.maven.surefire.testng.TestNGExecutor.run(TestNGExecutor.java:308)
	at org.apache.maven.surefire.testng.TestNGXmlTestSuite.execute(TestNGXmlTestSuite.java:71)
	at org.apache.maven.surefire.testng.TestNGProvider.invoke(TestNGProvider.java:113)
	at org.apache.maven.surefire.booter.ForkedBooter.runSuitesInProcess(ForkedBooter.java:385)
	at org.apache.maven.surefire.booter.ForkedBooter.execute(ForkedBooter.java:162)
	at org.apache.maven.surefire.booter.ForkedBooter.run(ForkedBooter.java:507)
	at org.apache.maven.surefire.booter.ForkedBooter.main(ForkedBooter.java:495)
]]></failure>
    <system-out><![CDATA[10:10:24.494 [main] INFO  testcases.RoleFolder - Response Body:
{
    "34": "ROLE_MANAGER",
    "6": "ROLE_SUPERADMIN",
    "24": "ROLE_STRATEGIST",
    "25": "ROLE_FRONT_END_DEVELOPER",
    "29": "ROLE_COORDINATOR",
    "31": "ROLE_ANALYST"
}
All Keys: [34, 6, 24, 25, 29, 31]
10:10:24.899 [main] INFO  testcases.RoleFolder - Response Body: {
    "timestamp": "2023-12-16T04:40:24.945+00:00",
    "status": 400,
    "error": "Bad Request",
    "message": "JSON parse error: Cannot deserialize value of type `java.lang.Integer` from String \"ROLE_ANALYST\": not a valid `java.lang.Integer` value",
    "path": "/employee/role/delete"
}
10:10:24.899 [main] INFO  testcases.RoleFolder - Unexpected status code: 400
10:10:24.900 [main] INFO  testcases.RoleFolder - Status Code: 400
]]></system-out>
  </testcase>
  <testcase name="addRoleWithSamePayloadAsPrevious" classname="testcases.RoleFolder" time="0.436">
    <system-out><![CDATA[10:10:25.314 [main] INFO  testcases.RoleFolder - Response Body:
{
    "timestamp": "2023-12-16T04:40:25.364+00:00",
    "status": 422,
    "error": "Unprocessable Entity",
    "message": "Role Already Exists",
    "path": "/employee/role/add"
}
10:10:25.333 [main] INFO  testcases.RoleFolder - Message: Role Already Exists
10:10:25.335 [main] INFO  testcases.RoleFolder - Response Code: 422
10:10:25.335 [main] INFO  testcases.RoleFolder - Response Time: 390
]]></system-out>
  </testcase>
  <testcase name="addRoleWithInvalidPayload" classname="testcases.RoleFolder" time="0.526">
    <system-out><![CDATA[10:10:25.828 [main] INFO  testcases.RoleFolder - Response Body:
{
    "timestamp": "2023-12-16T04:40:25.789+00:00",
    "status": 400,
    "error": "Bad Request",
    "message": "Fields are Missing",
    "path": "/employee/role/add"
}
10:10:25.856 [main] INFO  testcases.RoleFolder - Message: Fields are Missing
10:10:25.857 [main] INFO  testcases.RoleFolder - Response Code: 400
10:10:25.858 [main] INFO  testcases.RoleFolder - Response Time: 465
]]></system-out>
  </testcase>
  <testcase name="addRoleWithSameRoleLevelInPayloadAsPrevious" classname="testcases.RoleFolder" time="0.516">
    <failure message="expected [Role Already Exists] but found [null]" type="java.lang.AssertionError"><![CDATA[java.lang.AssertionError: expected [Role Already Exists] but found [null]
	at org.testng.Assert.fail(Assert.java:111)
	at org.testng.Assert.failNotEquals(Assert.java:1578)
	at org.testng.Assert.assertEqualsImpl(Assert.java:150)
	at org.testng.Assert.assertEquals(Assert.java:132)
	at org.testng.Assert.assertEquals(Assert.java:656)
	at org.testng.Assert.assertEquals(Assert.java:666)
	at testcases.RoleFolder.addRoleWithSameRoleLevelInPayloadAsPrevious(RoleFolder.java:257)
	at java.base/jdk.internal.reflect.NativeMethodAccessorImpl.invoke0(Native Method)
	at java.base/jdk.internal.reflect.NativeMethodAccessorImpl.invoke(NativeMethodAccessorImpl.java:77)
	at java.base/jdk.internal.reflect.DelegatingMethodAccessorImpl.invoke(DelegatingMethodAccessorImpl.java:43)
	at java.base/java.lang.reflect.Method.invoke(Method.java:568)
	at org.testng.internal.invokers.MethodInvocationHelper.invokeMethod(MethodInvocationHelper.java:139)
	at org.testng.internal.invokers.TestInvoker.invokeMethod(TestInvoker.java:664)
	at org.testng.internal.invokers.TestInvoker.invokeTestMethod(TestInvoker.java:227)
	at org.testng.internal.invokers.MethodRunner.runInSequence(MethodRunner.java:50)
	at org.testng.internal.invokers.TestInvoker$MethodInvocationAgent.invoke(TestInvoker.java:957)
	at org.testng.internal.invokers.TestInvoker.invokeTestMethods(TestInvoker.java:200)
	at org.testng.internal.invokers.TestMethodWorker.invokeTestMethods(TestMethodWorker.java:148)
	at org.testng.internal.invokers.TestMethodWorker.run(TestMethodWorker.java:128)
	at java.base/java.util.ArrayList.forEach(ArrayList.java:1511)
	at org.testng.TestRunner.privateRun(TestRunner.java:848)
	at org.testng.TestRunner.run(TestRunner.java:621)
	at org.testng.SuiteRunner.runTest(SuiteRunner.java:443)
	at org.testng.SuiteRunner.runSequentially(SuiteRunner.java:437)
	at org.testng.SuiteRunner.privateRun(SuiteRunner.java:397)
	at org.testng.SuiteRunner.run(SuiteRunner.java:336)
	at org.testng.SuiteRunnerWorker.runSuite(SuiteRunnerWorker.java:52)
	at org.testng.SuiteRunnerWorker.run(SuiteRunnerWorker.java:95)
	at org.testng.TestNG.runSuitesSequentially(TestNG.java:1280)
	at org.testng.TestNG.runSuitesLocally(TestNG.java:1200)
	at org.testng.TestNG.runSuites(TestNG.java:1114)
	at org.testng.TestNG.run(TestNG.java:1082)
	at org.apache.maven.surefire.testng.TestNGExecutor.run(TestNGExecutor.java:308)
	at org.apache.maven.surefire.testng.TestNGXmlTestSuite.execute(TestNGXmlTestSuite.java:71)
	at org.apache.maven.surefire.testng.TestNGProvider.invoke(TestNGProvider.java:113)
	at org.apache.maven.surefire.booter.ForkedBooter.runSuitesInProcess(ForkedBooter.java:385)
	at org.apache.maven.surefire.booter.ForkedBooter.execute(ForkedBooter.java:162)
	at org.apache.maven.surefire.booter.ForkedBooter.run(ForkedBooter.java:507)
	at org.apache.maven.surefire.booter.ForkedBooter.main(ForkedBooter.java:495)
]]></failure>
    <system-out><![CDATA[10:10:26.339 [main] INFO  testcases.RoleFolder - Response Body:
{
    "34": "ROLE_MANAGER",
    "36": "ROLE_ARCHITECT",
    "6": "ROLE_SUPERADMIN",
    "24": "ROLE_STRATEGIST",
    "25": "ROLE_FRONT_END_DEVELOPER",
    "29": "ROLE_COORDINATOR",
    "31": "ROLE_ANALYST"
}
10:10:26.385 [main] INFO  testcases.RoleFolder - Message: null
]]></system-out>
  </testcase>
  <testcase name="verifyGetAllRoleWithAuthorization" classname="testcases.RoleFolder" time="0.479">
    <system-out><![CDATA[10:10:26.850 [main] INFO  testcases.RoleFolder - Status Code: 200
10:10:26.853 [main] INFO  testcases.RoleFolder - Response Body: {
    "34": "ROLE_MANAGER",
    "36": "ROLE_ARCHITECT",
    "6": "ROLE_SUPERADMIN",
    "24": "ROLE_STRATEGIST",
    "25": "ROLE_FRONT_END_DEVELOPER",
    "29": "ROLE_COORDINATOR",
    "31": "ROLE_ANALYST"
}
10:10:26.854 [main] INFO  testcases.RoleFolder - Content Type header value is: application/json
10:10:26.854 [main] INFO  testcases.RoleFolder - Transfer Encoding header value is: chunked
10:10:26.855 [main] INFO  testcases.RoleFolder - Connection header value is: keep-alive
10:10:26.856 [main] INFO  testcases.RoleFolder - Key: X-Content-Type-Options Value: nosniff
10:10:26.856 [main] INFO  testcases.RoleFolder - Key: X-XSS-Protection Value: 0
10:10:26.858 [main] INFO  testcases.RoleFolder - Key: Cache-Control Value: no-cache, no-store, max-age=0, must-revalidate
10:10:26.858 [main] INFO  testcases.RoleFolder - Key: Pragma Value: no-cache
10:10:26.859 [main] INFO  testcases.RoleFolder - Key: Expires Value: 0
10:10:26.860 [main] INFO  testcases.RoleFolder - Key: X-Frame-Options Value: DENY
10:10:26.860 [main] INFO  testcases.RoleFolder - Key: Content-Type Value: application/json
10:10:26.860 [main] INFO  testcases.RoleFolder - Key: Transfer-Encoding Value: chunked
10:10:26.862 [main] INFO  testcases.RoleFolder - Key: Date Value: Sat, 16 Dec 2023 04:40:25 GMT
10:10:26.863 [main] INFO  testcases.RoleFolder - Key: Keep-Alive Value: timeout=60
10:10:26.864 [main] INFO  testcases.RoleFolder - Key: Connection Value: keep-alive
]]></system-out>
  </testcase>
  <testcase name="updateRoleWithAuthorization" classname="testcases.RoleFolder" time="0.538">
    <failure message="expected [Producer] but found [ROLE_PRODUCER]" type="java.lang.AssertionError"><![CDATA[java.lang.AssertionError: expected [Producer] but found [ROLE_PRODUCER]
	at org.testng.Assert.fail(Assert.java:111)
	at org.testng.Assert.failNotEquals(Assert.java:1578)
	at org.testng.Assert.assertEqualsImpl(Assert.java:150)
	at org.testng.Assert.assertEquals(Assert.java:132)
	at org.testng.Assert.assertEquals(Assert.java:656)
	at org.testng.Assert.assertEquals(Assert.java:666)
	at testcases.RoleFolder.updateRoleWithAuthorization(RoleFolder.java:312)
	at java.base/jdk.internal.reflect.NativeMethodAccessorImpl.invoke0(Native Method)
	at java.base/jdk.internal.reflect.NativeMethodAccessorImpl.invoke(NativeMethodAccessorImpl.java:77)
	at java.base/jdk.internal.reflect.DelegatingMethodAccessorImpl.invoke(DelegatingMethodAccessorImpl.java:43)
	at java.base/java.lang.reflect.Method.invoke(Method.java:568)
	at org.testng.internal.invokers.MethodInvocationHelper.invokeMethod(MethodInvocationHelper.java:139)
	at org.testng.internal.invokers.TestInvoker.invokeMethod(TestInvoker.java:664)
	at org.testng.internal.invokers.TestInvoker.invokeTestMethod(TestInvoker.java:227)
	at org.testng.internal.invokers.MethodRunner.runInSequence(MethodRunner.java:50)
	at org.testng.internal.invokers.TestInvoker$MethodInvocationAgent.invoke(TestInvoker.java:957)
	at org.testng.internal.invokers.TestInvoker.invokeTestMethods(TestInvoker.java:200)
	at org.testng.internal.invokers.TestMethodWorker.invokeTestMethods(TestMethodWorker.java:148)
	at org.testng.internal.invokers.TestMethodWorker.run(TestMethodWorker.java:128)
	at java.base/java.util.ArrayList.forEach(ArrayList.java:1511)
	at org.testng.TestRunner.privateRun(TestRunner.java:848)
	at org.testng.TestRunner.run(TestRunner.java:621)
	at org.testng.SuiteRunner.runTest(SuiteRunner.java:443)
	at org.testng.SuiteRunner.runSequentially(SuiteRunner.java:437)
	at org.testng.SuiteRunner.privateRun(SuiteRunner.java:397)
	at org.testng.SuiteRunner.run(SuiteRunner.java:336)
	at org.testng.SuiteRunnerWorker.runSuite(SuiteRunnerWorker.java:52)
	at org.testng.SuiteRunnerWorker.run(SuiteRunnerWorker.java:95)
	at org.testng.TestNG.runSuitesSequentially(TestNG.java:1280)
	at org.testng.TestNG.runSuitesLocally(TestNG.java:1200)
	at org.testng.TestNG.runSuites(TestNG.java:1114)
	at org.testng.TestNG.run(TestNG.java:1082)
	at org.apache.maven.surefire.testng.TestNGExecutor.run(TestNGExecutor.java:308)
	at org.apache.maven.surefire.testng.TestNGXmlTestSuite.execute(TestNGXmlTestSuite.java:71)
	at org.apache.maven.surefire.testng.TestNGProvider.invoke(TestNGProvider.java:113)
	at org.apache.maven.surefire.booter.ForkedBooter.runSuitesInProcess(ForkedBooter.java:385)
	at org.apache.maven.surefire.booter.ForkedBooter.execute(ForkedBooter.java:162)
	at org.apache.maven.surefire.booter.ForkedBooter.run(ForkedBooter.java:507)
	at org.apache.maven.surefire.booter.ForkedBooter.main(ForkedBooter.java:495)
]]></failure>
    <system-out><![CDATA[10:10:27.363 [main] INFO  testcases.RoleFolder - Response Body:
{
    "34": "ROLE_MANAGER",
    "36": "ROLE_ARCHITECT",
    "6": "ROLE_SUPERADMIN",
    "24": "ROLE_STRATEGIST",
    "25": "ROLE_PRODUCER",
    "29": "ROLE_COORDINATOR",
    "31": "ROLE_ANALYST"
}
]]></system-out>
  </testcase>
  <testcase name="updateRoleWithoutGivingRoleId" classname="testcases.RoleFolder" time="0.455">
    <system-out><![CDATA[10:10:27.820 [main] INFO  testcases.RoleFolder - Response Body:
{
    "timestamp": "2023-12-16T04:40:27.867+00:00",
    "status": 400,
    "error": "Bad Request",
    "message": "Fields are missing",
    "path": "/employee/role/update"
}
10:10:27.852 [main] INFO  testcases.RoleFolder - Message: Fields are missing
10:10:27.853 [main] INFO  testcases.RoleFolder - Response Code: 400
[...]
    "path": "/task/tag/update"
}
10:10:34.654 [main] INFO  testcases.TagFolder - Message: No Tag Present For Given Id
10:10:34.654 [main] INFO  testcases.TagFolder - Response Code: 404
10:10:34.654 [main] INFO  testcases.TagFolder - Response Time: 393
]]></system-out>
  </testcase>
  <testcase name="deleteSingleTagWithInvalidTagName" classname="testcases.TagFolder" time="0.388">
    <failure message="expected [No tag to delete with Software Company.] but found [No tag to delete with tag,QA,Software Company.]" type="java.lang.AssertionError"><![CDATA[java.lang.AssertionError: expected [No tag to delete with Software Company.] but found [No tag to delete with tag,QA,Software Company.]
	at org.testng.Assert.fail(Assert.java:111)
	at org.testng.Assert.failNotEquals(Assert.java:1578)
	at org.testng.Assert.assertEqualsImpl(Assert.java:150)
	at org.testng.Assert.assertEquals(Assert.java:132)
	at org.testng.Assert.assertEquals(Assert.java:656)
	at org.testng.Assert.assertEquals(Assert.java:666)
	at testcases.TagFolder.deleteSingleTagWithInvalidTagName(TagFolder.java:393)
	at java.base/jdk.internal.reflect.NativeMethodAccessorImpl.invoke0(Native Method)
	at java.base/jdk.internal.reflect.NativeMethodAccessorImpl.invoke(NativeMethodAccessorImpl.java:77)
	at java.base/jdk.internal.reflect.DelegatingMethodAccessorImpl.invoke(DelegatingMethodAccessorImpl.java:43)
	at java.base/java.lang.reflect.Method.invoke(Method.java:568)
	at org.testng.internal.invokers.MethodInvocationHelper.invokeMethod(MethodInvocationHelper.java:139)
	at org.testng.internal.invokers.TestInvoker.invokeMethod(TestInvoker.java:664)
	at org.testng.internal.invokers.TestInvoker.invokeTestMethod(TestInvoker.java:227)
	at org.testng.internal.invokers.MethodRunner.runInSequence(MethodRunner.java:50)
	at org.testng.internal.invokers.TestInvoker$MethodInvocationAgent.invoke(TestInvoker.java:957)
	at org.testng.internal.invokers.TestInvoker.invokeTestMethods(TestInvoker.java:200)
	at org.testng.internal.invokers.TestMethodWorker.invokeTestMethods(TestMethodWorker.java:148)
	at org.testng.internal.invokers.TestMethodWorker.run(TestMethodWorker.java:128)
	at java.base/java.util.ArrayList.forEach(ArrayList.java:1511)
	at org.testng.TestRunner.privateRun(TestRunner.java:848)
	at org.testng.TestRunner.run(TestRunner.java:621)
	at org.testng.SuiteRunner.runTest(SuiteRunner.java:443)
	at org.testng.SuiteRunner.runSequentially(SuiteRunner.java:437)
	at org.testng.SuiteRunner.privateRun(SuiteRunner.java:397)
	at org.testng.SuiteRunner.run(SuiteRunner.java:336)
	at org.testng.SuiteRunnerWorker.runSuite(SuiteRunnerWorker.java:52)
	at org.testng.SuiteRunnerWorker.run(SuiteRunnerWorker.java:95)
	at org.testng.TestNG.runSuitesSequentially(TestNG.java:1280)
	at org.testng.TestNG.runSuitesLocally(TestNG.java:1200)
	at org.testng.TestNG.runSuites(TestNG.java:1114)
	at org.testng.TestNG.run(TestNG.java:1082)
	at org.apache.maven.surefire.testng.TestNGExecutor.run(TestNGExecutor.java:308)
	at org.apache.maven.surefire.testng.TestNGXmlTestSuite.execute(TestNGXmlTestSuite.java:71)
	at org.apache.maven.surefire.testng.TestNGProvider.invoke(TestNGProvider.java:113)
	at org.apache.maven.surefire.booter.ForkedBooter.runSuitesInProcess(ForkedBooter.java:385)
	at org.apache.maven.surefire.booter.ForkedBooter.execute(ForkedBooter.java:162)
	at org.apache.maven.surefire.booter.ForkedBooter.run(ForkedBooter.java:507)
	at org.apache.maven.surefire.booter.ForkedBooter.main(ForkedBooter.java:495)
]]></failure>
    <system-out><![CDATA[10:10:35.027 [main] INFO  testcases.TagFolder - Response Body: {
    "timestamp": "2023-12-16T04:40:35.079+00:00",
    "status": 404,
    "error": "Not Found",
    "message": "No tag to delete with tag,QA,Software Company.",
    "path": "/task/tag/delete/single"
}
10:10:35.041 [main] INFO  testcases.TagFolder - Message: No tag to delete with tag,QA,Software Company.
]]></system-out>
  </testcase>
  <testcase name="verifyAddPriorityWithoutAuthorization" classname="testcases.PriorityFolder" time="0.027">
    <system-out><![CDATA[10:10:35.070 [main] INFO  testcases.PriorityFolder - Response Body:

10:10:35.070 [main] INFO  testcases.PriorityFolder - Response Code: 401
10:10:35.070 [main] INFO  testcases.PriorityFolder - Response Time: 17
]]></system-out>
  </testcase>
  <testcase name="verifyGetAllPriorityWithoutAuthorization" classname="testcases.PriorityFolder" time="0.027">
    <system-out><![CDATA[10:10:35.097 [main] INFO  testcases.PriorityFolder - Status Code: 401
]]></system-out>
  </testcase>
  <testcase name="updatePriorityWithoutAuthorization" classname="testcases.PriorityFolder" time="0.031">
    <system-out><![CDATA[10:10:35.129 [main] INFO  testcases.PriorityFolder - Response Body:

10:10:35.129 [main] INFO  testcases.PriorityFolder - Response Code: 401
]]></system-out>
  </testcase>
  <testcase name="verifyAddPriorityWithAuthorization" classname="testcases.PriorityFolder" time="0.81">
    <system-out><![CDATA[10:10:35.518 [main] INFO  testcases.PriorityFolder - Response Body:
{
    "23": "Low",
    "90": "Investor",
    "94": "Internal"
}
All Keys: [23, 90, 94]
10:10:35.938 [main] INFO  testcases.PriorityFolder - Response Body: {
    "23": "Low",
    "94": "Internal"
}
10:10:35.938 [main] INFO  testcases.PriorityFolder - Status Code: 200
10:10:35.938 [main] INFO  testcases.PriorityFolder - Content Type header value is: application/json
10:10:35.938 [main] INFO  testcases.PriorityFolder - Transfer Encoding header value is: chunked
10:10:35.939 [main] INFO  testcases.PriorityFolder - Connection header value is: keep-alive
10:10:35.939 [main] INFO  testcases.PriorityFolder - Key: X-Content-Type-Options Value: nosniff
10:10:35.939 [main] INFO  testcases.PriorityFolder - Key: X-XSS-Protection Value: 0
10:10:35.939 [main] INFO  testcases.PriorityFolder - Key: Cache-Control Value: no-cache, no-store, max-age=0, must-revalidate
10:10:35.939 [main] INFO  testcases.PriorityFolder - Key: Pragma Value: no-cache
10:10:35.939 [main] INFO  testcases.PriorityFolder - Key: Expires Value: 0
10:10:35.939 [main] INFO  testcases.PriorityFolder - Key: X-Frame-Options Value: DENY
10:10:35.939 [main] INFO  testcases.PriorityFolder - Key: Content-Type Value: application/json
10:10:35.939 [main] INFO  testcases.PriorityFolder - Key: Transfer-Encoding Value: chunked
10:10:35.939 [main] INFO  testcases.PriorityFolder - Key: Date Value: Sat, 16 Dec 2023 04:40:35 GMT
10:10:35.939 [main] INFO  testcases.PriorityFolder - Key: Keep-Alive Value: timeout=60
10:10:35.939 [main] INFO  testcases.PriorityFolder - Key: Connection Value: keep-alive
10:10:35.939 [main] INFO  testcases.PriorityFolder - Response Code: 200
10:10:35.939 [main] INFO  testcases.PriorityFolder - Unexpected status code: 200
10:10:35.939 [main] INFO  testcases.PriorityFolder - Response Time: 387
10:10:35.939 [main] INFO  testcases.PriorityFolder - Content Type header value is: application/json
10:10:35.940 [main] INFO  testcases.PriorityFolder - Transfer Encoding header value is: chunked
10:10:35.940 [main] INFO  testcases.PriorityFolder - Connection header value is: keep-alive
10:10:35.940 [main] INFO  testcases.PriorityFolder - Key: X-Content-Type-Options Value: nosniff
10:10:35.940 [main] INFO  testcases.PriorityFolder - Key: X-XSS-Protection Value: 0
10:10:35.940 [main] INFO  testcases.PriorityFolder - Key: Cache-Control Value: no-cache, no-store, max-age=0, must-revalidate
10:10:35.940 [main] INFO  testcases.PriorityFolder - Key: Pragma Value: no-cache
10:10:35.940 [main] INFO  testcases.PriorityFolder - Key: Expires Value: 0
10:10:35.940 [main] INFO  testcases.PriorityFolder - Key: X-Frame-Options Value: DENY
10:10:35.940 [main] INFO  testcases.PriorityFolder - Key: Content-Type Value: application/json
10:10:35.940 [main] INFO  testcases.PriorityFolder - Key: Transfer-Encoding Value: chunked
10:10:35.940 [main] INFO  testcases.PriorityFolder - Key: Date Value: Sat, 16 Dec 2023 04:40:35 GMT
10:10:35.940 [main] INFO  testcases.PriorityFolder - Key: Keep-Alive Value: timeout=60
10:10:35.940 [main] INFO  testcases.PriorityFolder - Key: Connection Value: keep-alive
]]></system-out>
  </testcase>
  <testcase name="addPriorityWithSamePayloadAsPrevious" classname="testcases.PriorityFolder" time="0.407">
    <system-out><![CDATA[10:10:36.313 [main] INFO  testcases.PriorityFolder - Response Body:
{
    "timestamp": "2023-12-16T04:40:36.357+00:00",
    "status": 422,
    "error": "Unprocessable Entity",
    "message": "Priority Already Exits",
    "path": "/task/priority/add"
}
10:10:36.349 [main] INFO  testcases.PriorityFolder - Message: Priority Already Exits
10:10:36.349 [main] INFO  testcases.PriorityFolder - Response Code: 422
10:10:36.349 [main] INFO  testcases.PriorityFolder - Response Time: 362
]]></system-out>
  </testcase>
  <testcase name="addPriorityWithInvalidPayload" classname="testcases.PriorityFolder" time="0.613">
    <system-out><![CDATA[10:10:36.948 [main] INFO  testcases.PriorityFolder - Response Body:
{
    "timestamp": "2023-12-16T04:40:36.788+00:00",
    "status": 400,
    "error": "Bad Request",
    "message": "Fields are Missing",
    "path": "/task/priority/add"
}
10:10:36.961 [main] INFO  testcases.PriorityFolder - Message: Fields are Missing
10:10:36.961 [main] INFO  testcases.PriorityFolder - Response Code: 400
10:10:36.961 [main] INFO  testcases.PriorityFolder - Response Time: 585
]]></system-out>
  </testcase>
  <testcase name="addStatusWithSamePriorityLevelInPayloadAsPrevious" classname="testcases.PriorityFolder" time="0.448">
    <system-out><![CDATA[10:10:37.398 [main] INFO  testcases.PriorityFolder - Response Body:
{
    "timestamp": "2023-12-16T04:40:37.404+00:00",
    "status": 422,
    "error": "Unprocessable Entity",
    "message": "Priority Already Exits",
    "path": "/task/priority/add"
}
10:10:37.408 [main] INFO  testcases.PriorityFolder - Message: Priority Already Exits
10:10:37.408 [main] INFO  testcases.PriorityFolder - Response Code: 422
10:10:37.408 [main] INFO  testcases.PriorityFolder - Response Time: 429
]]></system-out>
  </testcase>
  <testcase name="verifyGetAllPriorityWithAuthorization" classname="testcases.PriorityFolder" time="0.401">
    <system-out><![CDATA[10:10:37.807 [main] INFO  testcases.PriorityFolder - Status Code: 200
10:10:37.808 [main] INFO  testcases.PriorityFolder - Response Body: {
    "23": "Low",
    "94": "Internal"
}
10:10:37.808 [main] INFO  testcases.PriorityFolder - Content Type header value is: application/json
10:10:37.809 [main] INFO  testcases.PriorityFolder - Transfer Encoding header value is: chunked
10:10:37.809 [main] INFO  testcases.PriorityFolder - Connection header value is: keep-alive
10:10:37.809 [main] INFO  testcases.PriorityFolder - Key: X-Content-Type-Options Value: nosniff
10:10:37.809 [main] INFO  testcases.PriorityFolder - Key: X-XSS-Protection Value: 0
10:10:37.809 [main] INFO  testcases.PriorityFolder - Key: Cache-Control Value: no-cache, no-store, max-age=0, must-revalidate
10:10:37.809 [main] INFO  testcases.PriorityFolder - Key: Pragma Value: no-cache
10:10:37.809 [main] INFO  testcases.PriorityFolder - Key: Expires Value: 0
10:10:37.809 [main] INFO  testcases.PriorityFolder - Key: X-Frame-Options Value: DENY
10:10:37.809 [main] INFO  testcases.PriorityFolder - Key: Content-Type Value: application/json
10:10:37.809 [main] INFO  testcases.PriorityFolder - Key: Transfer-Encoding Value: chunked
10:10:37.809 [main] INFO  testcases.PriorityFolder - Key: Date Value: Sat, 16 Dec 2023 04:40:37 GMT
10:10:37.809 [main] INFO  testcases.PriorityFolder - Key: Keep-Alive Value: timeout=60
10:10:37.809 [main] INFO  testcases.PriorityFolder - Key: Connection Value: keep-alive
]]></system-out>
  </testcase>
  <testcase name="updatePriorityWithAuthorization" classname="testcases.PriorityFolder" time="0.45">
    <failure message="expected [Global] but found [null]" type="java.lang.AssertionError"><![CDATA[java.lang.AssertionError: expected [Global] but found [null]
	at org.testng.Assert.fail(Assert.java:111)
	at org.testng.Assert.failNotEquals(Assert.java:1578)
	at org.testng.Assert.assertEqualsImpl(Assert.java:150)
	at org.testng.Assert.assertEquals(Assert.java:132)
	at org.testng.Assert.assertEquals(Assert.java:656)
	at org.testng.Assert.assertEquals(Assert.java:666)
	at testcases.PriorityFolder.updatePriorityWithAuthorization(PriorityFolder.java:301)
	at java.base/jdk.internal.reflect.NativeMethodAccessorImpl.invoke0(Native Method)
	at java.base/jdk.internal.reflect.NativeMethodAccessorImpl.invoke(NativeMethodAccessorImpl.java:77)
	at java.base/jdk.internal.reflect.DelegatingMethodAccessorImpl.invoke(DelegatingMethodAccessorImpl.java:43)
	at java.base/java.lang.reflect.Method.invoke(Method.java:568)
	at org.testng.internal.invokers.MethodInvocationHelper.invokeMethod(MethodInvocationHelper.java:139)
	at org.testng.internal.invokers.TestInvoker.invokeMethod(TestInvoker.java:664)
	at org.testng.internal.invokers.TestInvoker.invokeTestMethod(TestInvoker.java:227)
	at org.testng.internal.invokers.MethodRunner.runInSequence(MethodRunner.java:50)
	at org.testng.internal.invokers.TestInvoker$MethodInvocationAgent.invoke(TestInvoker.java:957)
	at org.testng.internal.invokers.TestInvoker.invokeTestMethods(TestInvoker.java:200)
	at org.testng.internal.invokers.TestMethodWorker.invokeTestMethods(TestMethodWorker.java:148)
	at org.testng.internal.invokers.TestMethodWorker.run(TestMethodWorker.java:128)
	at java.base/java.util.ArrayList.forEach(ArrayList.java:1511)
	at org.testng.TestRunner.privateRun(TestRunner.java:848)
	at org.testng.TestRunner.run(TestRunner.java:621)
	at org.testng.SuiteRunner.runTest(SuiteRunner.java:443)
	at org.testng.SuiteRunner.runSequentially(SuiteRunner.java:437)
	at org.testng.SuiteRunner.privateRun(SuiteRunner.java:397)
	at org.testng.SuiteRunner.run(SuiteRunner.java:336)
	at org.testng.SuiteRunnerWorker.runSuite(SuiteRunnerWorker.java:52)
	at org.testng.SuiteRunnerWorker.run(SuiteRunnerWorker.java:95)
	at org.testng.TestNG.runSuitesSequentially(TestNG.java:1280)
	at org.testng.TestNG.runSuitesLocally(TestNG.java:1200)
	at org.testng.TestNG.runSuites(TestNG.java:1114)
	at org.testng.TestNG.run(TestNG.java:1082)
	at org.apache.maven.surefire.testng.TestNGExecutor.run(TestNGExecutor.java:308)
	at org.apache.maven.surefire.testng.TestNGXmlTestSuite.execute(TestNGXmlTestSuite.java:71)
	at org.apache.maven.surefire.testng.TestNGProvider.invoke(TestNGProvider.java:113)
	at org.apache.maven.surefire.booter.ForkedBooter.runSuitesInProcess(ForkedBooter.java:385)
	at org.apache.maven.surefire.booter.ForkedBooter.execute(ForkedBooter.java:162)
	at org.apache.maven.surefire.booter.ForkedBooter.run(ForkedBooter.java:507)
	at org.apache.maven.surefire.booter.ForkedBooter.main(ForkedBooter.java:495)
]]></failure>
    <system-out><![CDATA[10:10:38.234 [main] INFO  testcases.PriorityFolder - Response Body:
{
    "timestamp": "2023-12-16T04:40:38.243+00:00",
    "status": 404,
    "error": "Not Found",
    "message": "No Priority Present For Given Id",
    "path": "/task/priority/update"
}
]]></system-out>
  </testcase>
  <testcase name="updatePriorityWithoutGivingPriorityId" classname="testcases.PriorityFolder" time="0.512">
    <system-out><![CDATA[10:10:38.759 [main] INFO  testcases.PriorityFolder - Response Body:
{
    "timestamp": "2023-12-16T04:40:38.683+00:00",
    "status": 400,
    "error": "Bad Request",
    "message": "Fields are missing",
    "path": "/task/priority/update"
}
10:10:38.773 [main] INFO  testcases.PriorityFolder - Message: Fields are missing
10:10:38.773 [main] INFO  testcases.PriorityFolder - Response Code: 400
10:10:38.773 [main] INFO  testcases.PriorityFolder - Response Time: 490
]]></system-out>
  </testcase>
  <testcase name="updatePriorityByGivingNonExistingPriorityId" classname="testcases.PriorityFolder" time="0.472">
    <system-out><![CDATA[10:10:39.245 [main] INFO  testcases.PriorityFolder - Response Body:
{
    "timestamp": "2023-12-16T04:40:39.198+00:00",
    "status": 404,
    "error": "Not Found",
    "message": "No Priority Present For Given Id",
    "path": "/task/priority/update"
}
10:10:39.245 [main] INFO  testcases.PriorityFolder - Response Code: 404
10:10:39.245 [main] INFO  testcases.PriorityFolder - Response Time: 461
]]></system-out>
  </testcase>
  <testcase name="deleteSinglePriorityWithInvalidPriorityName" classname="testcases.PriorityFolder" time="0.388">
    <failure message="expected [No priority to delete with Master2.] but found [No priority to delete with Investor,Master2.]" type="java.lang.AssertionError"><![CDATA[java.lang.AssertionError: expected [No priority to delete with Master2.] but found [No priority to delete with Investor,Master2.]
	at org.testng.Assert.fail(Assert.java:111)
	at org.testng.Assert.failNotEquals(Assert.java:1578)
	at org.testng.Assert.assertEqualsImpl(Assert.java:150)
	at org.testng.Assert.assertEquals(Assert.java:132)
	at org.testng.Assert.assertEquals(Assert.java:656)
	at org.testng.Assert.assertEquals(Assert.java:666)
	at testcases.PriorityFolder.deleteSinglePriorityWithInvalidPriorityName(PriorityFolder.java:430)
	at java.base/jdk.internal.reflect.NativeMethodAccessorImpl.invoke0(Native Method)
	at java.base/jdk.internal.reflect.NativeMethodAccessorImpl.invoke(NativeMethodAccessorImpl.java:77)
	at java.base/jdk.internal.reflect.DelegatingMethodAccessorImpl.invoke(DelegatingMethodAccessorImpl.java:43)
	at java.base/java.lang.reflect.Method.invoke(Method.java:568)
	at org.testng.internal.invokers.MethodInvocationHelper.invokeMethod(MethodInvocationHelper.java:139)
	at org.testng.internal.invokers.TestInvoker.invokeMethod(TestInvoker.java:664)
	at org.testng.internal.invokers.TestInvoker.invokeTestMethod(TestInvoker.java:227)
	at org.testng.internal.invokers.MethodRunner.runInSequence(MethodRunner.java:50)
	at org.testng.internal.invokers.TestInvoker$MethodInvocationAgent.invoke(TestInvoker.java:957)
	at org.testng.internal.invokers.TestInvoker.invokeTestMethods(TestInvoker.java:200)
	at org.testng.internal.invokers.TestMethodWorker.invokeTestMethods(TestMethodWorker.java:148)
	at org.testng.internal.invokers.TestMethodWorker.run(TestMethodWorker.java:128)
	at java.base/java.util.ArrayList.forEach(ArrayList.java:1511)
	at org.testng.TestRunner.privateRun(TestRunner.java:848)
	at org.testng.TestRunner.run(TestRunner.java:621)
	at org.testng.SuiteRunner.runTest(SuiteRunner.java:443)
	at org.testng.SuiteRunner.runSequentially(SuiteRunner.java:437)
	at org.testng.SuiteRunner.privateRun(SuiteRunner.java:397)
	at org.testng.SuiteRunner.run(SuiteRunner.java:336)
	at org.testng.SuiteRunnerWorker.runSuite(SuiteRunnerWorker.java:52)
	at org.testng.SuiteRunnerWorker.run(SuiteRunnerWorker.java:95)
	at org.testng.TestNG.runSuitesSequentially(TestNG.java:1280)
	at org.testng.TestNG.runSuitesLocally(TestNG.java:1200)
	at org.testng.TestNG.runSuites(TestNG.java:1114)
	at org.testng.TestNG.run(TestNG.java:1082)
	at org.apache.maven.surefire.testng.TestNGExecutor.run(TestNGExecutor.java:308)
	at org.apache.maven.surefire.testng.TestNGXmlTestSuite.execute(TestNGXmlTestSuite.java:71)
	at org.apache.maven.surefire.testng.TestNGProvider.invoke(TestNGProvider.java:113)
	at org.apache.maven.surefire.booter.ForkedBooter.runSuitesInProcess(ForkedBooter.java:385)
	at org.apache.maven.surefire.booter.ForkedBooter.execute(ForkedBooter.java:162)
	at org.apache.maven.surefire.booter.ForkedBooter.run(ForkedBooter.java:507)
	at org.apache.maven.surefire.booter.ForkedBooter.main(ForkedBooter.java:495)
]]></failure>
    <system-out><![CDATA[10:10:39.617 [main] INFO  testcases.PriorityFolder - Response Body: {
    "timestamp": "2023-12-16T04:40:39.668+00:00",
    "status": 404,
    "error": "Not Found",
    "message": "No priority to delete with Investor,Master2.",
    "path": "/task/priority/delete/single"
}
10:10:39.635 [main] INFO  testcases.PriorityFolder - Message: No priority to delete with Investor,Master2.
]]></system-out>
  </testcase>
</testsuite>