<?xml version="1.0" encoding="UTF-8"?>
<testng-results ignored="0" total="1" passed="1" failed="0" skipped="0">
  <reporter-output>
  </reporter-output>
  <suite started-at="2023-12-15T17:48:21 IST" name="Default suite" finished-at="2023-12-15T17:48:24 IST" duration-ms="2272">
    <groups>
    </groups>
    <test started-at="2023-12-15T17:48:21 IST" name="Default test" finished-at="2023-12-15T17:48:24 IST" duration-ms="2272">
      <class name="testcases.RoleFolder">
        <test-method is-config="true" signature="baseURL()[pri:0, instance:testcases.RoleFolder@6bc248ed]" started-at="2023-12-15T17:48:21 IST" name="baseURL" finished-at="2023-12-15T17:48:22 IST" duration-ms="404" status="PASS">
          <reporter-output>
          </reporter-output>
        </test-method> <!-- baseURL -->
        <test-method signature="getRoleByLevelWithInvalidRoleLevel()[pri:17, instance:testcases.RoleFolder@6bc248ed]" started-at="2023-12-15T17:48:22 IST" name="getRoleByLevelWithInvalidRoleLevel" finished-at="2023-12-15T17:48:23 IST" duration-ms="1756" status="PASS">
          <reporter-output>
          </reporter-output>
        </test-method> <!-- getRoleByLevelWithInvalidRoleLevel -->
      </class> <!-- testcases.RoleFolder -->
    </test> <!-- Default test -->
  </suite> <!-- Default suite -->
</testng-results>
