<?xml version="1.0" encoding="UTF-8"?>
<testng-results ignored="0" total="1" passed="1" failed="0" skipped="0">
  <reporter-output>
  </reporter-output>
  <suite started-at="2023-12-16T14:29:49 IST" name="Default suite" finished-at="2023-12-16T14:29:54 IST" duration-ms="5084">
    <groups>
    </groups>
    <test started-at="2023-12-16T14:29:49 IST" name="Default test" finished-at="2023-12-16T14:29:54 IST" duration-ms="5084">
      <class name="testcases.RegularTaskFolder">
        <test-method is-config="true" signature="baseURL()[pri:0, instance:testcases.RegularTaskFolder@5003041b]" started-at="2023-12-16T14:29:49 IST" name="baseURL" finished-at="2023-12-16T14:29:50 IST" duration-ms="645" status="PASS">
          <reporter-output>
          </reporter-output>
        </test-method> <!-- baseURL -->
        <test-method signature="verifyGetAllRegularTaskWithAuthorization()[pri:8, instance:testcases.RegularTaskFolder@5003041b]" started-at="2023-12-16T14:29:50 IST" name="verifyGetAllRegularTaskWithAuthorization" finished-at="2023-12-16T14:29:54 IST" duration-ms="4283" status="PASS">
          <reporter-output>
          </reporter-output>
        </test-method> <!-- verifyGetAllRegularTaskWithAuthorization -->
      </class> <!-- testcases.RegularTaskFolder -->
    </test> <!-- Default test -->
  </suite> <!-- Default suite -->
</testng-results>
